2021-03-20 07:19:47,183 - MainProcess[MainThread] - BrowserManager       - DEBUG   : BROWSER 1: Spawn attempt 0 
2021-03-20 07:19:47,252 - MainProcess[MainThread] - deploy_firefox       - DEBUG   : BROWSER 1: OpenWPM Firefox extension loaded
2021-03-20 07:19:49,450 - MainProcess[log-interceptor-1] - selenium_firefox     - DEBUG   : BROWSER 1: driver: 1616249987282	geckodriver	INFO	Listening on 127.0.0.1:58188
2021-03-20 07:19:49,451 - MainProcess[log-interceptor-1] - selenium_firefox     - DEBUG   : BROWSER 1: driver: 1616249988470	mozprofile::profile	INFO	Using profile path /var/folders/dk/3yxy72jj5j7flsn_p3dwxyz80000gn/T/rust_mozprofile.H7FfCPFws672
2021-03-20 07:19:49,451 - MainProcess[log-interceptor-1] - selenium_firefox     - DEBUG   : BROWSER 1: driver: 1616249988494	geckodriver::marionette	INFO	Starting browser /Users/rayngan/Desktop/FPResearch/OpenWPM/Firefox.app/Contents/MacOS/firefox-bin with args []
2021-03-20 07:19:49,451 - MainProcess[log-interceptor-1] - selenium_firefox     - DEBUG   : BROWSER 1: driver: 1616249988504	geckodriver::marionette	INFO	Connecting to Marionette on localhost:58285
2021-03-20 07:19:49,452 - MainProcess[log-interceptor-1] - selenium_firefox     - DEBUG   : BROWSER 1: driver: 1616249988972	addons.manager	DEBUG	Application has been upgraded
2021-03-20 07:19:49,452 - MainProcess[log-interceptor-1] - selenium_firefox     - DEBUG   : BROWSER 1: driver: 1616249989030	addons.manager	DEBUG	Loaded provider scope for resource://gre/modules/addons/XPIProvider.jsm: ["XPIProvider"]
2021-03-20 07:19:49,452 - MainProcess[log-interceptor-1] - selenium_firefox     - DEBUG   : BROWSER 1: driver: 1616249989032	addons.manager	DEBUG	Loaded provider scope for resource://gre/modules/LightweightThemeManager.jsm: ["LightweightThemeManager"]
2021-03-20 07:19:49,452 - MainProcess[log-interceptor-1] - selenium_firefox     - DEBUG   : BROWSER 1: driver: 1616249989038	addons.manager	DEBUG	Loaded provider scope for resource://gre/modules/addons/GMPProvider.jsm
2021-03-20 07:19:49,452 - MainProcess[log-interceptor-1] - selenium_firefox     - DEBUG   : BROWSER 1: driver: 1616249989042	addons.manager	DEBUG	Loaded provider scope for resource://gre/modules/addons/PluginProvider.jsm
2021-03-20 07:19:49,452 - MainProcess[log-interceptor-1] - selenium_firefox     - DEBUG   : BROWSER 1: driver: 1616249989044	addons.manager	DEBUG	Starting provider: XPIProvider
2021-03-20 07:19:49,452 - MainProcess[log-interceptor-1] - selenium_firefox     - DEBUG   : BROWSER 1: driver: 1616249989044	addons.xpi	DEBUG	startup
2021-03-20 07:19:49,452 - MainProcess[log-interceptor-1] - selenium_firefox     - DEBUG   : BROWSER 1: driver: 1616249989044	addons.xpi	INFO	Mapping @openwpm to /var/folders/dk/3yxy72jj5j7flsn_p3dwxyz80000gn/T/rust_mozprofile.H7FfCPFws672/extensions/@openwpm
2021-03-20 07:19:49,453 - MainProcess[log-interceptor-1] - selenium_firefox     - DEBUG   : BROWSER 1: driver: 1616249989044	addons.xpi	INFO	SystemAddonInstallLocation directory is missing
2021-03-20 07:19:49,453 - MainProcess[log-interceptor-1] - selenium_firefox     - DEBUG   : BROWSER 1: driver: 1616249989046	addons.xpi	INFO	Mapping webcompat@mozilla.org to /Users/rayngan/Desktop/FPResearch/OpenWPM/Firefox.app/Contents/Resources/browser/features/webcompat@mozilla.org.xpi
2021-03-20 07:19:49,453 - MainProcess[log-interceptor-1] - selenium_firefox     - DEBUG   : BROWSER 1: driver: 1616249989046	addons.xpi	INFO	Mapping firefox@getpocket.com to /Users/rayngan/Desktop/FPResearch/OpenWPM/Firefox.app/Contents/Resources/browser/features/firefox@getpocket.com.xpi
2021-03-20 07:19:49,453 - MainProcess[log-interceptor-1] - selenium_firefox     - DEBUG   : BROWSER 1: driver: 1616249989046	addons.xpi	INFO	Mapping aushelper@mozilla.org to /Users/rayngan/Desktop/FPResearch/OpenWPM/Firefox.app/Contents/Resources/browser/features/aushelper@mozilla.org.xpi
2021-03-20 07:19:49,453 - MainProcess[log-interceptor-1] - selenium_firefox     - DEBUG   : BROWSER 1: driver: 1616249989046	addons.xpi	INFO	Mapping e10srollout@mozilla.org to /Users/rayngan/Desktop/FPResearch/OpenWPM/Firefox.app/Contents/Resources/browser/features/e10srollout@mozilla.org.xpi
2021-03-20 07:19:49,453 - MainProcess[log-interceptor-1] - selenium_firefox     - DEBUG   : BROWSER 1: driver: 1616249989046	addons.xpi	INFO	Mapping {972ce4c6-7e08-4474-a285-3208198ce6fd} to /Users/rayngan/Desktop/FPResearch/OpenWPM/Firefox.app/Contents/Resources/browser/extensions/{972ce4c6-7e08-4474-a285-3208198ce6fd}.xpi
2021-03-20 07:19:49,453 - MainProcess[log-interceptor-1] - selenium_firefox     - DEBUG   : BROWSER 1: driver: 1616249989048	addons.xpi	DEBUG	checkForChanges
2021-03-20 07:19:49,454 - MainProcess[log-interceptor-1] - selenium_firefox     - DEBUG   : BROWSER 1: driver: 1616249989048	addons.xpi	INFO	SystemAddonInstallLocation directory is missing
2021-03-20 07:19:49,454 - MainProcess[log-interceptor-1] - selenium_firefox     - DEBUG   : BROWSER 1: driver: 1616249989048	addons.xpi	DEBUG	Loaded add-on state from prefs: {}
2021-03-20 07:19:49,454 - MainProcess[log-interceptor-1] - selenium_firefox     - DEBUG   : BROWSER 1: driver: 1616249989048	addons.xpi	DEBUG	New add-on @openwpm in app-profile
2021-03-20 07:19:49,454 - MainProcess[log-interceptor-1] - selenium_firefox     - DEBUG   : BROWSER 1: driver: 1616249989050	addons.xpi	DEBUG	getModTime: Recursive scan of @openwpm
2021-03-20 07:19:49,454 - MainProcess[log-interceptor-1] - selenium_firefox     - DEBUG   : BROWSER 1: driver: 1616249989052	addons.xpi	DEBUG	New add-on webcompat@mozilla.org in app-system-defaults
2021-03-20 07:19:49,454 - MainProcess[log-interceptor-1] - selenium_firefox     - DEBUG   : BROWSER 1: driver: 1616249989052	addons.xpi	DEBUG	getModTime: Recursive scan of webcompat@mozilla.org
2021-03-20 07:19:49,454 - MainProcess[log-interceptor-1] - selenium_firefox     - DEBUG   : BROWSER 1: driver: 1616249989052	addons.xpi	DEBUG	New add-on firefox@getpocket.com in app-system-defaults
2021-03-20 07:19:49,455 - MainProcess[log-interceptor-1] - selenium_firefox     - DEBUG   : BROWSER 1: driver: 1616249989052	addons.xpi	DEBUG	getModTime: Recursive scan of firefox@getpocket.com
2021-03-20 07:19:49,455 - MainProcess[log-interceptor-1] - selenium_firefox     - DEBUG   : BROWSER 1: driver: 1616249989054	addons.xpi	DEBUG	New add-on aushelper@mozilla.org in app-system-defaults
2021-03-20 07:19:49,455 - MainProcess[log-interceptor-1] - selenium_firefox     - DEBUG   : BROWSER 1: driver: 1616249989054	addons.xpi	DEBUG	getModTime: Recursive scan of aushelper@mozilla.org
2021-03-20 07:19:49,455 - MainProcess[log-interceptor-1] - selenium_firefox     - DEBUG   : BROWSER 1: driver: 1616249989054	addons.xpi	DEBUG	New add-on e10srollout@mozilla.org in app-system-defaults
2021-03-20 07:19:49,456 - MainProcess[log-interceptor-1] - selenium_firefox     - DEBUG   : BROWSER 1: driver: 1616249989054	addons.xpi	DEBUG	getModTime: Recursive scan of e10srollout@mozilla.org
2021-03-20 07:19:49,456 - MainProcess[log-interceptor-1] - selenium_firefox     - DEBUG   : BROWSER 1: driver: 1616249989054	addons.xpi	DEBUG	New add-on {972ce4c6-7e08-4474-a285-3208198ce6fd} in app-global
2021-03-20 07:19:49,456 - MainProcess[log-interceptor-1] - selenium_firefox     - DEBUG   : BROWSER 1: driver: 1616249989054	addons.xpi	DEBUG	getModTime: Recursive scan of {972ce4c6-7e08-4474-a285-3208198ce6fd}
2021-03-20 07:19:49,456 - MainProcess[log-interceptor-1] - selenium_firefox     - DEBUG   : BROWSER 1: driver: 1616249989054	addons.xpi	DEBUG	getInstallState changed: true, state: {"app-profile":{"@openwpm":{"d":"/var/folders/dk/3yxy72jj5j7flsn_p3dwxyz80000gn/T/rust_mozprofile.H7FfCPFws672/extensions/@openwpm","st":1616249988476,"mt":1616249988472}},"app-system-defaults":{"webcompat@mozilla.org":{"d":"/Users/rayngan/Desktop/FPResearch/OpenWPM/Firefox.app/Contents/Resources/browser/features/webcompat@mozilla.org.xpi","st":1615228600950},"firefox@getpocket.com":{"d":"/Users/rayngan/Desktop/FPResearch/OpenWPM/Firefox.app/Contents/Resources/browser/features/firefox@getpocket.com.xpi","st":1615228600950},"aushelper@mozilla.org":{"d":"/Users/rayngan/Desktop/FPResearch/OpenWPM/Firefox.app/Contents/Resources/browser/features/aushelper@mozilla.org.xpi","st":1615228600925},"e10srollout@mozilla.org":{"d":"/Users/rayngan/Desktop/FPResearch/OpenWPM/Firefox.app/Contents/Resources/browser/features/e10srollout@mozilla.org.xpi","st":1615228600925}},"app-global":{"{972ce4c6-7e08-4474-a285-3208198ce6fd}":{"d":"/Users/rayngan/Desktop/FPResearch/OpenWPM/Firefox.app/Contents/Resources/browser/extensions/{972ce4c6-7e08-4474-a285-3208198ce6fd}.xpi","st":1615228600924}}}
2021-03-20 07:19:49,456 - MainProcess[log-interceptor-1] - selenium_firefox     - DEBUG   : BROWSER 1: driver: 1616249989064	addons.xpi-utils	DEBUG	Opening XPI database /var/folders/dk/3yxy72jj5j7flsn_p3dwxyz80000gn/T/rust_mozprofile.H7FfCPFws672/extensions.json
2021-03-20 07:19:49,456 - MainProcess[log-interceptor-1] - selenium_firefox     - DEBUG   : BROWSER 1: driver: 1616249989064	addons.xpi-utils	DEBUG	New add-on @openwpm installed in app-profile
2021-03-20 07:19:49,456 - MainProcess[log-interceptor-1] - selenium_firefox     - DEBUG   : BROWSER 1: driver: *** Blocklist::_loadBlocklistFromFile: blocklist is disabled
2021-03-20 07:19:49,457 - MainProcess[log-interceptor-1] - selenium_firefox     - DEBUG   : BROWSER 1: driver: 1616249989178	DeferredSave.extensions.json	DEBUG	Save changes
2021-03-20 07:19:49,457 - MainProcess[log-interceptor-1] - selenium_firefox     - DEBUG   : BROWSER 1: driver: 1616249989180	addons.xpi-utils	DEBUG	New add-on webcompat@mozilla.org installed in app-system-defaults
2021-03-20 07:19:49,457 - MainProcess[log-interceptor-1] - selenium_firefox     - DEBUG   : BROWSER 1: driver: 1616249989184	DeferredSave.extensions.json	DEBUG	Starting timer
2021-03-20 07:19:49,457 - MainProcess[log-interceptor-1] - selenium_firefox     - DEBUG   : BROWSER 1: driver: 1616249989188	DeferredSave.extensions.json	DEBUG	Save changes
2021-03-20 07:19:49,457 - MainProcess[log-interceptor-1] - selenium_firefox     - DEBUG   : BROWSER 1: driver: 1616249989188	addons.xpi-utils	DEBUG	New add-on firefox@getpocket.com installed in app-system-defaults
2021-03-20 07:19:49,457 - MainProcess[log-interceptor-1] - selenium_firefox     - DEBUG   : BROWSER 1: driver: 1616249989210	DeferredSave.extensions.json	DEBUG	Save changes
2021-03-20 07:19:49,458 - MainProcess[log-interceptor-1] - selenium_firefox     - DEBUG   : BROWSER 1: driver: 1616249989212	addons.xpi-utils	DEBUG	New add-on aushelper@mozilla.org installed in app-system-defaults
2021-03-20 07:19:49,458 - MainProcess[log-interceptor-1] - selenium_firefox     - DEBUG   : BROWSER 1: driver: 1616249989218	DeferredSave.extensions.json	DEBUG	Save changes
2021-03-20 07:19:49,458 - MainProcess[log-interceptor-1] - selenium_firefox     - DEBUG   : BROWSER 1: driver: 1616249989220	addons.xpi-utils	DEBUG	New add-on e10srollout@mozilla.org installed in app-system-defaults
2021-03-20 07:19:49,458 - MainProcess[log-interceptor-1] - selenium_firefox     - DEBUG   : BROWSER 1: driver: 1616249989242	DeferredSave.extensions.json	DEBUG	Starting write
2021-03-20 07:19:49,459 - MainProcess[log-interceptor-1] - selenium_firefox     - DEBUG   : BROWSER 1: driver: 1616249989262	DeferredSave.extensions.json	DEBUG	Save changes
2021-03-20 07:19:49,459 - MainProcess[log-interceptor-1] - selenium_firefox     - DEBUG   : BROWSER 1: driver: 1616249989262	DeferredSave.extensions.json	DEBUG	Data changed while write in progress
2021-03-20 07:19:49,459 - MainProcess[log-interceptor-1] - selenium_firefox     - DEBUG   : BROWSER 1: driver: 1616249989262	addons.xpi-utils	DEBUG	New add-on {972ce4c6-7e08-4474-a285-3208198ce6fd} installed in app-global
2021-03-20 07:19:49,459 - MainProcess[log-interceptor-1] - selenium_firefox     - DEBUG   : BROWSER 1: driver: 1616249989272	DeferredSave.extensions.json	DEBUG	Save changes
2021-03-20 07:19:49,459 - MainProcess[log-interceptor-1] - selenium_firefox     - DEBUG   : BROWSER 1: driver: 1616249989274	addons.manager	DEBUG	Registering startup change 'installed' for @openwpm
2021-03-20 07:19:49,460 - MainProcess[log-interceptor-1] - selenium_firefox     - DEBUG   : BROWSER 1: driver: 1616249989274	addons.manager	DEBUG	Registering startup change 'installed' for @openwpm
2021-03-20 07:19:49,460 - MainProcess[log-interceptor-1] - selenium_firefox     - DEBUG   : BROWSER 1: driver: 1616249989296	addons.xpi	DEBUG	Loading bootstrap scope from /var/folders/dk/3yxy72jj5j7flsn_p3dwxyz80000gn/T/rust_mozprofile.H7FfCPFws672/extensions/@openwpm
2021-03-20 07:19:49,460 - MainProcess[log-interceptor-1] - selenium_firefox     - DEBUG   : BROWSER 1: driver: 1616249989402	addons.xpi	DEBUG	Calling bootstrap method install on @openwpm version 0.0.1
2021-03-20 07:19:49,460 - MainProcess[log-interceptor-1] - selenium_firefox     - DEBUG   : BROWSER 1: driver: 1616249989402	addons.xpi-utils	DEBUG	Make addon app-profile:@openwpm visible
2021-03-20 07:19:49,460 - MainProcess[log-interceptor-1] - selenium_firefox     - DEBUG   : BROWSER 1: driver: 1616249989432	addons.xpi	DEBUG	Add-on @openwpm blocks e10s rollout.
2021-03-20 07:19:49,460 - MainProcess[log-interceptor-1] - selenium_firefox     - DEBUG   : BROWSER 1: driver: 1616249989432	DeferredSave.extensions.json	DEBUG	Save changes
2021-03-20 07:19:49,460 - MainProcess[log-interceptor-1] - selenium_firefox     - DEBUG   : BROWSER 1: driver: 1616249989434	addons.manager	DEBUG	Registering startup change 'installed' for webcompat@mozilla.org
2021-03-20 07:19:49,460 - MainProcess[log-interceptor-1] - selenium_firefox     - DEBUG   : BROWSER 1: driver: 1616249989434	addons.xpi	DEBUG	Loading bootstrap scope from /Users/rayngan/Desktop/FPResearch/OpenWPM/Firefox.app/Contents/Resources/browser/features/webcompat@mozilla.org.xpi
2021-03-20 07:19:49,460 - MainProcess[log-interceptor-1] - selenium_firefox     - DEBUG   : BROWSER 1: driver: 1616249989436	addons.xpi	DEBUG	Calling bootstrap method install on webcompat@mozilla.org version 1.0
2021-03-20 07:19:49,461 - MainProcess[log-interceptor-1] - selenium_firefox     - DEBUG   : BROWSER 1: driver: 1616249989436	addons.xpi-utils	DEBUG	Make addon app-system-defaults:webcompat@mozilla.org visible
2021-03-20 07:19:49,462 - MainProcess[log-interceptor-1] - selenium_firefox     - DEBUG   : BROWSER 1: driver: 1616249989438	addons.xpi	DEBUG	Add-on @openwpm blocks e10s rollout.
2021-03-20 07:19:49,462 - MainProcess[log-interceptor-1] - selenium_firefox     - DEBUG   : BROWSER 1: driver: 1616249989438	DeferredSave.extensions.json	DEBUG	Save changes
2021-03-20 07:19:49,462 - MainProcess[log-interceptor-1] - selenium_firefox     - DEBUG   : BROWSER 1: driver: 1616249989438	addons.manager	DEBUG	Registering startup change 'installed' for firefox@getpocket.com
2021-03-20 07:19:49,462 - MainProcess[log-interceptor-1] - selenium_firefox     - DEBUG   : BROWSER 1: driver: 1616249989440	addons.xpi	DEBUG	Loading bootstrap scope from /Users/rayngan/Desktop/FPResearch/OpenWPM/Firefox.app/Contents/Resources/browser/features/firefox@getpocket.com.xpi
2021-03-20 07:19:49,462 - MainProcess[log-interceptor-1] - selenium_firefox     - DEBUG   : BROWSER 1: driver: 1616249989444	addons.xpi	DEBUG	Calling bootstrap method install on firefox@getpocket.com version 1.0.5
2021-03-20 07:19:49,462 - MainProcess[log-interceptor-1] - selenium_firefox     - DEBUG   : BROWSER 1: driver: 1616249989444	addons.xpi-utils	DEBUG	Make addon app-system-defaults:firefox@getpocket.com visible
2021-03-20 07:19:49,462 - MainProcess[log-interceptor-1] - selenium_firefox     - DEBUG   : BROWSER 1: driver: 1616249989444	addons.xpi	DEBUG	Add-on @openwpm blocks e10s rollout.
2021-03-20 07:19:49,462 - MainProcess[log-interceptor-1] - selenium_firefox     - DEBUG   : BROWSER 1: driver: 1616249989444	DeferredSave.extensions.json	DEBUG	Save changes
2021-03-20 07:19:49,463 - MainProcess[log-interceptor-1] - selenium_firefox     - DEBUG   : BROWSER 1: driver: 1616249989444	addons.manager	DEBUG	Registering startup change 'installed' for aushelper@mozilla.org
2021-03-20 07:19:49,463 - MainProcess[log-interceptor-1] - selenium_firefox     - DEBUG   : BROWSER 1: driver: 1616249989444	addons.xpi	DEBUG	Loading bootstrap scope from /Users/rayngan/Desktop/FPResearch/OpenWPM/Firefox.app/Contents/Resources/browser/features/aushelper@mozilla.org.xpi
2021-03-20 07:19:49,487 - MainProcess[log-interceptor-1] - selenium_firefox     - DEBUG   : BROWSER 1: driver: 1616249989448	addons.xpi	DEBUG	Calling bootstrap method install on aushelper@mozilla.org version 2.0
2021-03-20 07:19:49,487 - MainProcess[log-interceptor-1] - selenium_firefox     - DEBUG   : BROWSER 1: driver: 1616249989448	addons.xpi-utils	DEBUG	Make addon app-system-defaults:aushelper@mozilla.org visible
2021-03-20 07:19:49,487 - MainProcess[log-interceptor-1] - selenium_firefox     - DEBUG   : BROWSER 1: driver: 1616249989448	addons.xpi	DEBUG	Add-on @openwpm blocks e10s rollout.
2021-03-20 07:19:49,487 - MainProcess[log-interceptor-1] - selenium_firefox     - DEBUG   : BROWSER 1: driver: 1616249989448	DeferredSave.extensions.json	DEBUG	Save changes
2021-03-20 07:19:49,487 - MainProcess[log-interceptor-1] - selenium_firefox     - DEBUG   : BROWSER 1: driver: 1616249989448	addons.manager	DEBUG	Registering startup change 'installed' for e10srollout@mozilla.org
2021-03-20 07:19:49,488 - MainProcess[log-interceptor-1] - selenium_firefox     - DEBUG   : BROWSER 1: driver: 1616249989448	addons.xpi	DEBUG	Loading bootstrap scope from /Users/rayngan/Desktop/FPResearch/OpenWPM/Firefox.app/Contents/Resources/browser/features/e10srollout@mozilla.org.xpi
2021-03-20 07:19:49,488 - MainProcess[log-interceptor-1] - selenium_firefox     - DEBUG   : BROWSER 1: driver: 1616249989450	addons.xpi	DEBUG	Calling bootstrap method install on e10srollout@mozilla.org version 1.10
2021-03-20 07:19:49,488 - MainProcess[log-interceptor-1] - selenium_firefox     - DEBUG   : BROWSER 1: driver: 1616249989452	addons.xpi	DEBUG	Add-on @openwpm blocks e10s rollout.
2021-03-20 07:19:49,488 - MainProcess[log-interceptor-1] - selenium_firefox     - DEBUG   : BROWSER 1: driver: 1616249989452	addons.xpi	DEBUG	Add-on @openwpm blocks e10s rollout.
2021-03-20 07:19:49,488 - MainProcess[log-interceptor-1] - selenium_firefox     - DEBUG   : BROWSER 1: driver: 1616249989454	addons.xpi-utils	DEBUG	Make addon app-system-defaults:e10srollout@mozilla.org visible
2021-03-20 07:19:49,489 - MainProcess[log-interceptor-1] - selenium_firefox     - DEBUG   : BROWSER 1: driver: 1616249989454	addons.xpi	DEBUG	Add-on @openwpm blocks e10s rollout.
2021-03-20 07:19:49,489 - MainProcess[log-interceptor-1] - selenium_firefox     - DEBUG   : BROWSER 1: driver: 1616249989454	DeferredSave.extensions.json	DEBUG	Save changes
2021-03-20 07:19:49,489 - MainProcess[log-interceptor-1] - selenium_firefox     - DEBUG   : BROWSER 1: driver: 1616249989454	addons.xpi-utils	DEBUG	Make addon app-global:{972ce4c6-7e08-4474-a285-3208198ce6fd} visible
2021-03-20 07:19:49,489 - MainProcess[log-interceptor-1] - selenium_firefox     - DEBUG   : BROWSER 1: driver: 1616249989454	addons.xpi	DEBUG	Add-on @openwpm blocks e10s rollout.
2021-03-20 07:19:49,489 - MainProcess[log-interceptor-1] - selenium_firefox     - DEBUG   : BROWSER 1: driver: 1616249989454	DeferredSave.extensions.json	DEBUG	Save changes
2021-03-20 07:19:49,489 - MainProcess[log-interceptor-1] - selenium_firefox     - DEBUG   : BROWSER 1: driver: 1616249989456	addons.xpi	DEBUG	Updating XPIState for {"id":"@openwpm","syncGUID":"{f9d4ac5c-20ae-a444-92c3-1b4690296624}","location":"app-profile","version":"0.0.1","type":"extension","internalName":null,"updateURL":null,"updateKey":null,"optionsURL":null,"optionsType":null,"aboutURL":null,"icons":{},"iconURL":null,"icon64URL":null,"defaultLocale":{"name":"openwpm","description":"Extension with socket interface into OpenWPM","creator":"Steven Englehardt","homepageURL":null},"visible":true,"active":true,"userDisabled":false,"appDisabled":false,"descriptor":"/var/folders/dk/3yxy72jj5j7flsn_p3dwxyz80000gn/T/rust_mozprofile.H7FfCPFws672/extensions/@openwpm","installDate":1616249988476,"updateDate":1616249988476,"applyBackgroundUpdates":1,"bootstrap":true,"skinnable":false,"size":102064,"sourceURI":null,"releaseNotesURI":null,"softDisabled":false,"foreignInstall":true,"hasBinaryComponents":false,"strictCompatibility":false,"locales":[],"targetApplications":[{"id":"{ec8030f7-c20a-464f-9b0e-13a3a9e97384}","minVersion":"38.0a1","maxVersion":"*"}],"targetPlatforms":[],"multiprocessCompatible":false,"signedState":0,"seen":true,"dependencies":[],"hasEmbeddedWebExtension":false,"mpcOptedOut":false}
2021-03-20 07:19:49,489 - MainProcess[log-interceptor-1] - selenium_firefox     - DEBUG   : BROWSER 1: driver: 1616249989456	addons.xpi	DEBUG	getModTime: Recursive scan of @openwpm
2021-03-20 07:19:49,489 - MainProcess[log-interceptor-1] - selenium_firefox     - DEBUG   : BROWSER 1: driver: 1616249989458	addons.xpi	DEBUG	Updating XPIState for {"id":"webcompat@mozilla.org","syncGUID":"{e38b3757-3154-5e4e-b625-9a00f97f7de6}","location":"app-system-defaults","version":"1.0","type":"extension","internalName":null,"updateURL":null,"updateKey":null,"optionsURL":null,"optionsType":null,"aboutURL":null,"icons":{},"iconURL":null,"icon64URL":null,"defaultLocale":{"name":"Web Compat","description":"Urgent post-release fixes for web compatibility.","creator":null,"homepageURL":null},"visible":true,"active":true,"userDisabled":false,"appDisabled":false,"descriptor":"/Users/rayngan/Desktop/FPResearch/OpenWPM/Firefox.app/Contents/Resources/browser/features/webcompat@mozilla.org.xpi","installDate":1615228600950,"updateDate":1615228600950,"applyBackgroundUpdates":1,"bootstrap":true,"skinnable":false,"size":1456,"sourceURI":null,"releaseNotesURI":null,"softDisabled":false,"foreignInstall":false,"hasBinaryComponents":false,"strictCompatibility":false,"locales":[],"targetApplications":[{"id":"{ec8030f7-c20a-464f-9b0e-13a3a9e97384}","minVersion":"52.9.0","maxVersion":"52.*"}],"targetPlatforms":[],"multiprocessCompatible":true,"seen":true,"dependencies":[],"hasEmbeddedWebExtension":false,"mpcOptedOut":false}
2021-03-20 07:19:49,490 - MainProcess[log-interceptor-1] - selenium_firefox     - DEBUG   : BROWSER 1: driver: 1616249989458	addons.xpi	DEBUG	getModTime: Recursive scan of webcompat@mozilla.org
2021-03-20 07:19:49,490 - MainProcess[log-interceptor-1] - selenium_firefox     - DEBUG   : BROWSER 1: driver: 1616249989458	addons.xpi	DEBUG	Updating XPIState for {"id":"firefox@getpocket.com","syncGUID":"{d5cb1f21-4da0-3142-94ba-c5e6f95af68e}","location":"app-system-defaults","version":"1.0.5","type":"extension","internalName":null,"updateURL":null,"updateKey":null,"optionsURL":null,"optionsType":null,"aboutURL":null,"icons":{},"iconURL":null,"icon64URL":null,"defaultLocale":{"name":"Pocket","description":"When you find something you want to view later, put it in Pocket.","creator":null,"homepageURL":null},"visible":true,"active":true,"userDisabled":false,"appDisabled":false,"descriptor":"/Users/rayngan/Desktop/FPResearch/OpenWPM/Firefox.app/Contents/Resources/browser/features/firefox@getpocket.com.xpi","installDate":1615228600950,"updateDate":1615228600950,"applyBackgroundUpdates":1,"bootstrap":true,"skinnable":false,"size":920281,"sourceURI":null,"releaseNotesURI":null,"softDisabled":false,"foreignInstall":false,"hasBinaryComponents":false,"strictCompatibility":false,"locales":[],"targetApplications":[{"id":"{ec8030f7-c20a-464f-9b0e-13a3a9e97384}","minVersion":"52.9.0","maxVersion":"52.*"}],"targetPlatforms":[],"multiprocessCompatible":true,"seen":true,"dependencies":[],"hasEmbeddedWebExtension":false,"mpcOptedOut":false}
2021-03-20 07:19:49,490 - MainProcess[log-interceptor-1] - selenium_firefox     - DEBUG   : BROWSER 1: driver: 1616249989458	addons.xpi	DEBUG	getModTime: Recursive scan of firefox@getpocket.com
2021-03-20 07:19:49,490 - MainProcess[log-interceptor-1] - selenium_firefox     - DEBUG   : BROWSER 1: driver: 1616249989460	addons.xpi	DEBUG	Updating XPIState for {"id":"aushelper@mozilla.org","syncGUID":"{922feeda-70e8-9e4f-98ea-e5aa2f9e7b22}","location":"app-system-defaults","version":"2.0","type":"extension","internalName":null,"updateURL":null,"updateKey":null,"optionsURL":null,"optionsType":null,"aboutURL":null,"icons":{},"iconURL":null,"icon64URL":null,"defaultLocale":{"name":"Application Update Service Helper","description":"Sets value(s) in the update url based on custom checks.","creator":null,"homepageURL":null},"visible":true,"active":true,"userDisabled":false,"appDisabled":false,"descriptor":"/Users/rayngan/Desktop/FPResearch/OpenWPM/Firefox.app/Contents/Resources/browser/features/aushelper@mozilla.org.xpi","installDate":1615228600925,"updateDate":1615228600925,"applyBackgroundUpdates":1,"bootstrap":true,"skinnable":false,"size":8488,"sourceURI":null,"releaseNotesURI":null,"softDisabled":false,"foreignInstall":false,"hasBinaryComponents":false,"strictCompatibility":false,"locales":[],"targetApplications":[{"id":"{ec8030f7-c20a-464f-9b0e-13a3a9e97384}","minVersion":"52.9.0","maxVersion":"52.*"}],"targetPlatforms":[],"multiprocessCompatible":true,"seen":true,"dependencies":[],"hasEmbeddedWebExtension":false,"mpcOptedOut":false}
2021-03-20 07:19:49,490 - MainProcess[log-interceptor-1] - selenium_firefox     - DEBUG   : BROWSER 1: driver: 1616249989460	addons.xpi	DEBUG	getModTime: Recursive scan of aushelper@mozilla.org
2021-03-20 07:19:49,490 - MainProcess[log-interceptor-1] - selenium_firefox     - DEBUG   : BROWSER 1: driver: 1616249989460	addons.xpi	DEBUG	Updating XPIState for {"id":"e10srollout@mozilla.org","syncGUID":"{29cfd552-8a9a-5540-8f82-ab7860b250cb}","location":"app-system-defaults","version":"1.10","type":"extension","internalName":null,"updateURL":null,"updateKey":null,"optionsURL":null,"optionsType":null,"aboutURL":null,"icons":{},"iconURL":null,"icon64URL":null,"defaultLocale":{"name":"Multi-process staged rollout","description":"Staged rollout of Firefox multi-process feature.","creator":null,"homepageURL":null},"visible":true,"active":true,"userDisabled":false,"appDisabled":false,"descriptor":"/Users/rayngan/Desktop/FPResearch/OpenWPM/Firefox.app/Contents/Resources/browser/features/e10srollout@mozilla.org.xpi","installDate":1615228600925,"updateDate":1615228600925,"applyBackgroundUpdates":1,"bootstrap":true,"skinnable":false,"size":8145,"sourceURI":null,"releaseNotesURI":null,"softDisabled":false,"foreignInstall":false,"hasBinaryComponents":false,"strictCompatibility":false,"locales":[],"targetApplications":[{"id":"{ec8030f7-c20a-464f-9b0e-13a3a9e97384}","minVersion":"52.9.0","maxVersion":"52.*"}],"targetPlatforms":[],"multiprocessCompatible":true,"seen":true,"dependencies":[],"hasEmbeddedWebExtension":false,"mpcOptedOut":false}
2021-03-20 07:19:49,490 - MainProcess[log-interceptor-1] - selenium_firefox     - DEBUG   : BROWSER 1: driver: 1616249989460	addons.xpi	DEBUG	getModTime: Recursive scan of e10srollout@mozilla.org
2021-03-20 07:19:49,491 - MainProcess[log-interceptor-1] - selenium_firefox     - DEBUG   : BROWSER 1: driver: 1616249989462	addons.xpi	DEBUG	Updating XPIState for {"id":"{972ce4c6-7e08-4474-a285-3208198ce6fd}","syncGUID":"{d7739729-c773-a54f-91f1-50130cb09c25}","location":"app-global","version":"52.9.0","type":"theme","internalName":"classic/1.0","updateURL":null,"updateKey":null,"optionsURL":null,"optionsType":null,"aboutURL":null,"icons":{"32":"icon.png","48":"icon.png"},"iconURL":null,"icon64URL":null,"defaultLocale":{"name":"Default","description":"The default theme.","creator":"Mozilla","homepageURL":null,"contributors":["Mozilla Contributors"]},"visible":true,"active":true,"userDisabled":false,"appDisabled":false,"descriptor":"/Users/rayngan/Desktop/FPResearch/OpenWPM/Firefox.app/Contents/Resources/browser/extensions/{972ce4c6-7e08-4474-a285-3208198ce6fd}.xpi","installDate":1615228600924,"updateDate":1615228600924,"applyBackgroundUpdates":1,"skinnable":true,"size":6352,"sourceURI":null,"releaseNotesURI":null,"softDisabled":false,"foreignInstall":false,"hasBinaryComponents":false,"strictCompatibility":true,"locales":[],"targetApplications":[{"id":"{ec8030f7-c20a-464f-9b0e-13a3a9e97384}","minVersion":"52.9.0","maxVersion":"52.9.0"}],"targetPlatforms":[],"seen":true,"dependencies":[],"hasEmbeddedWebExtension":false}
2021-03-20 07:19:49,491 - MainProcess[log-interceptor-1] - selenium_firefox     - DEBUG   : BROWSER 1: driver: 1616249989462	addons.xpi	DEBUG	getModTime: Recursive scan of {972ce4c6-7e08-4474-a285-3208198ce6fd}
2021-03-20 07:19:49,491 - MainProcess[log-interceptor-1] - selenium_firefox     - DEBUG   : BROWSER 1: driver: 1616249989464	addons.xpi	DEBUG	Add-on @openwpm blocks e10s rollout.
2021-03-20 07:19:49,491 - MainProcess[log-interceptor-1] - selenium_firefox     - DEBUG   : BROWSER 1: driver: 1616249989464	DeferredSave.extensions.json	DEBUG	Save changes
2021-03-20 07:19:49,491 - MainProcess[log-interceptor-1] - selenium_firefox     - DEBUG   : BROWSER 1: driver: 1616249989464	addons.xpi	DEBUG	Updating database with changes to installed add-ons
2021-03-20 07:19:49,491 - MainProcess[log-interceptor-1] - selenium_firefox     - DEBUG   : BROWSER 1: driver: 1616249989464	addons.xpi-utils	DEBUG	Updating add-on states
2021-03-20 07:19:49,491 - MainProcess[log-interceptor-1] - selenium_firefox     - DEBUG   : BROWSER 1: driver: 1616249989464	addons.xpi-utils	DEBUG	Writing add-ons list
2021-03-20 07:19:49,491 - MainProcess[log-interceptor-1] - selenium_firefox     - DEBUG   : BROWSER 1: driver: 1616249989468	addons.xpi	DEBUG	Registering manifest for /var/folders/dk/3yxy72jj5j7flsn_p3dwxyz80000gn/T/rust_mozprofile.H7FfCPFws672/extensions/@openwpm
2021-03-20 07:19:49,492 - MainProcess[log-interceptor-1] - selenium_firefox     - DEBUG   : BROWSER 1: driver: 1616249989468	addons.xpi	DEBUG	Calling bootstrap method startup on @openwpm version 0.0.1
2021-03-20 07:19:49,492 - MainProcess[log-interceptor-1] - selenium_firefox     - DEBUG   : BROWSER 1: driver: 1616249989484	addons.xpi	DEBUG	Registering manifest for /Users/rayngan/Desktop/FPResearch/OpenWPM/Firefox.app/Contents/Resources/browser/features/aushelper@mozilla.org.xpi
2021-03-20 07:19:49,492 - MainProcess[log-interceptor-1] - selenium_firefox     - DEBUG   : BROWSER 1: driver: 1616249989484	addons.xpi	DEBUG	Calling bootstrap method startup on aushelper@mozilla.org version 2.0
2021-03-20 07:19:49,492 - MainProcess[log-interceptor-1] - selenium_firefox     - DEBUG   : BROWSER 1: driver: 1616249989486	addons.xpi	DEBUG	Registering manifest for /Users/rayngan/Desktop/FPResearch/OpenWPM/Firefox.app/Contents/Resources/browser/features/e10srollout@mozilla.org.xpi
2021-03-20 07:19:52,184 - MainProcess[MainThread] - BaseAggregator       - DEBUG   : Status update; current record queue size: 0
2021-03-20 07:19:52,851 - MainProcess[MainThread] - FirefoxExtension     - DEBUG   : Cookie instrumentation enabled
2021-03-20 07:19:52,852 - MainProcess[MainThread] - FirefoxExtension     - DEBUG   : Javascript instrumentation enabled
2021-03-20 07:19:52,853 - MainProcess[MainThread] - FirefoxExtension     - DEBUG   : HTTP Instrumentation enabled
2021-03-20 07:19:53,086 - MainProcess[MainThread] - BrowserManager       - DEBUG   : BROWSER 1: Looking for extension port information in /var/folders/dk/3yxy72jj5j7flsn_p3dwxyz80000gn/T/rust_mozprofile.H7FfCPFws672/
2021-03-20 07:19:53,086 - MainProcess[MainThread] - BrowserManager       - DEBUG   : BROWSER 1: Connecting to extension on port 58631
2021-03-20 07:19:53,091 - MainProcess[MainThread] - BrowserManager       - DEBUG   : BROWSER 1: BrowserManager ready.
2021-03-20 07:19:53,095 - MainProcess[MainThread] - BrowserManager       - DEBUG   : BROWSER 1: Browser spawn sucessful!
2021-03-20 07:19:54,008 - MainProcess[MainThread] - TaskManager          - INFO    : 

OpenWPM Version: v0.8.0-289-g9e6234e
Firefox Version: 52.9.0

========== Manager Configuration ==========
{
  "aggregator_address": [
    "127.0.0.1",
    58153
  ],
  "data_directory": "/Users/rayngan/openWPM_data/obfus_io/high/sqlite",
  "database_name": "/Users/rayngan/openWPM_data/obfus_io/high/sqlite/crawl-data.sqlite",
  "failure_limit": null,
  "log_directory": "/Users/rayngan/openWPM_data/obfus_io/high/log",
  "log_file": "/Users/rayngan/openWPM_data/obfus_io/high/log/openwpm.log",
  "logger_address": [
    "127.0.0.1",
    58142
  ],
  "num_browsers": 1,
  "output_format": "local",
  "screenshot_path": "/Users/rayngan/openWPM_data/obfus_io/high/sqlite/screenshots",
  "source_dump_path": "/Users/rayngan/openWPM_data/obfus_io/high/sqlite/sources",
  "testing": false
}

========== Browser Configuration ==========
Keys:
{
  "crawl_id": 0,
  "adblock-plus": 1,
  "bot_mitigation": 2,
  "browser": 3,
  "caching_disabled": 4,
  "cookie_instrument": 5,
  "disable_flash": 6,
  "disconnect": 7,
  "donottrack": 8,
  "extension_enabled": 9,
  "ghostery": 10,
  "headless": 11,
  "http_instrument": 12,
  "https-everywhere": 13,
  "js_instrument": 14,
  "prefs": 15,
  "random_attributes": 16,
  "save_all_content": 17,
  "save_documents": 18,
  "save_javascript": 19,
  "tp_cookies": 20,
  "tracking-protection": 21,
  "ublock-origin": 22
}

  0  1      2      3        4     5     6      7      8      9     10     11     12    13     14    15    16     17     18    19    20      21     22
---  -----  -----  -------  ----  ----  -----  -----  -----  ----  -----  -----  ----  -----  ----  ----  -----  -----  ----  ----  ------  -----  -----
  1  False  False  firefox  True  True  False  False  False  True  False  False  True  False  True  {}    False  False  True  True  always  False  False

========== Input profile tar files ==========
  No profile tar files specified

========== Output (archive) profile dirs ==========
  No profile archive directories specified


2021-03-20 07:19:54,076 - MainProcess[MainThread] - TaskManager          - DEBUG   : Checking command failure status indicator...
2021-03-20 07:19:54,078 - MainProcess[MainThread] - BrowserManager       - DEBUG   : BROWSER 1: Joining command thread
2021-03-20 07:19:54,078 - MainProcess[MainThread] - BrowserManager       - INFO    : BROWSER 1: EXECUTING COMMAND: ('GET', 'https://hh.ru/', 5, 1)
2021-03-20 07:19:54,211 - MainProcess[MainThread] - FirefoxExtension     - DEBUG   : Visit Id: 1
2021-03-20 07:19:56,758 - MainProcess[MainThread] - FirefoxExtension     - ERROR   : Error while retrieving additional channel information for URL: 
https://i.hh.ru/favicons/hh.ico?v=2015_03_17
 Error text:{}
2021-03-20 07:19:57,197 - MainProcess[MainThread] - BaseAggregator       - DEBUG   : Status update; current record queue size: 69
2021-03-20 07:20:00,390 - MainProcess[MainThread] - FirefoxExtension     - DEBUG   : POST request parser: unknown stream type
2021-03-20 07:20:02,368 - MainProcess[MainThread] - BaseAggregator       - DEBUG   : Status update; current record queue size: 0
2021-03-20 07:20:05,250 - MainProcess[MainThread] - FirefoxExtension     - DEBUG   : POST request parser: unknown stream type
2021-03-20 07:20:05,827 - MainProcess[MainThread] - FirefoxExtension     - DEBUG   : POST request parser: unknown stream type
2021-03-20 07:20:06,921 - MainProcess[MainThread] - FirefoxExtension     - DEBUG   : POST request parser: unknown stream type
2021-03-20 07:20:07,489 - MainProcess[MainThread] - BaseAggregator       - DEBUG   : Status update; current record queue size: 47
2021-03-20 07:20:09,592 - MainProcess[MainThread] - FirefoxExtension     - DEBUG   : POST request parser: unknown stream type
2021-03-20 07:20:11,875 - MainProcess[MainThread] - FirefoxExtension     - DEBUG   : POST request parser: unknown stream type
2021-03-20 07:20:12,490 - MainProcess[MainThread] - BaseAggregator       - DEBUG   : Status update; current record queue size: 470
