2021-03-21 15:29:48,495 - MainProcess[MainThread] - BrowserManager       - DEBUG   : BROWSER 1: Spawn attempt 0 
2021-03-21 15:29:48,516 - MainProcess[MainThread] - deploy_firefox       - DEBUG   : BROWSER 1: OpenWPM Firefox extension loaded
2021-03-21 15:29:49,889 - MainProcess[log-interceptor-1] - selenium_firefox     - DEBUG   : BROWSER 1: driver: 1616365788539	geckodriver	INFO	Listening on 127.0.0.1:55401
2021-03-21 15:29:49,889 - MainProcess[log-interceptor-1] - selenium_firefox     - DEBUG   : BROWSER 1: driver: 1616365789583	mozprofile::profile	INFO	Using profile path /tmp/rust_mozprofile.jKeu4Roj5gXQ
2021-03-21 15:29:49,890 - MainProcess[log-interceptor-1] - selenium_firefox     - DEBUG   : BROWSER 1: driver: 1616365789587	geckodriver::marionette	INFO	Starting browser /home/c2/Documents/rayngan/Scripts-Replacing-Crawler/OpenWPM_edited/firefox-bin/firefox-bin with args []
2021-03-21 15:29:49,890 - MainProcess[log-interceptor-1] - selenium_firefox     - DEBUG   : BROWSER 1: driver: 1616365789593	geckodriver::marionette	INFO	Connecting to Marionette on localhost:34493
2021-03-21 15:29:49,890 - MainProcess[log-interceptor-1] - selenium_firefox     - DEBUG   : BROWSER 1: driver: 1616365789782	addons.manager	DEBUG	Application has been upgraded
2021-03-21 15:29:49,890 - MainProcess[log-interceptor-1] - selenium_firefox     - DEBUG   : BROWSER 1: driver: 1616365789790	addons.manager	DEBUG	Loaded provider scope for resource://gre/modules/addons/XPIProvider.jsm: ["XPIProvider"]
2021-03-21 15:29:49,890 - MainProcess[log-interceptor-1] - selenium_firefox     - DEBUG   : BROWSER 1: driver: 1616365789792	addons.manager	DEBUG	Loaded provider scope for resource://gre/modules/LightweightThemeManager.jsm: ["LightweightThemeManager"]
2021-03-21 15:29:49,890 - MainProcess[log-interceptor-1] - selenium_firefox     - DEBUG   : BROWSER 1: driver: 1616365789794	addons.manager	DEBUG	Loaded provider scope for resource://gre/modules/addons/GMPProvider.jsm
2021-03-21 15:29:49,890 - MainProcess[log-interceptor-1] - selenium_firefox     - DEBUG   : BROWSER 1: driver: 1616365789794	addons.manager	DEBUG	Loaded provider scope for resource://gre/modules/addons/PluginProvider.jsm
2021-03-21 15:29:49,890 - MainProcess[log-interceptor-1] - selenium_firefox     - DEBUG   : BROWSER 1: driver: 1616365789796	addons.manager	DEBUG	Starting provider: XPIProvider
2021-03-21 15:29:49,890 - MainProcess[log-interceptor-1] - selenium_firefox     - DEBUG   : BROWSER 1: driver: 1616365789796	addons.xpi	DEBUG	startup
2021-03-21 15:29:49,890 - MainProcess[log-interceptor-1] - selenium_firefox     - DEBUG   : BROWSER 1: driver: 1616365789796	addons.xpi	INFO	Mapping @openwpm to /tmp/rust_mozprofile.jKeu4Roj5gXQ/extensions/@openwpm
2021-03-21 15:29:49,890 - MainProcess[log-interceptor-1] - selenium_firefox     - DEBUG   : BROWSER 1: driver: 1616365789796	addons.xpi	INFO	SystemAddonInstallLocation directory is missing
2021-03-21 15:29:49,890 - MainProcess[log-interceptor-1] - selenium_firefox     - DEBUG   : BROWSER 1: driver: 1616365789796	addons.xpi	INFO	Mapping e10srollout@mozilla.org to /home/c2/Documents/rayngan/Scripts-Replacing-Crawler/OpenWPM_edited/firefox-bin/browser/features/e10srollout@mozilla.org.xpi
2021-03-21 15:29:49,890 - MainProcess[log-interceptor-1] - selenium_firefox     - DEBUG   : BROWSER 1: driver: 1616365789796	addons.xpi	INFO	Mapping firefox@getpocket.com to /home/c2/Documents/rayngan/Scripts-Replacing-Crawler/OpenWPM_edited/firefox-bin/browser/features/firefox@getpocket.com.xpi
2021-03-21 15:29:49,890 - MainProcess[log-interceptor-1] - selenium_firefox     - DEBUG   : BROWSER 1: driver: 1616365789796	addons.xpi	INFO	Mapping aushelper@mozilla.org to /home/c2/Documents/rayngan/Scripts-Replacing-Crawler/OpenWPM_edited/firefox-bin/browser/features/aushelper@mozilla.org.xpi
2021-03-21 15:29:49,891 - MainProcess[log-interceptor-1] - selenium_firefox     - DEBUG   : BROWSER 1: driver: 1616365789796	addons.xpi	INFO	Mapping webcompat@mozilla.org to /home/c2/Documents/rayngan/Scripts-Replacing-Crawler/OpenWPM_edited/firefox-bin/browser/features/webcompat@mozilla.org.xpi
2021-03-21 15:29:49,891 - MainProcess[log-interceptor-1] - selenium_firefox     - DEBUG   : BROWSER 1: driver: 1616365789796	addons.xpi	INFO	Mapping {972ce4c6-7e08-4474-a285-3208198ce6fd} to /home/c2/Documents/rayngan/Scripts-Replacing-Crawler/OpenWPM_edited/firefox-bin/browser/extensions/{972ce4c6-7e08-4474-a285-3208198ce6fd}.xpi
2021-03-21 15:29:49,891 - MainProcess[log-interceptor-1] - selenium_firefox     - DEBUG   : BROWSER 1: driver: 1616365789796	addons.xpi	DEBUG	checkForChanges
2021-03-21 15:29:49,891 - MainProcess[log-interceptor-1] - selenium_firefox     - DEBUG   : BROWSER 1: driver: 1616365789798	addons.xpi	INFO	SystemAddonInstallLocation directory is missing
2021-03-21 15:29:49,891 - MainProcess[log-interceptor-1] - selenium_firefox     - DEBUG   : BROWSER 1: driver: 1616365789798	addons.xpi	DEBUG	Loaded add-on state from prefs: {}
2021-03-21 15:29:49,891 - MainProcess[log-interceptor-1] - selenium_firefox     - DEBUG   : BROWSER 1: driver: 1616365789798	addons.xpi	DEBUG	New add-on @openwpm in app-profile
2021-03-21 15:29:49,891 - MainProcess[log-interceptor-1] - selenium_firefox     - DEBUG   : BROWSER 1: driver: 1616365789798	addons.xpi	DEBUG	getModTime: Recursive scan of @openwpm
2021-03-21 15:29:49,891 - MainProcess[log-interceptor-1] - selenium_firefox     - DEBUG   : BROWSER 1: driver: 1616365789798	addons.xpi	DEBUG	New add-on e10srollout@mozilla.org in app-system-defaults
2021-03-21 15:29:49,891 - MainProcess[log-interceptor-1] - selenium_firefox     - DEBUG   : BROWSER 1: driver: 1616365789800	addons.xpi	DEBUG	getModTime: Recursive scan of e10srollout@mozilla.org
2021-03-21 15:29:49,891 - MainProcess[log-interceptor-1] - selenium_firefox     - DEBUG   : BROWSER 1: driver: 1616365789800	addons.xpi	DEBUG	New add-on firefox@getpocket.com in app-system-defaults
2021-03-21 15:29:49,891 - MainProcess[log-interceptor-1] - selenium_firefox     - DEBUG   : BROWSER 1: driver: 1616365789800	addons.xpi	DEBUG	getModTime: Recursive scan of firefox@getpocket.com
2021-03-21 15:29:49,891 - MainProcess[log-interceptor-1] - selenium_firefox     - DEBUG   : BROWSER 1: driver: 1616365789800	addons.xpi	DEBUG	New add-on aushelper@mozilla.org in app-system-defaults
2021-03-21 15:29:49,891 - MainProcess[log-interceptor-1] - selenium_firefox     - DEBUG   : BROWSER 1: driver: 1616365789800	addons.xpi	DEBUG	getModTime: Recursive scan of aushelper@mozilla.org
2021-03-21 15:29:49,891 - MainProcess[log-interceptor-1] - selenium_firefox     - DEBUG   : BROWSER 1: driver: 1616365789800	addons.xpi	DEBUG	New add-on webcompat@mozilla.org in app-system-defaults
2021-03-21 15:29:49,891 - MainProcess[log-interceptor-1] - selenium_firefox     - DEBUG   : BROWSER 1: driver: 1616365789800	addons.xpi	DEBUG	getModTime: Recursive scan of webcompat@mozilla.org
2021-03-21 15:29:49,891 - MainProcess[log-interceptor-1] - selenium_firefox     - DEBUG   : BROWSER 1: driver: 1616365789800	addons.xpi	DEBUG	New add-on {972ce4c6-7e08-4474-a285-3208198ce6fd} in app-global
2021-03-21 15:29:49,891 - MainProcess[log-interceptor-1] - selenium_firefox     - DEBUG   : BROWSER 1: driver: 1616365789800	addons.xpi	DEBUG	getModTime: Recursive scan of {972ce4c6-7e08-4474-a285-3208198ce6fd}
2021-03-21 15:29:49,891 - MainProcess[log-interceptor-1] - selenium_firefox     - DEBUG   : BROWSER 1: driver: 1616365789800	addons.xpi	DEBUG	getInstallState changed: true, state: {"app-profile":{"@openwpm":{"d":"/tmp/rust_mozprofile.jKeu4Roj5gXQ/extensions/@openwpm","st":1616365789000,"mt":1616365789000}},"app-system-defaults":{"e10srollout@mozilla.org":{"d":"/home/c2/Documents/rayngan/Scripts-Replacing-Crawler/OpenWPM_edited/firefox-bin/browser/features/e10srollout@mozilla.org.xpi","st":1529594304000},"firefox@getpocket.com":{"d":"/home/c2/Documents/rayngan/Scripts-Replacing-Crawler/OpenWPM_edited/firefox-bin/browser/features/firefox@getpocket.com.xpi","st":1529594304000},"aushelper@mozilla.org":{"d":"/home/c2/Documents/rayngan/Scripts-Replacing-Crawler/OpenWPM_edited/firefox-bin/browser/features/aushelper@mozilla.org.xpi","st":1529594304000},"webcompat@mozilla.org":{"d":"/home/c2/Documents/rayngan/Scripts-Replacing-Crawler/OpenWPM_edited/firefox-bin/browser/features/webcompat@mozilla.org.xpi","st":1529594304000}},"app-global":{"{972ce4c6-7e08-4474-a285-3208198ce6fd}":{"d":"/home/c2/Documents/rayngan/Scripts-Replacing-Crawler/OpenWPM_edited/firefox-bin/browser/extensions/{972ce4c6-7e08-4474-a285-3208198ce6fd}.xpi","st":1529594304000}}}
2021-03-21 15:29:49,891 - MainProcess[log-interceptor-1] - selenium_firefox     - DEBUG   : BROWSER 1: driver: 1616365789804	addons.xpi-utils	DEBUG	Opening XPI database /tmp/rust_mozprofile.jKeu4Roj5gXQ/extensions.json
2021-03-21 15:29:49,891 - MainProcess[log-interceptor-1] - selenium_firefox     - DEBUG   : BROWSER 1: driver: 1616365789806	addons.xpi-utils	DEBUG	New add-on @openwpm installed in app-profile
2021-03-21 15:29:49,892 - MainProcess[log-interceptor-1] - selenium_firefox     - DEBUG   : BROWSER 1: driver: *** Blocklist::_loadBlocklistFromFile: blocklist is disabled
2021-03-21 15:29:49,892 - MainProcess[log-interceptor-1] - selenium_firefox     - DEBUG   : BROWSER 1: driver: 1616365789814	DeferredSave.extensions.json	DEBUG	Save changes
2021-03-21 15:29:49,892 - MainProcess[log-interceptor-1] - selenium_firefox     - DEBUG   : BROWSER 1: driver: 1616365789814	addons.xpi-utils	DEBUG	New add-on e10srollout@mozilla.org installed in app-system-defaults
2021-03-21 15:29:49,892 - MainProcess[log-interceptor-1] - selenium_firefox     - DEBUG   : BROWSER 1: driver: 1616365789816	DeferredSave.extensions.json	DEBUG	Starting timer
2021-03-21 15:29:49,892 - MainProcess[log-interceptor-1] - selenium_firefox     - DEBUG   : BROWSER 1: driver: 1616365789818	DeferredSave.extensions.json	DEBUG	Save changes
2021-03-21 15:29:49,892 - MainProcess[log-interceptor-1] - selenium_firefox     - DEBUG   : BROWSER 1: driver: 1616365789818	addons.xpi-utils	DEBUG	New add-on firefox@getpocket.com installed in app-system-defaults
2021-03-21 15:29:49,892 - MainProcess[log-interceptor-1] - selenium_firefox     - DEBUG   : BROWSER 1: driver: 1616365789822	DeferredSave.extensions.json	DEBUG	Save changes
2021-03-21 15:29:49,892 - MainProcess[log-interceptor-1] - selenium_firefox     - DEBUG   : BROWSER 1: driver: 1616365789822	addons.xpi-utils	DEBUG	New add-on aushelper@mozilla.org installed in app-system-defaults
2021-03-21 15:29:49,892 - MainProcess[log-interceptor-1] - selenium_firefox     - DEBUG   : BROWSER 1: driver: 1616365789826	DeferredSave.extensions.json	DEBUG	Save changes
2021-03-21 15:29:49,892 - MainProcess[log-interceptor-1] - selenium_firefox     - DEBUG   : BROWSER 1: driver: 1616365789826	addons.xpi-utils	DEBUG	New add-on webcompat@mozilla.org installed in app-system-defaults
2021-03-21 15:29:49,892 - MainProcess[log-interceptor-1] - selenium_firefox     - DEBUG   : BROWSER 1: driver: 1616365789828	DeferredSave.extensions.json	DEBUG	Save changes
2021-03-21 15:29:49,892 - MainProcess[log-interceptor-1] - selenium_firefox     - DEBUG   : BROWSER 1: driver: 1616365789828	addons.xpi-utils	DEBUG	New add-on {972ce4c6-7e08-4474-a285-3208198ce6fd} installed in app-global
2021-03-21 15:29:49,892 - MainProcess[log-interceptor-1] - selenium_firefox     - DEBUG   : BROWSER 1: driver: 1616365789832	DeferredSave.extensions.json	DEBUG	Save changes
2021-03-21 15:29:49,892 - MainProcess[log-interceptor-1] - selenium_firefox     - DEBUG   : BROWSER 1: driver: 1616365789832	addons.manager	DEBUG	Registering startup change 'installed' for @openwpm
2021-03-21 15:29:49,892 - MainProcess[log-interceptor-1] - selenium_firefox     - DEBUG   : BROWSER 1: driver: 1616365789832	addons.manager	DEBUG	Registering startup change 'installed' for @openwpm
2021-03-21 15:29:49,892 - MainProcess[log-interceptor-1] - selenium_firefox     - DEBUG   : BROWSER 1: driver: 1616365789838	addons.xpi	DEBUG	Loading bootstrap scope from /tmp/rust_mozprofile.jKeu4Roj5gXQ/extensions/@openwpm
2021-03-21 15:29:49,892 - MainProcess[log-interceptor-1] - selenium_firefox     - DEBUG   : BROWSER 1: driver: 1616365789876	addons.xpi	DEBUG	Calling bootstrap method install on @openwpm version 0.0.1
2021-03-21 15:29:49,892 - MainProcess[log-interceptor-1] - selenium_firefox     - DEBUG   : BROWSER 1: driver: 1616365789876	addons.xpi-utils	DEBUG	Make addon app-profile:@openwpm visible
2021-03-21 15:29:49,892 - MainProcess[log-interceptor-1] - selenium_firefox     - DEBUG   : BROWSER 1: driver: 1616365789878	addons.xpi	DEBUG	Add-on @openwpm blocks e10s rollout.
2021-03-21 15:29:49,892 - MainProcess[log-interceptor-1] - selenium_firefox     - DEBUG   : BROWSER 1: driver: 1616365789880	DeferredSave.extensions.json	DEBUG	Save changes
2021-03-21 15:29:49,892 - MainProcess[log-interceptor-1] - selenium_firefox     - DEBUG   : BROWSER 1: driver: 1616365789880	addons.manager	DEBUG	Registering startup change 'installed' for e10srollout@mozilla.org
2021-03-21 15:29:49,893 - MainProcess[log-interceptor-1] - selenium_firefox     - DEBUG   : BROWSER 1: driver: 1616365789880	addons.xpi	DEBUG	Loading bootstrap scope from /home/c2/Documents/rayngan/Scripts-Replacing-Crawler/OpenWPM_edited/firefox-bin/browser/features/e10srollout@mozilla.org.xpi
2021-03-21 15:29:49,893 - MainProcess[log-interceptor-1] - selenium_firefox     - DEBUG   : BROWSER 1: driver: 1616365789882	addons.xpi	DEBUG	Calling bootstrap method install on e10srollout@mozilla.org version 1.10
2021-03-21 15:29:49,893 - MainProcess[log-interceptor-1] - selenium_firefox     - DEBUG   : BROWSER 1: driver: 1616365789882	addons.xpi	DEBUG	Add-on @openwpm blocks e10s rollout.
2021-03-21 15:29:49,893 - MainProcess[log-interceptor-1] - selenium_firefox     - DEBUG   : BROWSER 1: driver: 1616365789882	addons.xpi	DEBUG	Add-on @openwpm blocks e10s rollout.
2021-03-21 15:29:49,893 - MainProcess[log-interceptor-1] - selenium_firefox     - DEBUG   : BROWSER 1: driver: 1616365789882	addons.xpi-utils	DEBUG	Make addon app-system-defaults:e10srollout@mozilla.org visible
2021-03-21 15:29:49,893 - MainProcess[log-interceptor-1] - selenium_firefox     - DEBUG   : BROWSER 1: driver: 1616365789882	addons.xpi	DEBUG	Add-on @openwpm blocks e10s rollout.
2021-03-21 15:29:49,893 - MainProcess[log-interceptor-1] - selenium_firefox     - DEBUG   : BROWSER 1: driver: 1616365789882	DeferredSave.extensions.json	DEBUG	Save changes
2021-03-21 15:29:49,893 - MainProcess[log-interceptor-1] - selenium_firefox     - DEBUG   : BROWSER 1: driver: 1616365789882	addons.manager	DEBUG	Registering startup change 'installed' for firefox@getpocket.com
2021-03-21 15:29:49,893 - MainProcess[log-interceptor-1] - selenium_firefox     - DEBUG   : BROWSER 1: driver: 1616365789884	addons.xpi	DEBUG	Loading bootstrap scope from /home/c2/Documents/rayngan/Scripts-Replacing-Crawler/OpenWPM_edited/firefox-bin/browser/features/firefox@getpocket.com.xpi
2021-03-21 15:29:49,893 - MainProcess[log-interceptor-1] - selenium_firefox     - DEBUG   : BROWSER 1: driver: 1616365789886	addons.xpi	DEBUG	Calling bootstrap method install on firefox@getpocket.com version 1.0.5
2021-03-21 15:29:49,893 - MainProcess[log-interceptor-1] - selenium_firefox     - DEBUG   : BROWSER 1: driver: 1616365789886	addons.xpi-utils	DEBUG	Make addon app-system-defaults:firefox@getpocket.com visible
2021-03-21 15:29:49,893 - MainProcess[log-interceptor-1] - selenium_firefox     - DEBUG   : BROWSER 1: driver: 1616365789886	addons.xpi	DEBUG	Add-on @openwpm blocks e10s rollout.
2021-03-21 15:29:49,893 - MainProcess[log-interceptor-1] - selenium_firefox     - DEBUG   : BROWSER 1: driver: 1616365789886	DeferredSave.extensions.json	DEBUG	Save changes
2021-03-21 15:29:49,893 - MainProcess[log-interceptor-1] - selenium_firefox     - DEBUG   : BROWSER 1: driver: 1616365789886	addons.manager	DEBUG	Registering startup change 'installed' for aushelper@mozilla.org
2021-03-21 15:29:49,893 - MainProcess[log-interceptor-1] - selenium_firefox     - DEBUG   : BROWSER 1: driver: 1616365789886	addons.xpi	DEBUG	Loading bootstrap scope from /home/c2/Documents/rayngan/Scripts-Replacing-Crawler/OpenWPM_edited/firefox-bin/browser/features/aushelper@mozilla.org.xpi
2021-03-21 15:29:49,893 - MainProcess[log-interceptor-1] - selenium_firefox     - DEBUG   : BROWSER 1: driver: 1616365789888	addons.xpi	DEBUG	Calling bootstrap method install on aushelper@mozilla.org version 2.0
2021-03-21 15:29:49,904 - MainProcess[log-interceptor-1] - selenium_firefox     - DEBUG   : BROWSER 1: driver: 1616365789888	addons.xpi-utils	DEBUG	Make addon app-system-defaults:aushelper@mozilla.org visible
2021-03-21 15:29:49,904 - MainProcess[log-interceptor-1] - selenium_firefox     - DEBUG   : BROWSER 1: driver: 1616365789888	addons.xpi	DEBUG	Add-on @openwpm blocks e10s rollout.
2021-03-21 15:29:49,904 - MainProcess[log-interceptor-1] - selenium_firefox     - DEBUG   : BROWSER 1: driver: 1616365789888	DeferredSave.extensions.json	DEBUG	Save changes
2021-03-21 15:29:49,904 - MainProcess[log-interceptor-1] - selenium_firefox     - DEBUG   : BROWSER 1: driver: 1616365789890	addons.manager	DEBUG	Registering startup change 'installed' for webcompat@mozilla.org
2021-03-21 15:29:49,904 - MainProcess[log-interceptor-1] - selenium_firefox     - DEBUG   : BROWSER 1: driver: 1616365789890	addons.xpi	DEBUG	Loading bootstrap scope from /home/c2/Documents/rayngan/Scripts-Replacing-Crawler/OpenWPM_edited/firefox-bin/browser/features/webcompat@mozilla.org.xpi
2021-03-21 15:29:49,904 - MainProcess[log-interceptor-1] - selenium_firefox     - DEBUG   : BROWSER 1: driver: 1616365789890	addons.xpi	DEBUG	Calling bootstrap method install on webcompat@mozilla.org version 1.0
2021-03-21 15:29:49,904 - MainProcess[log-interceptor-1] - selenium_firefox     - DEBUG   : BROWSER 1: driver: 1616365789890	addons.xpi-utils	DEBUG	Make addon app-system-defaults:webcompat@mozilla.org visible
2021-03-21 15:29:49,904 - MainProcess[log-interceptor-1] - selenium_firefox     - DEBUG   : BROWSER 1: driver: 1616365789892	addons.xpi	DEBUG	Add-on @openwpm blocks e10s rollout.
2021-03-21 15:29:49,905 - MainProcess[log-interceptor-1] - selenium_firefox     - DEBUG   : BROWSER 1: driver: 1616365789892	DeferredSave.extensions.json	DEBUG	Save changes
2021-03-21 15:29:49,905 - MainProcess[log-interceptor-1] - selenium_firefox     - DEBUG   : BROWSER 1: driver: 1616365789892	addons.xpi-utils	DEBUG	Make addon app-global:{972ce4c6-7e08-4474-a285-3208198ce6fd} visible
2021-03-21 15:29:49,905 - MainProcess[log-interceptor-1] - selenium_firefox     - DEBUG   : BROWSER 1: driver: 1616365789892	addons.xpi	DEBUG	Add-on @openwpm blocks e10s rollout.
2021-03-21 15:29:49,905 - MainProcess[log-interceptor-1] - selenium_firefox     - DEBUG   : BROWSER 1: driver: 1616365789892	DeferredSave.extensions.json	DEBUG	Save changes
2021-03-21 15:29:49,905 - MainProcess[log-interceptor-1] - selenium_firefox     - DEBUG   : BROWSER 1: driver: 1616365789892	addons.xpi	DEBUG	Updating XPIState for {"id":"@openwpm","syncGUID":"{03f2a4a0-392c-4b2d-8a58-3e893cc1ca6a}","location":"app-profile","version":"0.0.1","type":"extension","internalName":null,"updateURL":null,"updateKey":null,"optionsURL":null,"optionsType":null,"aboutURL":null,"icons":{},"iconURL":null,"icon64URL":null,"defaultLocale":{"name":"openwpm","description":"Extension with socket interface into OpenWPM","creator":"Steven Englehardt","homepageURL":null},"visible":true,"active":true,"userDisabled":false,"appDisabled":false,"descriptor":"/tmp/rust_mozprofile.jKeu4Roj5gXQ/extensions/@openwpm","installDate":1616365789000,"updateDate":1616365789000,"applyBackgroundUpdates":1,"bootstrap":true,"skinnable":false,"size":102064,"sourceURI":null,"releaseNotesURI":null,"softDisabled":false,"foreignInstall":true,"hasBinaryComponents":false,"strictCompatibility":false,"locales":[],"targetApplications":[{"id":"{ec8030f7-c20a-464f-9b0e-13a3a9e97384}","minVersion":"38.0a1","maxVersion":"*"}],"targetPlatforms":[],"multiprocessCompatible":false,"signedState":0,"seen":true,"dependencies":[],"hasEmbeddedWebExtension":false,"mpcOptedOut":false}
2021-03-21 15:29:49,905 - MainProcess[log-interceptor-1] - selenium_firefox     - DEBUG   : BROWSER 1: driver: 1616365789892	addons.xpi	DEBUG	getModTime: Recursive scan of @openwpm
2021-03-21 15:29:49,905 - MainProcess[log-interceptor-1] - selenium_firefox     - DEBUG   : BROWSER 1: driver: 1616365789892	addons.xpi	DEBUG	Updating XPIState for {"id":"e10srollout@mozilla.org","syncGUID":"{e401b460-15fc-4ef6-8b9a-309e286ac356}","location":"app-system-defaults","version":"1.10","type":"extension","internalName":null,"updateURL":null,"updateKey":null,"optionsURL":null,"optionsType":null,"aboutURL":null,"icons":{},"iconURL":null,"icon64URL":null,"defaultLocale":{"name":"Multi-process staged rollout","description":"Staged rollout of Firefox multi-process feature.","creator":null,"homepageURL":null},"visible":true,"active":true,"userDisabled":false,"appDisabled":false,"descriptor":"/home/c2/Documents/rayngan/Scripts-Replacing-Crawler/OpenWPM_edited/firefox-bin/browser/features/e10srollout@mozilla.org.xpi","installDate":1529594304000,"updateDate":1529594304000,"applyBackgroundUpdates":1,"bootstrap":true,"skinnable":false,"size":8145,"sourceURI":null,"releaseNotesURI":null,"softDisabled":false,"foreignInstall":false,"hasBinaryComponents":false,"strictCompatibility":false,"locales":[],"targetApplications":[{"id":"{ec8030f7-c20a-464f-9b0e-13a3a9e97384}","minVersion":"52.9.0","maxVersion":"52.*"}],"targetPlatforms":[],"multiprocessCompatible":true,"seen":true,"dependencies":[],"hasEmbeddedWebExtension":false,"mpcOptedOut":false}
2021-03-21 15:29:49,905 - MainProcess[log-interceptor-1] - selenium_firefox     - DEBUG   : BROWSER 1: driver: 1616365789892	addons.xpi	DEBUG	getModTime: Recursive scan of e10srollout@mozilla.org
2021-03-21 15:29:49,905 - MainProcess[log-interceptor-1] - selenium_firefox     - DEBUG   : BROWSER 1: driver: 1616365789894	addons.xpi	DEBUG	Updating XPIState for {"id":"firefox@getpocket.com","syncGUID":"{4ca324b0-dfa5-42d8-984b-1032353e75d0}","location":"app-system-defaults","version":"1.0.5","type":"extension","internalName":null,"updateURL":null,"updateKey":null,"optionsURL":null,"optionsType":null,"aboutURL":null,"icons":{},"iconURL":null,"icon64URL":null,"defaultLocale":{"name":"Pocket","description":"When you find something you want to view later, put it in Pocket.","creator":null,"homepageURL":null},"visible":true,"active":true,"userDisabled":false,"appDisabled":false,"descriptor":"/home/c2/Documents/rayngan/Scripts-Replacing-Crawler/OpenWPM_edited/firefox-bin/browser/features/firefox@getpocket.com.xpi","installDate":1529594304000,"updateDate":1529594304000,"applyBackgroundUpdates":1,"bootstrap":true,"skinnable":false,"size":920281,"sourceURI":null,"releaseNotesURI":null,"softDisabled":false,"foreignInstall":false,"hasBinaryComponents":false,"strictCompatibility":false,"locales":[],"targetApplications":[{"id":"{ec8030f7-c20a-464f-9b0e-13a3a9e97384}","minVersion":"52.9.0","maxVersion":"52.*"}],"targetPlatforms":[],"multiprocessCompatible":true,"seen":true,"dependencies":[],"hasEmbeddedWebExtension":false,"mpcOptedOut":false}
2021-03-21 15:29:49,905 - MainProcess[log-interceptor-1] - selenium_firefox     - DEBUG   : BROWSER 1: driver: 1616365789894	addons.xpi	DEBUG	getModTime: Recursive scan of firefox@getpocket.com
2021-03-21 15:29:49,905 - MainProcess[log-interceptor-1] - selenium_firefox     - DEBUG   : BROWSER 1: driver: 1616365789894	addons.xpi	DEBUG	Updating XPIState for {"id":"aushelper@mozilla.org","syncGUID":"{23499d94-6d99-41ae-aedb-f090f10962ab}","location":"app-system-defaults","version":"2.0","type":"extension","internalName":null,"updateURL":null,"updateKey":null,"optionsURL":null,"optionsType":null,"aboutURL":null,"icons":{},"iconURL":null,"icon64URL":null,"defaultLocale":{"name":"Application Update Service Helper","description":"Sets value(s) in the update url based on custom checks.","creator":null,"homepageURL":null},"visible":true,"active":true,"userDisabled":false,"appDisabled":false,"descriptor":"/home/c2/Documents/rayngan/Scripts-Replacing-Crawler/OpenWPM_edited/firefox-bin/browser/features/aushelper@mozilla.org.xpi","installDate":1529594304000,"updateDate":1529594304000,"applyBackgroundUpdates":1,"bootstrap":true,"skinnable":false,"size":8488,"sourceURI":null,"releaseNotesURI":null,"softDisabled":false,"foreignInstall":false,"hasBinaryComponents":false,"strictCompatibility":false,"locales":[],"targetApplications":[{"id":"{ec8030f7-c20a-464f-9b0e-13a3a9e97384}","minVersion":"52.9.0","maxVersion":"52.*"}],"targetPlatforms":[],"multiprocessCompatible":true,"seen":true,"dependencies":[],"hasEmbeddedWebExtension":false,"mpcOptedOut":false}
2021-03-21 15:29:49,905 - MainProcess[log-interceptor-1] - selenium_firefox     - DEBUG   : BROWSER 1: driver: 1616365789894	addons.xpi	DEBUG	getModTime: Recursive scan of aushelper@mozilla.org
2021-03-21 15:29:49,905 - MainProcess[log-interceptor-1] - selenium_firefox     - DEBUG   : BROWSER 1: driver: 1616365789894	addons.xpi	DEBUG	Updating XPIState for {"id":"webcompat@mozilla.org","syncGUID":"{1eb0a85e-c34e-4a3f-a9ac-1cb491bda438}","location":"app-system-defaults","version":"1.0","type":"extension","internalName":null,"updateURL":null,"updateKey":null,"optionsURL":null,"optionsType":null,"aboutURL":null,"icons":{},"iconURL":null,"icon64URL":null,"defaultLocale":{"name":"Web Compat","description":"Urgent post-release fixes for web compatibility.","creator":null,"homepageURL":null},"visible":true,"active":true,"userDisabled":false,"appDisabled":false,"descriptor":"/home/c2/Documents/rayngan/Scripts-Replacing-Crawler/OpenWPM_edited/firefox-bin/browser/features/webcompat@mozilla.org.xpi","installDate":1529594304000,"updateDate":1529594304000,"applyBackgroundUpdates":1,"bootstrap":true,"skinnable":false,"size":1456,"sourceURI":null,"releaseNotesURI":null,"softDisabled":false,"foreignInstall":false,"hasBinaryComponents":false,"strictCompatibility":false,"locales":[],"targetApplications":[{"id":"{ec8030f7-c20a-464f-9b0e-13a3a9e97384}","minVersion":"52.9.0","maxVersion":"52.*"}],"targetPlatforms":[],"multiprocessCompatible":true,"seen":true,"dependencies":[],"hasEmbeddedWebExtension":false,"mpcOptedOut":false}
2021-03-21 15:29:49,905 - MainProcess[log-interceptor-1] - selenium_firefox     - DEBUG   : BROWSER 1: driver: 1616365789894	addons.xpi	DEBUG	getModTime: Recursive scan of webcompat@mozilla.org
2021-03-21 15:29:49,905 - MainProcess[log-interceptor-1] - selenium_firefox     - DEBUG   : BROWSER 1: driver: 1616365789894	addons.xpi	DEBUG	Updating XPIState for {"id":"{972ce4c6-7e08-4474-a285-3208198ce6fd}","syncGUID":"{31286658-9762-453b-9985-71328aa02077}","location":"app-global","version":"52.9.0","type":"theme","internalName":"classic/1.0","updateURL":null,"updateKey":null,"optionsURL":null,"optionsType":null,"aboutURL":null,"icons":{"32":"icon.png","48":"icon.png"},"iconURL":null,"icon64URL":null,"defaultLocale":{"name":"Default","description":"The default theme.","creator":"Mozilla","homepageURL":null,"contributors":["Mozilla Contributors"]},"visible":true,"active":true,"userDisabled":false,"appDisabled":false,"descriptor":"/home/c2/Documents/rayngan/Scripts-Replacing-Crawler/OpenWPM_edited/firefox-bin/browser/extensions/{972ce4c6-7e08-4474-a285-3208198ce6fd}.xpi","installDate":1529594304000,"updateDate":1529594304000,"applyBackgroundUpdates":1,"skinnable":true,"size":4932,"sourceURI":null,"releaseNotesURI":null,"softDisabled":false,"foreignInstall":false,"hasBinaryComponents":false,"strictCompatibility":true,"locales":[],"targetApplications":[{"id":"{ec8030f7-c20a-464f-9b0e-13a3a9e97384}","minVersion":"52.9.0","maxVersion":"52.9.0"}],"targetPlatforms":[],"seen":true,"dependencies":[],"hasEmbeddedWebExtension":false}
2021-03-21 15:29:49,905 - MainProcess[log-interceptor-1] - selenium_firefox     - DEBUG   : BROWSER 1: driver: 1616365789894	addons.xpi	DEBUG	getModTime: Recursive scan of {972ce4c6-7e08-4474-a285-3208198ce6fd}
2021-03-21 15:29:49,905 - MainProcess[log-interceptor-1] - selenium_firefox     - DEBUG   : BROWSER 1: driver: 1616365789894	addons.xpi	DEBUG	Add-on @openwpm blocks e10s rollout.
2021-03-21 15:29:49,905 - MainProcess[log-interceptor-1] - selenium_firefox     - DEBUG   : BROWSER 1: driver: 1616365789894	DeferredSave.extensions.json	DEBUG	Save changes
2021-03-21 15:29:49,906 - MainProcess[log-interceptor-1] - selenium_firefox     - DEBUG   : BROWSER 1: driver: 1616365789894	addons.xpi	DEBUG	Updating database with changes to installed add-ons
2021-03-21 15:29:49,906 - MainProcess[log-interceptor-1] - selenium_firefox     - DEBUG   : BROWSER 1: driver: 1616365789894	addons.xpi-utils	DEBUG	Updating add-on states
2021-03-21 15:29:49,906 - MainProcess[log-interceptor-1] - selenium_firefox     - DEBUG   : BROWSER 1: driver: 1616365789896	addons.xpi-utils	DEBUG	Writing add-ons list
2021-03-21 15:29:49,906 - MainProcess[log-interceptor-1] - selenium_firefox     - DEBUG   : BROWSER 1: driver: 1616365789896	addons.xpi	DEBUG	Registering manifest for /tmp/rust_mozprofile.jKeu4Roj5gXQ/extensions/@openwpm
2021-03-21 15:29:49,906 - MainProcess[log-interceptor-1] - selenium_firefox     - DEBUG   : BROWSER 1: driver: 1616365789896	addons.xpi	DEBUG	Calling bootstrap method startup on @openwpm version 0.0.1
2021-03-21 15:29:49,906 - MainProcess[log-interceptor-1] - selenium_firefox     - DEBUG   : BROWSER 1: driver: 1616365789900	addons.xpi	DEBUG	Registering manifest for /home/c2/Documents/rayngan/Scripts-Replacing-Crawler/OpenWPM_edited/firefox-bin/browser/features/aushelper@mozilla.org.xpi
2021-03-21 15:29:49,906 - MainProcess[log-interceptor-1] - selenium_firefox     - DEBUG   : BROWSER 1: driver: 1616365789902	addons.xpi	DEBUG	Calling bootstrap method startup on aushelper@mozilla.org version 2.0
2021-03-21 15:29:49,906 - MainProcess[log-interceptor-1] - selenium_firefox     - DEBUG   : BROWSER 1: driver: 1616365789902	addons.xpi	DEBUG	Registering manifest for /home/c2/Documents/rayngan/Scripts-Replacing-Crawler/OpenWPM_edited/firefox-bin/browser/features/e10srollout@mozilla.org.xpi
2021-03-21 15:29:49,906 - MainProcess[log-interceptor-1] - selenium_firefox     - DEBUG   : BROWSER 1: driver: 1616365789902	addons.xpi	DEBUG	Calling bootstrap method startup on e10srollout@mozilla.org version 1.10
2021-03-21 15:29:49,906 - MainProcess[log-interceptor-1] - selenium_firefox     - DEBUG   : BROWSER 1: driver: 1616365789904	addons.xpi	DEBUG	Registering manifest for /home/c2/Documents/rayngan/Scripts-Replacing-Crawler/OpenWPM_edited/firefox-bin/browser/features/firefox@getpocket.com.xpi
2021-03-21 15:29:51,107 - MainProcess[MainThread] - FirefoxExtension     - DEBUG   : Cookie instrumentation enabled
2021-03-21 15:29:51,107 - MainProcess[MainThread] - FirefoxExtension     - DEBUG   : Javascript instrumentation enabled
2021-03-21 15:29:51,107 - MainProcess[MainThread] - FirefoxExtension     - DEBUG   : HTTP Instrumentation enabled
2021-03-21 15:29:51,183 - MainProcess[MainThread] - BrowserManager       - DEBUG   : BROWSER 1: Looking for extension port information in /tmp/rust_mozprofile.jKeu4Roj5gXQ/
2021-03-21 15:29:51,183 - MainProcess[MainThread] - BrowserManager       - DEBUG   : BROWSER 1: Connecting to extension on port 37891
2021-03-21 15:29:51,184 - MainProcess[MainThread] - BrowserManager       - DEBUG   : BROWSER 1: BrowserManager ready.
2021-03-21 15:29:51,184 - MainProcess[MainThread] - BrowserManager       - DEBUG   : BROWSER 1: Browser spawn sucessful!
2021-03-21 15:29:51,253 - MainProcess[MainThread] - TaskManager          - INFO    : 

OpenWPM Version: e5da533
Firefox Version: 52.9.0

========== Manager Configuration ==========
{
  "aggregator_address": [
    "127.0.0.1",
    54679
  ],
  "data_directory": "/home/c2/Documents/rayngan/Scripts-Replacing-Crawler/openWPM_data/jfogs/sqlite",
  "database_name": "/home/c2/Documents/rayngan/Scripts-Replacing-Crawler/openWPM_data/jfogs/sqlite/crawl-data.sqlite",
  "failure_limit": null,
  "log_directory": "/home/c2/Documents/rayngan/Scripts-Replacing-Crawler/openWPM_data/jfogs/log",
  "log_file": "/home/c2/Documents/rayngan/Scripts-Replacing-Crawler/openWPM_data/jfogs/log/openwpm.log",
  "logger_address": [
    "127.0.0.1",
    39227
  ],
  "num_browsers": 1,
  "output_format": "local",
  "screenshot_path": "/home/c2/Documents/rayngan/Scripts-Replacing-Crawler/openWPM_data/jfogs/sqlite/screenshots",
  "source_dump_path": "/home/c2/Documents/rayngan/Scripts-Replacing-Crawler/openWPM_data/jfogs/sqlite/sources",
  "testing": false
}

========== Browser Configuration ==========
Keys:
{
  "crawl_id": 0,
  "adblock-plus": 1,
  "bot_mitigation": 2,
  "browser": 3,
  "caching_disabled": 4,
  "cookie_instrument": 5,
  "disable_flash": 6,
  "disconnect": 7,
  "donottrack": 8,
  "extension_enabled": 9,
  "ghostery": 10,
  "headless": 11,
  "http_instrument": 12,
  "https-everywhere": 13,
  "js_instrument": 14,
  "prefs": 15,
  "random_attributes": 16,
  "save_all_content": 17,
  "save_documents": 18,
  "save_javascript": 19,
  "tp_cookies": 20,
  "tracking-protection": 21,
  "ublock-origin": 22
}

  0  1      2      3        4     5     6      7      8      9     10     11     12    13     14    15    16     17     18    19    20      21     22
---  -----  -----  -------  ----  ----  -----  -----  -----  ----  -----  -----  ----  -----  ----  ----  -----  -----  ----  ----  ------  -----  -----
  1  False  False  firefox  True  True  False  False  False  True  False  False  True  False  True  {}    False  False  True  True  always  False  False

========== Input profile tar files ==========
  No profile tar files specified

========== Output (archive) profile dirs ==========
  No profile archive directories specified


2021-03-21 15:29:53,500 - MainProcess[MainThread] - BaseAggregator       - DEBUG   : Status update; current record queue size: 0
2021-03-21 15:29:53,500 - MainProcess[MainThread] - TaskManager          - DEBUG   : Checking command failure status indicator...
2021-03-21 15:29:53,501 - MainProcess[MainThread] - BrowserManager       - DEBUG   : BROWSER 1: Joining command thread
2021-03-21 15:29:53,502 - MainProcess[MainThread] - BrowserManager       - INFO    : BROWSER 1: EXECUTING COMMAND: ('GET', 'https://www.invaluable.com/', 5, 1)
2021-03-21 15:29:53,518 - MainProcess[MainThread] - FirefoxExtension     - DEBUG   : Visit Id: 1
2021-03-21 15:29:54,583 - MainProcess[MainThread] - FirefoxExtension     - ERROR   : Error while retrieving additional channel information for URL: 
https://www.invaluable.com/favicon-128.png
 Error text:{}
2021-03-21 15:29:54,647 - MainProcess[MainThread] - FirefoxExtension     - ERROR   : Error during call to custom notificationCallbacks::getInterface.{}
2021-03-21 15:29:58,514 - MainProcess[MainThread] - BaseAggregator       - DEBUG   : Status update; current record queue size: 66
2021-03-21 15:30:03,531 - MainProcess[MainThread] - BaseAggregator       - DEBUG   : Status update; current record queue size: 0
2021-03-21 15:30:08,547 - MainProcess[MainThread] - BaseAggregator       - DEBUG   : Status update; current record queue size: 0
2021-03-21 15:30:13,559 - MainProcess[MainThread] - BaseAggregator       - DEBUG   : Status update; current record queue size: 0
2021-03-21 15:30:17,764 - MainProcess[MainThread] - BrowserManager       - INFO    : BROWSER 1: EXECUTING COMMAND: ('SCROLL_PAGE', '')
2021-03-21 15:30:18,582 - MainProcess[MainThread] - FirefoxExtension     - DEBUG   : POST request parser: unknown stream type
2021-03-21 15:30:18,658 - MainProcess[MainThread] - BaseAggregator       - DEBUG   : Status update; current record queue size: 482
2021-03-21 15:30:23,700 - MainProcess[MainThread] - BaseAggregator       - DEBUG   : Status update; current record queue size: 56
2021-03-21 15:30:28,713 - MainProcess[MainThread] - BaseAggregator       - DEBUG   : Status update; current record queue size: 1
2021-03-21 15:30:33,501 - MainProcess[MainThread] - BrowserManager       - DEBUG   : BROWSER 1: 40.000081 seconds to join command thread
2021-03-21 15:30:33,501 - MainProcess[MainThread] - BrowserManager       - DEBUG   : BROWSER 1: Killing browser manager...
2021-03-21 15:30:33,501 - MainProcess[MainThread] - BrowserManager       - DEBUG   : BROWSER 1: Attempting to kill BrowserManager with pid 897089. Display PID: None | Display Port: None | Browser PID: 897094
2021-03-21 15:30:33,510 - MainProcess[MainThread] - BrowserManager       - DEBUG   : BROWSER 1: Geckodriver process already killed.
2021-03-21 15:30:33,510 - MainProcess[MainThread] - BrowserManager       - DEBUG   : BROWSER 1: during_init=False | profile_archive_dir=None
2021-03-21 15:30:33,511 - MainProcess[MainThread] - BaseAggregator       - DEBUG   : Sending the shutdown signal to the LocalAggregator listener process...
2021-03-21 15:30:33,732 - MainProcess[MainThread] - BaseAggregator       - DEBUG   : Status update; current record queue size: 1
2021-03-21 15:30:33,732 - MainProcess[MainThread] - BaseAggregator       - INFO    : Received shutdown signal!
