2021-03-20 07:19:47,221 - MainProcess[MainThread] - BrowserManager       - DEBUG   : BROWSER 1: Spawn attempt 0 
2021-03-20 07:19:47,282 - MainProcess[MainThread] - deploy_firefox       - DEBUG   : BROWSER 1: OpenWPM Firefox extension loaded
2021-03-20 07:19:49,921 - MainProcess[log-interceptor-1] - selenium_firefox     - DEBUG   : BROWSER 1: driver: 1616249987304	geckodriver	INFO	Listening on 127.0.0.1:58203
2021-03-20 07:19:49,921 - MainProcess[log-interceptor-1] - selenium_firefox     - DEBUG   : BROWSER 1: driver: 1616249988611	mozprofile::profile	INFO	Using profile path /var/folders/dk/3yxy72jj5j7flsn_p3dwxyz80000gn/T/rust_mozprofile.iDGGcTNE3i1Z
2021-03-20 07:19:49,921 - MainProcess[log-interceptor-1] - selenium_firefox     - DEBUG   : BROWSER 1: driver: 1616249988661	geckodriver::marionette	INFO	Starting browser /Users/rayngan/Desktop/FPResearch/OpenWPM/Firefox.app/Contents/MacOS/firefox-bin with args []
2021-03-20 07:19:49,922 - MainProcess[log-interceptor-1] - selenium_firefox     - DEBUG   : BROWSER 1: driver: 1616249988688	geckodriver::marionette	INFO	Connecting to Marionette on localhost:58310
2021-03-20 07:19:49,922 - MainProcess[log-interceptor-1] - selenium_firefox     - DEBUG   : BROWSER 1: driver: 1616249989542	addons.manager	DEBUG	Application has been upgraded
2021-03-20 07:19:49,922 - MainProcess[log-interceptor-1] - selenium_firefox     - DEBUG   : BROWSER 1: driver: 1616249989606	addons.manager	DEBUG	Loaded provider scope for resource://gre/modules/addons/XPIProvider.jsm: ["XPIProvider"]
2021-03-20 07:19:49,922 - MainProcess[log-interceptor-1] - selenium_firefox     - DEBUG   : BROWSER 1: driver: 1616249989610	addons.manager	DEBUG	Loaded provider scope for resource://gre/modules/LightweightThemeManager.jsm: ["LightweightThemeManager"]
2021-03-20 07:19:49,922 - MainProcess[log-interceptor-1] - selenium_firefox     - DEBUG   : BROWSER 1: driver: 1616249989618	addons.manager	DEBUG	Loaded provider scope for resource://gre/modules/addons/GMPProvider.jsm
2021-03-20 07:19:49,922 - MainProcess[log-interceptor-1] - selenium_firefox     - DEBUG   : BROWSER 1: driver: 1616249989620	addons.manager	DEBUG	Loaded provider scope for resource://gre/modules/addons/PluginProvider.jsm
2021-03-20 07:19:49,922 - MainProcess[log-interceptor-1] - selenium_firefox     - DEBUG   : BROWSER 1: driver: 1616249989622	addons.manager	DEBUG	Starting provider: XPIProvider
2021-03-20 07:19:49,922 - MainProcess[log-interceptor-1] - selenium_firefox     - DEBUG   : BROWSER 1: driver: 1616249989622	addons.xpi	DEBUG	startup
2021-03-20 07:19:49,923 - MainProcess[log-interceptor-1] - selenium_firefox     - DEBUG   : BROWSER 1: driver: 1616249989624	addons.xpi	INFO	Mapping @openwpm to /var/folders/dk/3yxy72jj5j7flsn_p3dwxyz80000gn/T/rust_mozprofile.iDGGcTNE3i1Z/extensions/@openwpm
2021-03-20 07:19:49,923 - MainProcess[log-interceptor-1] - selenium_firefox     - DEBUG   : BROWSER 1: driver: 1616249989624	addons.xpi	INFO	SystemAddonInstallLocation directory is missing
2021-03-20 07:19:49,923 - MainProcess[log-interceptor-1] - selenium_firefox     - DEBUG   : BROWSER 1: driver: 1616249989626	addons.xpi	INFO	Mapping webcompat@mozilla.org to /Users/rayngan/Desktop/FPResearch/OpenWPM/Firefox.app/Contents/Resources/browser/features/webcompat@mozilla.org.xpi
2021-03-20 07:19:49,923 - MainProcess[log-interceptor-1] - selenium_firefox     - DEBUG   : BROWSER 1: driver: 1616249989626	addons.xpi	INFO	Mapping firefox@getpocket.com to /Users/rayngan/Desktop/FPResearch/OpenWPM/Firefox.app/Contents/Resources/browser/features/firefox@getpocket.com.xpi
2021-03-20 07:19:49,923 - MainProcess[log-interceptor-1] - selenium_firefox     - DEBUG   : BROWSER 1: driver: 1616249989628	addons.xpi	INFO	Mapping aushelper@mozilla.org to /Users/rayngan/Desktop/FPResearch/OpenWPM/Firefox.app/Contents/Resources/browser/features/aushelper@mozilla.org.xpi
2021-03-20 07:19:49,923 - MainProcess[log-interceptor-1] - selenium_firefox     - DEBUG   : BROWSER 1: driver: 1616249989628	addons.xpi	INFO	Mapping e10srollout@mozilla.org to /Users/rayngan/Desktop/FPResearch/OpenWPM/Firefox.app/Contents/Resources/browser/features/e10srollout@mozilla.org.xpi
2021-03-20 07:19:49,923 - MainProcess[log-interceptor-1] - selenium_firefox     - DEBUG   : BROWSER 1: driver: 1616249989628	addons.xpi	INFO	Mapping {972ce4c6-7e08-4474-a285-3208198ce6fd} to /Users/rayngan/Desktop/FPResearch/OpenWPM/Firefox.app/Contents/Resources/browser/extensions/{972ce4c6-7e08-4474-a285-3208198ce6fd}.xpi
2021-03-20 07:19:49,923 - MainProcess[log-interceptor-1] - selenium_firefox     - DEBUG   : BROWSER 1: driver: 1616249989630	addons.xpi	DEBUG	checkForChanges
2021-03-20 07:19:49,923 - MainProcess[log-interceptor-1] - selenium_firefox     - DEBUG   : BROWSER 1: driver: 1616249989630	addons.xpi	INFO	SystemAddonInstallLocation directory is missing
2021-03-20 07:19:49,924 - MainProcess[log-interceptor-1] - selenium_firefox     - DEBUG   : BROWSER 1: driver: 1616249989630	addons.xpi	DEBUG	Loaded add-on state from prefs: {}
2021-03-20 07:19:49,924 - MainProcess[log-interceptor-1] - selenium_firefox     - DEBUG   : BROWSER 1: driver: 1616249989630	addons.xpi	DEBUG	New add-on @openwpm in app-profile
2021-03-20 07:19:49,924 - MainProcess[log-interceptor-1] - selenium_firefox     - DEBUG   : BROWSER 1: driver: 1616249989632	addons.xpi	DEBUG	getModTime: Recursive scan of @openwpm
2021-03-20 07:19:49,924 - MainProcess[log-interceptor-1] - selenium_firefox     - DEBUG   : BROWSER 1: driver: 1616249989634	addons.xpi	DEBUG	New add-on webcompat@mozilla.org in app-system-defaults
2021-03-20 07:19:49,924 - MainProcess[log-interceptor-1] - selenium_firefox     - DEBUG   : BROWSER 1: driver: 1616249989634	addons.xpi	DEBUG	getModTime: Recursive scan of webcompat@mozilla.org
2021-03-20 07:19:49,924 - MainProcess[log-interceptor-1] - selenium_firefox     - DEBUG   : BROWSER 1: driver: 1616249989636	addons.xpi	DEBUG	New add-on firefox@getpocket.com in app-system-defaults
2021-03-20 07:19:49,924 - MainProcess[log-interceptor-1] - selenium_firefox     - DEBUG   : BROWSER 1: driver: 1616249989636	addons.xpi	DEBUG	getModTime: Recursive scan of firefox@getpocket.com
2021-03-20 07:19:49,924 - MainProcess[log-interceptor-1] - selenium_firefox     - DEBUG   : BROWSER 1: driver: 1616249989636	addons.xpi	DEBUG	New add-on aushelper@mozilla.org in app-system-defaults
2021-03-20 07:19:49,924 - MainProcess[log-interceptor-1] - selenium_firefox     - DEBUG   : BROWSER 1: driver: 1616249989636	addons.xpi	DEBUG	getModTime: Recursive scan of aushelper@mozilla.org
2021-03-20 07:19:49,924 - MainProcess[log-interceptor-1] - selenium_firefox     - DEBUG   : BROWSER 1: driver: 1616249989636	addons.xpi	DEBUG	New add-on e10srollout@mozilla.org in app-system-defaults
2021-03-20 07:19:49,924 - MainProcess[log-interceptor-1] - selenium_firefox     - DEBUG   : BROWSER 1: driver: 1616249989638	addons.xpi	DEBUG	getModTime: Recursive scan of e10srollout@mozilla.org
2021-03-20 07:19:49,924 - MainProcess[log-interceptor-1] - selenium_firefox     - DEBUG   : BROWSER 1: driver: 1616249989638	addons.xpi	DEBUG	New add-on {972ce4c6-7e08-4474-a285-3208198ce6fd} in app-global
2021-03-20 07:19:49,924 - MainProcess[log-interceptor-1] - selenium_firefox     - DEBUG   : BROWSER 1: driver: 1616249989638	addons.xpi	DEBUG	getModTime: Recursive scan of {972ce4c6-7e08-4474-a285-3208198ce6fd}
2021-03-20 07:19:49,925 - MainProcess[log-interceptor-1] - selenium_firefox     - DEBUG   : BROWSER 1: driver: 1616249989638	addons.xpi	DEBUG	getInstallState changed: true, state: {"app-profile":{"@openwpm":{"d":"/var/folders/dk/3yxy72jj5j7flsn_p3dwxyz80000gn/T/rust_mozprofile.iDGGcTNE3i1Z/extensions/@openwpm","st":1616249988634,"mt":1616249988615}},"app-system-defaults":{"webcompat@mozilla.org":{"d":"/Users/rayngan/Desktop/FPResearch/OpenWPM/Firefox.app/Contents/Resources/browser/features/webcompat@mozilla.org.xpi","st":1615228600950},"firefox@getpocket.com":{"d":"/Users/rayngan/Desktop/FPResearch/OpenWPM/Firefox.app/Contents/Resources/browser/features/firefox@getpocket.com.xpi","st":1615228600950},"aushelper@mozilla.org":{"d":"/Users/rayngan/Desktop/FPResearch/OpenWPM/Firefox.app/Contents/Resources/browser/features/aushelper@mozilla.org.xpi","st":1615228600925},"e10srollout@mozilla.org":{"d":"/Users/rayngan/Desktop/FPResearch/OpenWPM/Firefox.app/Contents/Resources/browser/features/e10srollout@mozilla.org.xpi","st":1615228600925}},"app-global":{"{972ce4c6-7e08-4474-a285-3208198ce6fd}":{"d":"/Users/rayngan/Desktop/FPResearch/OpenWPM/Firefox.app/Contents/Resources/browser/extensions/{972ce4c6-7e08-4474-a285-3208198ce6fd}.xpi","st":1615228600924}}}
2021-03-20 07:19:49,925 - MainProcess[log-interceptor-1] - selenium_firefox     - DEBUG   : BROWSER 1: driver: 1616249989648	addons.xpi-utils	DEBUG	Opening XPI database /var/folders/dk/3yxy72jj5j7flsn_p3dwxyz80000gn/T/rust_mozprofile.iDGGcTNE3i1Z/extensions.json
2021-03-20 07:19:49,925 - MainProcess[log-interceptor-1] - selenium_firefox     - DEBUG   : BROWSER 1: driver: 1616249989648	addons.xpi-utils	DEBUG	New add-on @openwpm installed in app-profile
2021-03-20 07:19:49,925 - MainProcess[log-interceptor-1] - selenium_firefox     - DEBUG   : BROWSER 1: driver: *** Blocklist::_loadBlocklistFromFile: blocklist is disabled
2021-03-20 07:19:49,925 - MainProcess[log-interceptor-1] - selenium_firefox     - DEBUG   : BROWSER 1: driver: 1616249989672	DeferredSave.extensions.json	DEBUG	Save changes
2021-03-20 07:19:49,925 - MainProcess[log-interceptor-1] - selenium_firefox     - DEBUG   : BROWSER 1: driver: 1616249989674	addons.xpi-utils	DEBUG	New add-on webcompat@mozilla.org installed in app-system-defaults
2021-03-20 07:19:49,925 - MainProcess[log-interceptor-1] - selenium_firefox     - DEBUG   : BROWSER 1: driver: 1616249989678	DeferredSave.extensions.json	DEBUG	Starting timer
2021-03-20 07:19:49,925 - MainProcess[log-interceptor-1] - selenium_firefox     - DEBUG   : BROWSER 1: driver: 1616249989682	DeferredSave.extensions.json	DEBUG	Save changes
2021-03-20 07:19:49,925 - MainProcess[log-interceptor-1] - selenium_firefox     - DEBUG   : BROWSER 1: driver: 1616249989682	addons.xpi-utils	DEBUG	New add-on firefox@getpocket.com installed in app-system-defaults
2021-03-20 07:19:49,925 - MainProcess[log-interceptor-1] - selenium_firefox     - DEBUG   : BROWSER 1: driver: 1616249989696	DeferredSave.extensions.json	DEBUG	Save changes
2021-03-20 07:19:49,925 - MainProcess[log-interceptor-1] - selenium_firefox     - DEBUG   : BROWSER 1: driver: 1616249989698	addons.xpi-utils	DEBUG	New add-on aushelper@mozilla.org installed in app-system-defaults
2021-03-20 07:19:49,926 - MainProcess[log-interceptor-1] - selenium_firefox     - DEBUG   : BROWSER 1: driver: 1616249989720	DeferredSave.extensions.json	DEBUG	Save changes
2021-03-20 07:19:49,926 - MainProcess[log-interceptor-1] - selenium_firefox     - DEBUG   : BROWSER 1: driver: 1616249989722	addons.xpi-utils	DEBUG	New add-on e10srollout@mozilla.org installed in app-system-defaults
2021-03-20 07:19:49,926 - MainProcess[log-interceptor-1] - selenium_firefox     - DEBUG   : BROWSER 1: driver: 1616249989732	DeferredSave.extensions.json	DEBUG	Starting write
2021-03-20 07:19:49,926 - MainProcess[log-interceptor-1] - selenium_firefox     - DEBUG   : BROWSER 1: driver: 1616249989738	DeferredSave.extensions.json	DEBUG	Save changes
2021-03-20 07:19:49,926 - MainProcess[log-interceptor-1] - selenium_firefox     - DEBUG   : BROWSER 1: driver: 1616249989738	DeferredSave.extensions.json	DEBUG	Data changed while write in progress
2021-03-20 07:19:49,926 - MainProcess[log-interceptor-1] - selenium_firefox     - DEBUG   : BROWSER 1: driver: 1616249989738	addons.xpi-utils	DEBUG	New add-on {972ce4c6-7e08-4474-a285-3208198ce6fd} installed in app-global
2021-03-20 07:19:49,926 - MainProcess[log-interceptor-1] - selenium_firefox     - DEBUG   : BROWSER 1: driver: 1616249989752	DeferredSave.extensions.json	DEBUG	Save changes
2021-03-20 07:19:49,926 - MainProcess[log-interceptor-1] - selenium_firefox     - DEBUG   : BROWSER 1: driver: 1616249989754	addons.manager	DEBUG	Registering startup change 'installed' for @openwpm
2021-03-20 07:19:49,926 - MainProcess[log-interceptor-1] - selenium_firefox     - DEBUG   : BROWSER 1: driver: 1616249989754	addons.manager	DEBUG	Registering startup change 'installed' for @openwpm
2021-03-20 07:19:49,926 - MainProcess[log-interceptor-1] - selenium_firefox     - DEBUG   : BROWSER 1: driver: 1616249989784	addons.xpi	DEBUG	Loading bootstrap scope from /var/folders/dk/3yxy72jj5j7flsn_p3dwxyz80000gn/T/rust_mozprofile.iDGGcTNE3i1Z/extensions/@openwpm
2021-03-20 07:19:49,926 - MainProcess[log-interceptor-1] - selenium_firefox     - DEBUG   : BROWSER 1: driver: 1616249989888	addons.xpi	DEBUG	Calling bootstrap method install on @openwpm version 0.0.1
2021-03-20 07:19:49,926 - MainProcess[log-interceptor-1] - selenium_firefox     - DEBUG   : BROWSER 1: driver: 1616249989888	addons.xpi-utils	DEBUG	Make addon app-profile:@openwpm visible
2021-03-20 07:19:49,926 - MainProcess[log-interceptor-1] - selenium_firefox     - DEBUG   : BROWSER 1: driver: 1616249989902	addons.xpi	DEBUG	Add-on @openwpm blocks e10s rollout.
2021-03-20 07:19:49,927 - MainProcess[log-interceptor-1] - selenium_firefox     - DEBUG   : BROWSER 1: driver: 1616249989902	DeferredSave.extensions.json	DEBUG	Save changes
2021-03-20 07:19:49,927 - MainProcess[log-interceptor-1] - selenium_firefox     - DEBUG   : BROWSER 1: driver: 1616249989902	addons.manager	DEBUG	Registering startup change 'installed' for webcompat@mozilla.org
2021-03-20 07:19:49,927 - MainProcess[log-interceptor-1] - selenium_firefox     - DEBUG   : BROWSER 1: driver: 1616249989902	addons.xpi	DEBUG	Loading bootstrap scope from /Users/rayngan/Desktop/FPResearch/OpenWPM/Firefox.app/Contents/Resources/browser/features/webcompat@mozilla.org.xpi
2021-03-20 07:19:49,927 - MainProcess[log-interceptor-1] - selenium_firefox     - DEBUG   : BROWSER 1: driver: 1616249989904	addons.xpi	DEBUG	Calling bootstrap method install on webcompat@mozilla.org version 1.0
2021-03-20 07:19:49,927 - MainProcess[log-interceptor-1] - selenium_firefox     - DEBUG   : BROWSER 1: driver: 1616249989904	addons.xpi-utils	DEBUG	Make addon app-system-defaults:webcompat@mozilla.org visible
2021-03-20 07:19:49,927 - MainProcess[log-interceptor-1] - selenium_firefox     - DEBUG   : BROWSER 1: driver: 1616249989906	addons.xpi	DEBUG	Add-on @openwpm blocks e10s rollout.
2021-03-20 07:19:49,927 - MainProcess[log-interceptor-1] - selenium_firefox     - DEBUG   : BROWSER 1: driver: 1616249989906	DeferredSave.extensions.json	DEBUG	Save changes
2021-03-20 07:19:49,927 - MainProcess[log-interceptor-1] - selenium_firefox     - DEBUG   : BROWSER 1: driver: 1616249989906	addons.manager	DEBUG	Registering startup change 'installed' for firefox@getpocket.com
2021-03-20 07:19:49,927 - MainProcess[log-interceptor-1] - selenium_firefox     - DEBUG   : BROWSER 1: driver: 1616249989908	addons.xpi	DEBUG	Loading bootstrap scope from /Users/rayngan/Desktop/FPResearch/OpenWPM/Firefox.app/Contents/Resources/browser/features/firefox@getpocket.com.xpi
2021-03-20 07:19:49,927 - MainProcess[log-interceptor-1] - selenium_firefox     - DEBUG   : BROWSER 1: driver: 1616249989916	addons.xpi	DEBUG	Calling bootstrap method install on firefox@getpocket.com version 1.0.5
2021-03-20 07:19:49,927 - MainProcess[log-interceptor-1] - selenium_firefox     - DEBUG   : BROWSER 1: driver: 1616249989916	addons.xpi-utils	DEBUG	Make addon app-system-defaults:firefox@getpocket.com visible
2021-03-20 07:19:49,928 - MainProcess[log-interceptor-1] - selenium_firefox     - DEBUG   : BROWSER 1: driver: 1616249989916	addons.xpi	DEBUG	Add-on @openwpm blocks e10s rollout.
2021-03-20 07:19:49,928 - MainProcess[log-interceptor-1] - selenium_firefox     - DEBUG   : BROWSER 1: driver: 1616249989916	DeferredSave.extensions.json	DEBUG	Save changes
2021-03-20 07:19:49,928 - MainProcess[log-interceptor-1] - selenium_firefox     - DEBUG   : BROWSER 1: driver: 1616249989916	addons.manager	DEBUG	Registering startup change 'installed' for aushelper@mozilla.org
2021-03-20 07:19:49,928 - MainProcess[log-interceptor-1] - selenium_firefox     - DEBUG   : BROWSER 1: driver: 1616249989918	addons.xpi	DEBUG	Loading bootstrap scope from /Users/rayngan/Desktop/FPResearch/OpenWPM/Firefox.app/Contents/Resources/browser/features/aushelper@mozilla.org.xpi
2021-03-20 07:19:49,977 - MainProcess[log-interceptor-1] - selenium_firefox     - DEBUG   : BROWSER 1: driver: 1616249989920	addons.xpi	DEBUG	Calling bootstrap method install on aushelper@mozilla.org version 2.0
2021-03-20 07:19:49,977 - MainProcess[log-interceptor-1] - selenium_firefox     - DEBUG   : BROWSER 1: driver: 1616249989920	addons.xpi-utils	DEBUG	Make addon app-system-defaults:aushelper@mozilla.org visible
2021-03-20 07:19:49,977 - MainProcess[log-interceptor-1] - selenium_firefox     - DEBUG   : BROWSER 1: driver: 1616249989920	addons.xpi	DEBUG	Add-on @openwpm blocks e10s rollout.
2021-03-20 07:19:49,977 - MainProcess[log-interceptor-1] - selenium_firefox     - DEBUG   : BROWSER 1: driver: 1616249989920	DeferredSave.extensions.json	DEBUG	Save changes
2021-03-20 07:19:49,977 - MainProcess[log-interceptor-1] - selenium_firefox     - DEBUG   : BROWSER 1: driver: 1616249989920	addons.manager	DEBUG	Registering startup change 'installed' for e10srollout@mozilla.org
2021-03-20 07:19:49,978 - MainProcess[log-interceptor-1] - selenium_firefox     - DEBUG   : BROWSER 1: driver: 1616249989922	addons.xpi	DEBUG	Loading bootstrap scope from /Users/rayngan/Desktop/FPResearch/OpenWPM/Firefox.app/Contents/Resources/browser/features/e10srollout@mozilla.org.xpi
2021-03-20 07:19:49,978 - MainProcess[log-interceptor-1] - selenium_firefox     - DEBUG   : BROWSER 1: driver: 1616249989926	addons.xpi	DEBUG	Calling bootstrap method install on e10srollout@mozilla.org version 1.10
2021-03-20 07:19:49,978 - MainProcess[log-interceptor-1] - selenium_firefox     - DEBUG   : BROWSER 1: driver: 1616249989926	addons.xpi	DEBUG	Add-on @openwpm blocks e10s rollout.
2021-03-20 07:19:49,978 - MainProcess[log-interceptor-1] - selenium_firefox     - DEBUG   : BROWSER 1: driver: 1616249989928	addons.xpi	DEBUG	Add-on @openwpm blocks e10s rollout.
2021-03-20 07:19:49,978 - MainProcess[log-interceptor-1] - selenium_firefox     - DEBUG   : BROWSER 1: driver: 1616249989928	addons.xpi-utils	DEBUG	Make addon app-system-defaults:e10srollout@mozilla.org visible
2021-03-20 07:19:49,978 - MainProcess[log-interceptor-1] - selenium_firefox     - DEBUG   : BROWSER 1: driver: 1616249989928	addons.xpi	DEBUG	Add-on @openwpm blocks e10s rollout.
2021-03-20 07:19:49,978 - MainProcess[log-interceptor-1] - selenium_firefox     - DEBUG   : BROWSER 1: driver: 1616249989928	DeferredSave.extensions.json	DEBUG	Save changes
2021-03-20 07:19:49,978 - MainProcess[log-interceptor-1] - selenium_firefox     - DEBUG   : BROWSER 1: driver: 1616249989928	addons.xpi-utils	DEBUG	Make addon app-global:{972ce4c6-7e08-4474-a285-3208198ce6fd} visible
2021-03-20 07:19:49,978 - MainProcess[log-interceptor-1] - selenium_firefox     - DEBUG   : BROWSER 1: driver: 1616249989930	addons.xpi	DEBUG	Add-on @openwpm blocks e10s rollout.
2021-03-20 07:19:49,978 - MainProcess[log-interceptor-1] - selenium_firefox     - DEBUG   : BROWSER 1: driver: 1616249989930	DeferredSave.extensions.json	DEBUG	Save changes
2021-03-20 07:19:49,978 - MainProcess[log-interceptor-1] - selenium_firefox     - DEBUG   : BROWSER 1: driver: 1616249989930	addons.xpi	DEBUG	Updating XPIState for {"id":"@openwpm","syncGUID":"{d2c2e37b-4cfa-fe47-9fce-a577d5ea12f0}","location":"app-profile","version":"0.0.1","type":"extension","internalName":null,"updateURL":null,"updateKey":null,"optionsURL":null,"optionsType":null,"aboutURL":null,"icons":{},"iconURL":null,"icon64URL":null,"defaultLocale":{"name":"openwpm","description":"Extension with socket interface into OpenWPM","creator":"Steven Englehardt","homepageURL":null},"visible":true,"active":true,"userDisabled":false,"appDisabled":false,"descriptor":"/var/folders/dk/3yxy72jj5j7flsn_p3dwxyz80000gn/T/rust_mozprofile.iDGGcTNE3i1Z/extensions/@openwpm","installDate":1616249988634,"updateDate":1616249988634,"applyBackgroundUpdates":1,"bootstrap":true,"skinnable":false,"size":102064,"sourceURI":null,"releaseNotesURI":null,"softDisabled":false,"foreignInstall":true,"hasBinaryComponents":false,"strictCompatibility":false,"locales":[],"targetApplications":[{"id":"{ec8030f7-c20a-464f-9b0e-13a3a9e97384}","minVersion":"38.0a1","maxVersion":"*"}],"targetPlatforms":[],"multiprocessCompatible":false,"signedState":0,"seen":true,"dependencies":[],"hasEmbeddedWebExtension":false,"mpcOptedOut":false}
2021-03-20 07:19:49,979 - MainProcess[log-interceptor-1] - selenium_firefox     - DEBUG   : BROWSER 1: driver: 1616249989930	addons.xpi	DEBUG	getModTime: Recursive scan of @openwpm
2021-03-20 07:19:49,979 - MainProcess[log-interceptor-1] - selenium_firefox     - DEBUG   : BROWSER 1: driver: 1616249989942	addons.xpi	DEBUG	Updating XPIState for {"id":"webcompat@mozilla.org","syncGUID":"{9c80669f-10ce-0245-81b5-0c196d3e0e39}","location":"app-system-defaults","version":"1.0","type":"extension","internalName":null,"updateURL":null,"updateKey":null,"optionsURL":null,"optionsType":null,"aboutURL":null,"icons":{},"iconURL":null,"icon64URL":null,"defaultLocale":{"name":"Web Compat","description":"Urgent post-release fixes for web compatibility.","creator":null,"homepageURL":null},"visible":true,"active":true,"userDisabled":false,"appDisabled":false,"descriptor":"/Users/rayngan/Desktop/FPResearch/OpenWPM/Firefox.app/Contents/Resources/browser/features/webcompat@mozilla.org.xpi","installDate":1615228600950,"updateDate":1615228600950,"applyBackgroundUpdates":1,"bootstrap":true,"skinnable":false,"size":1456,"sourceURI":null,"releaseNotesURI":null,"softDisabled":false,"foreignInstall":false,"hasBinaryComponents":false,"strictCompatibility":false,"locales":[],"targetApplications":[{"id":"{ec8030f7-c20a-464f-9b0e-13a3a9e97384}","minVersion":"52.9.0","maxVersion":"52.*"}],"targetPlatforms":[],"multiprocessCompatible":true,"seen":true,"dependencies":[],"hasEmbeddedWebExtension":false,"mpcOptedOut":false}
2021-03-20 07:19:49,979 - MainProcess[log-interceptor-1] - selenium_firefox     - DEBUG   : BROWSER 1: driver: 1616249989942	addons.xpi	DEBUG	getModTime: Recursive scan of webcompat@mozilla.org
2021-03-20 07:19:49,979 - MainProcess[log-interceptor-1] - selenium_firefox     - DEBUG   : BROWSER 1: driver: 1616249989946	addons.xpi	DEBUG	Updating XPIState for {"id":"firefox@getpocket.com","syncGUID":"{5b76fcce-17e2-0848-88cd-86a6c0ca07aa}","location":"app-system-defaults","version":"1.0.5","type":"extension","internalName":null,"updateURL":null,"updateKey":null,"optionsURL":null,"optionsType":null,"aboutURL":null,"icons":{},"iconURL":null,"icon64URL":null,"defaultLocale":{"name":"Pocket","description":"When you find something you want to view later, put it in Pocket.","creator":null,"homepageURL":null},"visible":true,"active":true,"userDisabled":false,"appDisabled":false,"descriptor":"/Users/rayngan/Desktop/FPResearch/OpenWPM/Firefox.app/Contents/Resources/browser/features/firefox@getpocket.com.xpi","installDate":1615228600950,"updateDate":1615228600950,"applyBackgroundUpdates":1,"bootstrap":true,"skinnable":false,"size":920281,"sourceURI":null,"releaseNotesURI":null,"softDisabled":false,"foreignInstall":false,"hasBinaryComponents":false,"strictCompatibility":false,"locales":[],"targetApplications":[{"id":"{ec8030f7-c20a-464f-9b0e-13a3a9e97384}","minVersion":"52.9.0","maxVersion":"52.*"}],"targetPlatforms":[],"multiprocessCompatible":true,"seen":true,"dependencies":[],"hasEmbeddedWebExtension":false,"mpcOptedOut":false}
2021-03-20 07:19:49,979 - MainProcess[log-interceptor-1] - selenium_firefox     - DEBUG   : BROWSER 1: driver: 1616249989946	addons.xpi	DEBUG	getModTime: Recursive scan of firefox@getpocket.com
2021-03-20 07:19:49,979 - MainProcess[log-interceptor-1] - selenium_firefox     - DEBUG   : BROWSER 1: driver: 1616249989946	addons.xpi	DEBUG	Updating XPIState for {"id":"aushelper@mozilla.org","syncGUID":"{a9b8c9f8-619a-0a45-980d-b2c2f81eeaa4}","location":"app-system-defaults","version":"2.0","type":"extension","internalName":null,"updateURL":null,"updateKey":null,"optionsURL":null,"optionsType":null,"aboutURL":null,"icons":{},"iconURL":null,"icon64URL":null,"defaultLocale":{"name":"Application Update Service Helper","description":"Sets value(s) in the update url based on custom checks.","creator":null,"homepageURL":null},"visible":true,"active":true,"userDisabled":false,"appDisabled":false,"descriptor":"/Users/rayngan/Desktop/FPResearch/OpenWPM/Firefox.app/Contents/Resources/browser/features/aushelper@mozilla.org.xpi","installDate":1615228600925,"updateDate":1615228600925,"applyBackgroundUpdates":1,"bootstrap":true,"skinnable":false,"size":8488,"sourceURI":null,"releaseNotesURI":null,"softDisabled":false,"foreignInstall":false,"hasBinaryComponents":false,"strictCompatibility":false,"locales":[],"targetApplications":[{"id":"{ec8030f7-c20a-464f-9b0e-13a3a9e97384}","minVersion":"52.9.0","maxVersion":"52.*"}],"targetPlatforms":[],"multiprocessCompatible":true,"seen":true,"dependencies":[],"hasEmbeddedWebExtension":false,"mpcOptedOut":false}
2021-03-20 07:19:49,979 - MainProcess[log-interceptor-1] - selenium_firefox     - DEBUG   : BROWSER 1: driver: 1616249989946	addons.xpi	DEBUG	getModTime: Recursive scan of aushelper@mozilla.org
2021-03-20 07:19:49,979 - MainProcess[log-interceptor-1] - selenium_firefox     - DEBUG   : BROWSER 1: driver: 1616249989948	addons.xpi	DEBUG	Updating XPIState for {"id":"e10srollout@mozilla.org","syncGUID":"{e0784555-c0df-3d47-8537-71ca9c5b79ac}","location":"app-system-defaults","version":"1.10","type":"extension","internalName":null,"updateURL":null,"updateKey":null,"optionsURL":null,"optionsType":null,"aboutURL":null,"icons":{},"iconURL":null,"icon64URL":null,"defaultLocale":{"name":"Multi-process staged rollout","description":"Staged rollout of Firefox multi-process feature.","creator":null,"homepageURL":null},"visible":true,"active":true,"userDisabled":false,"appDisabled":false,"descriptor":"/Users/rayngan/Desktop/FPResearch/OpenWPM/Firefox.app/Contents/Resources/browser/features/e10srollout@mozilla.org.xpi","installDate":1615228600925,"updateDate":1615228600925,"applyBackgroundUpdates":1,"bootstrap":true,"skinnable":false,"size":8145,"sourceURI":null,"releaseNotesURI":null,"softDisabled":false,"foreignInstall":false,"hasBinaryComponents":false,"strictCompatibility":false,"locales":[],"targetApplications":[{"id":"{ec8030f7-c20a-464f-9b0e-13a3a9e97384}","minVersion":"52.9.0","maxVersion":"52.*"}],"targetPlatforms":[],"multiprocessCompatible":true,"seen":true,"dependencies":[],"hasEmbeddedWebExtension":false,"mpcOptedOut":false}
2021-03-20 07:19:49,979 - MainProcess[log-interceptor-1] - selenium_firefox     - DEBUG   : BROWSER 1: driver: 1616249989948	addons.xpi	DEBUG	getModTime: Recursive scan of e10srollout@mozilla.org
2021-03-20 07:19:49,979 - MainProcess[log-interceptor-1] - selenium_firefox     - DEBUG   : BROWSER 1: driver: 1616249989948	addons.xpi	DEBUG	Updating XPIState for {"id":"{972ce4c6-7e08-4474-a285-3208198ce6fd}","syncGUID":"{6385e52f-ee93-fa4c-a53c-fc743172696b}","location":"app-global","version":"52.9.0","type":"theme","internalName":"classic/1.0","updateURL":null,"updateKey":null,"optionsURL":null,"optionsType":null,"aboutURL":null,"icons":{"32":"icon.png","48":"icon.png"},"iconURL":null,"icon64URL":null,"defaultLocale":{"name":"Default","description":"The default theme.","creator":"Mozilla","homepageURL":null,"contributors":["Mozilla Contributors"]},"visible":true,"active":true,"userDisabled":false,"appDisabled":false,"descriptor":"/Users/rayngan/Desktop/FPResearch/OpenWPM/Firefox.app/Contents/Resources/browser/extensions/{972ce4c6-7e08-4474-a285-3208198ce6fd}.xpi","installDate":1615228600924,"updateDate":1615228600924,"applyBackgroundUpdates":1,"skinnable":true,"size":6352,"sourceURI":null,"releaseNotesURI":null,"softDisabled":false,"foreignInstall":false,"hasBinaryComponents":false,"strictCompatibility":true,"locales":[],"targetApplications":[{"id":"{ec8030f7-c20a-464f-9b0e-13a3a9e97384}","minVersion":"52.9.0","maxVersion":"52.9.0"}],"targetPlatforms":[],"seen":true,"dependencies":[],"hasEmbeddedWebExtension":false}
2021-03-20 07:19:49,980 - MainProcess[log-interceptor-1] - selenium_firefox     - DEBUG   : BROWSER 1: driver: 1616249989948	addons.xpi	DEBUG	getModTime: Recursive scan of {972ce4c6-7e08-4474-a285-3208198ce6fd}
2021-03-20 07:19:49,980 - MainProcess[log-interceptor-1] - selenium_firefox     - DEBUG   : BROWSER 1: driver: 1616249989950	addons.xpi	DEBUG	Add-on @openwpm blocks e10s rollout.
2021-03-20 07:19:49,980 - MainProcess[log-interceptor-1] - selenium_firefox     - DEBUG   : BROWSER 1: driver: 1616249989950	DeferredSave.extensions.json	DEBUG	Save changes
2021-03-20 07:19:49,980 - MainProcess[log-interceptor-1] - selenium_firefox     - DEBUG   : BROWSER 1: driver: 1616249989950	addons.xpi	DEBUG	Updating database with changes to installed add-ons
2021-03-20 07:19:49,980 - MainProcess[log-interceptor-1] - selenium_firefox     - DEBUG   : BROWSER 1: driver: 1616249989950	addons.xpi-utils	DEBUG	Updating add-on states
2021-03-20 07:19:49,980 - MainProcess[log-interceptor-1] - selenium_firefox     - DEBUG   : BROWSER 1: driver: 1616249989950	addons.xpi-utils	DEBUG	Writing add-ons list
2021-03-20 07:19:49,980 - MainProcess[log-interceptor-1] - selenium_firefox     - DEBUG   : BROWSER 1: driver: 1616249989956	addons.xpi	DEBUG	Registering manifest for /var/folders/dk/3yxy72jj5j7flsn_p3dwxyz80000gn/T/rust_mozprofile.iDGGcTNE3i1Z/extensions/@openwpm
2021-03-20 07:19:49,980 - MainProcess[log-interceptor-1] - selenium_firefox     - DEBUG   : BROWSER 1: driver: 1616249989958	addons.xpi	DEBUG	Calling bootstrap method startup on @openwpm version 0.0.1
2021-03-20 07:19:49,980 - MainProcess[log-interceptor-1] - selenium_firefox     - DEBUG   : BROWSER 1: driver: 1616249989974	addons.xpi	DEBUG	Registering manifest for /Users/rayngan/Desktop/FPResearch/OpenWPM/Firefox.app/Contents/Resources/browser/features/aushelper@mozilla.org.xpi
2021-03-20 07:19:49,980 - MainProcess[log-interceptor-1] - selenium_firefox     - DEBUG   : BROWSER 1: driver: 1616249989974	addons.xpi	DEBUG	Calling bootstrap method startup on aushelper@mozilla.org version 2.0
2021-03-20 07:19:49,980 - MainProcess[log-interceptor-1] - selenium_firefox     - DEBUG   : BROWSER 1: driver: 1616249989976	addons.xpi	DEBUG	Registering manifest for /Users/rayngan/Desktop/FPResearch/OpenWPM/Firefox.app/Contents/Resources/browser/features/e10srollout@mozilla.org.xpi
2021-03-20 07:19:52,231 - MainProcess[MainThread] - BaseAggregator       - DEBUG   : Status update; current record queue size: 0
2021-03-20 07:19:53,873 - MainProcess[MainThread] - BrowserManager       - DEBUG   : BROWSER 1: Looking for extension port information in /var/folders/dk/3yxy72jj5j7flsn_p3dwxyz80000gn/T/rust_mozprofile.iDGGcTNE3i1Z/
2021-03-20 07:19:53,875 - MainProcess[MainThread] - BrowserManager       - INFO    : BROWSER 1: Crash in driver, restarting browser manager 
 Traceback (most recent call last):
  File "/Users/rayngan/Desktop/FPResearch/OpenWPM/automation/BrowserManager.py", line 363, in BrowserManager
    with open(ep_filename, 'rt') as f:
IOError: [Errno 2] No such file or directory: '/var/folders/dk/3yxy72jj5j7flsn_p3dwxyz80000gn/T/rust_mozprofile.iDGGcTNE3i1Z/extension_port.txt'

2021-03-20 07:19:53,878 - MainProcess[MainThread] - BrowserManager       - ERROR   : BROWSER 1: Spawn unsuccessful  | Proxy Ready: False  | Profile Created: True  | Profile Tar: True  | Display: True  | Launch Attempted: True  | Browser Launched: True  | Browser Ready: False 
2021-03-20 07:19:53,879 - MainProcess[MainThread] - BrowserManager       - DEBUG   : BROWSER 1: Attempting to kill BrowserManager with pid 26689. Display PID: None | Display Port: None | Browser PID: 26722
2021-03-20 07:19:53,934 - MainProcess[MainThread] - BrowserManager       - DEBUG   : BROWSER 1: Geckodriver process already killed.
2021-03-20 07:19:53,944 - MainProcess[MainThread] - BrowserManager       - DEBUG   : BROWSER 1: Spawn attempt 1 
2021-03-20 07:19:54,041 - MainProcess[MainThread] - deploy_firefox       - DEBUG   : BROWSER 1: OpenWPM Firefox extension loaded
2021-03-20 07:19:55,325 - MainProcess[log-interceptor-1] - selenium_firefox     - DEBUG   : BROWSER 1: driver: 1616249994082	geckodriver	INFO	Listening on 127.0.0.1:58650
2021-03-20 07:19:55,326 - MainProcess[log-interceptor-1] - selenium_firefox     - DEBUG   : BROWSER 1: driver: 1616249994538	mozprofile::profile	INFO	Using profile path /var/folders/dk/3yxy72jj5j7flsn_p3dwxyz80000gn/T/rust_mozprofile.yXyVkGipzBrw
2021-03-20 07:19:55,326 - MainProcess[log-interceptor-1] - selenium_firefox     - DEBUG   : BROWSER 1: driver: 1616249994574	geckodriver::marionette	INFO	Starting browser /Users/rayngan/Desktop/FPResearch/OpenWPM/Firefox.app/Contents/MacOS/firefox-bin with args []
2021-03-20 07:19:55,327 - MainProcess[log-interceptor-1] - selenium_firefox     - DEBUG   : BROWSER 1: driver: 1616249994583	geckodriver::marionette	INFO	Connecting to Marionette on localhost:58710
2021-03-20 07:19:55,327 - MainProcess[log-interceptor-1] - selenium_firefox     - DEBUG   : BROWSER 1: driver: 1616249995078	addons.manager	DEBUG	Application has been upgraded
2021-03-20 07:19:55,327 - MainProcess[log-interceptor-1] - selenium_firefox     - DEBUG   : BROWSER 1: driver: 1616249995142	addons.manager	DEBUG	Loaded provider scope for resource://gre/modules/addons/XPIProvider.jsm: ["XPIProvider"]
2021-03-20 07:19:55,327 - MainProcess[log-interceptor-1] - selenium_firefox     - DEBUG   : BROWSER 1: driver: 1616249995146	addons.manager	DEBUG	Loaded provider scope for resource://gre/modules/LightweightThemeManager.jsm: ["LightweightThemeManager"]
2021-03-20 07:19:55,327 - MainProcess[log-interceptor-1] - selenium_firefox     - DEBUG   : BROWSER 1: driver: 1616249995152	addons.manager	DEBUG	Loaded provider scope for resource://gre/modules/addons/GMPProvider.jsm
2021-03-20 07:19:55,327 - MainProcess[log-interceptor-1] - selenium_firefox     - DEBUG   : BROWSER 1: driver: 1616249995156	addons.manager	DEBUG	Loaded provider scope for resource://gre/modules/addons/PluginProvider.jsm
2021-03-20 07:19:55,327 - MainProcess[log-interceptor-1] - selenium_firefox     - DEBUG   : BROWSER 1: driver: 1616249995156	addons.manager	DEBUG	Starting provider: XPIProvider
2021-03-20 07:19:55,327 - MainProcess[log-interceptor-1] - selenium_firefox     - DEBUG   : BROWSER 1: driver: 1616249995156	addons.xpi	DEBUG	startup
2021-03-20 07:19:55,327 - MainProcess[log-interceptor-1] - selenium_firefox     - DEBUG   : BROWSER 1: driver: 1616249995158	addons.xpi	INFO	Mapping @openwpm to /var/folders/dk/3yxy72jj5j7flsn_p3dwxyz80000gn/T/rust_mozprofile.yXyVkGipzBrw/extensions/@openwpm
2021-03-20 07:19:55,328 - MainProcess[log-interceptor-1] - selenium_firefox     - DEBUG   : BROWSER 1: driver: 1616249995158	addons.xpi	INFO	SystemAddonInstallLocation directory is missing
2021-03-20 07:19:55,328 - MainProcess[log-interceptor-1] - selenium_firefox     - DEBUG   : BROWSER 1: driver: 1616249995158	addons.xpi	INFO	Mapping webcompat@mozilla.org to /Users/rayngan/Desktop/FPResearch/OpenWPM/Firefox.app/Contents/Resources/browser/features/webcompat@mozilla.org.xpi
2021-03-20 07:19:55,328 - MainProcess[log-interceptor-1] - selenium_firefox     - DEBUG   : BROWSER 1: driver: 1616249995158	addons.xpi	INFO	Mapping firefox@getpocket.com to /Users/rayngan/Desktop/FPResearch/OpenWPM/Firefox.app/Contents/Resources/browser/features/firefox@getpocket.com.xpi
2021-03-20 07:19:55,328 - MainProcess[log-interceptor-1] - selenium_firefox     - DEBUG   : BROWSER 1: driver: 1616249995158	addons.xpi	INFO	Mapping aushelper@mozilla.org to /Users/rayngan/Desktop/FPResearch/OpenWPM/Firefox.app/Contents/Resources/browser/features/aushelper@mozilla.org.xpi
2021-03-20 07:19:55,328 - MainProcess[log-interceptor-1] - selenium_firefox     - DEBUG   : BROWSER 1: driver: 1616249995160	addons.xpi	INFO	Mapping e10srollout@mozilla.org to /Users/rayngan/Desktop/FPResearch/OpenWPM/Firefox.app/Contents/Resources/browser/features/e10srollout@mozilla.org.xpi
2021-03-20 07:19:55,328 - MainProcess[log-interceptor-1] - selenium_firefox     - DEBUG   : BROWSER 1: driver: 1616249995160	addons.xpi	INFO	Mapping {972ce4c6-7e08-4474-a285-3208198ce6fd} to /Users/rayngan/Desktop/FPResearch/OpenWPM/Firefox.app/Contents/Resources/browser/extensions/{972ce4c6-7e08-4474-a285-3208198ce6fd}.xpi
2021-03-20 07:19:55,328 - MainProcess[log-interceptor-1] - selenium_firefox     - DEBUG   : BROWSER 1: driver: 1616249995160	addons.xpi	DEBUG	checkForChanges
2021-03-20 07:19:55,328 - MainProcess[log-interceptor-1] - selenium_firefox     - DEBUG   : BROWSER 1: driver: 1616249995160	addons.xpi	INFO	SystemAddonInstallLocation directory is missing
2021-03-20 07:19:55,328 - MainProcess[log-interceptor-1] - selenium_firefox     - DEBUG   : BROWSER 1: driver: 1616249995162	addons.xpi	DEBUG	Loaded add-on state from prefs: {}
2021-03-20 07:19:55,328 - MainProcess[log-interceptor-1] - selenium_firefox     - DEBUG   : BROWSER 1: driver: 1616249995162	addons.xpi	DEBUG	New add-on @openwpm in app-profile
2021-03-20 07:19:55,328 - MainProcess[log-interceptor-1] - selenium_firefox     - DEBUG   : BROWSER 1: driver: 1616249995162	addons.xpi	DEBUG	getModTime: Recursive scan of @openwpm
2021-03-20 07:19:55,329 - MainProcess[log-interceptor-1] - selenium_firefox     - DEBUG   : BROWSER 1: driver: 1616249995166	addons.xpi	DEBUG	New add-on webcompat@mozilla.org in app-system-defaults
2021-03-20 07:19:55,329 - MainProcess[log-interceptor-1] - selenium_firefox     - DEBUG   : BROWSER 1: driver: 1616249995166	addons.xpi	DEBUG	getModTime: Recursive scan of webcompat@mozilla.org
2021-03-20 07:19:55,329 - MainProcess[log-interceptor-1] - selenium_firefox     - DEBUG   : BROWSER 1: driver: 1616249995168	addons.xpi	DEBUG	New add-on firefox@getpocket.com in app-system-defaults
2021-03-20 07:19:55,329 - MainProcess[log-interceptor-1] - selenium_firefox     - DEBUG   : BROWSER 1: driver: 1616249995168	addons.xpi	DEBUG	getModTime: Recursive scan of firefox@getpocket.com
2021-03-20 07:19:55,329 - MainProcess[log-interceptor-1] - selenium_firefox     - DEBUG   : BROWSER 1: driver: 1616249995168	addons.xpi	DEBUG	New add-on aushelper@mozilla.org in app-system-defaults
2021-03-20 07:19:55,329 - MainProcess[log-interceptor-1] - selenium_firefox     - DEBUG   : BROWSER 1: driver: 1616249995168	addons.xpi	DEBUG	getModTime: Recursive scan of aushelper@mozilla.org
2021-03-20 07:19:55,329 - MainProcess[log-interceptor-1] - selenium_firefox     - DEBUG   : BROWSER 1: driver: 1616249995170	addons.xpi	DEBUG	New add-on e10srollout@mozilla.org in app-system-defaults
2021-03-20 07:19:55,329 - MainProcess[log-interceptor-1] - selenium_firefox     - DEBUG   : BROWSER 1: driver: 1616249995170	addons.xpi	DEBUG	getModTime: Recursive scan of e10srollout@mozilla.org
2021-03-20 07:19:55,329 - MainProcess[log-interceptor-1] - selenium_firefox     - DEBUG   : BROWSER 1: driver: 1616249995170	addons.xpi	DEBUG	New add-on {972ce4c6-7e08-4474-a285-3208198ce6fd} in app-global
2021-03-20 07:19:55,329 - MainProcess[log-interceptor-1] - selenium_firefox     - DEBUG   : BROWSER 1: driver: 1616249995170	addons.xpi	DEBUG	getModTime: Recursive scan of {972ce4c6-7e08-4474-a285-3208198ce6fd}
2021-03-20 07:19:55,329 - MainProcess[log-interceptor-1] - selenium_firefox     - DEBUG   : BROWSER 1: driver: 1616249995170	addons.xpi	DEBUG	getInstallState changed: true, state: {"app-profile":{"@openwpm":{"d":"/var/folders/dk/3yxy72jj5j7flsn_p3dwxyz80000gn/T/rust_mozprofile.yXyVkGipzBrw/extensions/@openwpm","st":1616249994544,"mt":1616249994539}},"app-system-defaults":{"webcompat@mozilla.org":{"d":"/Users/rayngan/Desktop/FPResearch/OpenWPM/Firefox.app/Contents/Resources/browser/features/webcompat@mozilla.org.xpi","st":1615228600950},"firefox@getpocket.com":{"d":"/Users/rayngan/Desktop/FPResearch/OpenWPM/Firefox.app/Contents/Resources/browser/features/firefox@getpocket.com.xpi","st":1615228600950},"aushelper@mozilla.org":{"d":"/Users/rayngan/Desktop/FPResearch/OpenWPM/Firefox.app/Contents/Resources/browser/features/aushelper@mozilla.org.xpi","st":1615228600925},"e10srollout@mozilla.org":{"d":"/Users/rayngan/Desktop/FPResearch/OpenWPM/Firefox.app/Contents/Resources/browser/features/e10srollout@mozilla.org.xpi","st":1615228600925}},"app-global":{"{972ce4c6-7e08-4474-a285-3208198ce6fd}":{"d":"/Users/rayngan/Desktop/FPResearch/OpenWPM/Firefox.app/Contents/Resources/browser/extensions/{972ce4c6-7e08-4474-a285-3208198ce6fd}.xpi","st":1615228600924}}}
2021-03-20 07:19:55,329 - MainProcess[log-interceptor-1] - selenium_firefox     - DEBUG   : BROWSER 1: driver: 1616249995180	addons.xpi-utils	DEBUG	Opening XPI database /var/folders/dk/3yxy72jj5j7flsn_p3dwxyz80000gn/T/rust_mozprofile.yXyVkGipzBrw/extensions.json
2021-03-20 07:19:55,329 - MainProcess[log-interceptor-1] - selenium_firefox     - DEBUG   : BROWSER 1: driver: 1616249995180	addons.xpi-utils	DEBUG	New add-on @openwpm installed in app-profile
2021-03-20 07:19:55,330 - MainProcess[log-interceptor-1] - selenium_firefox     - DEBUG   : BROWSER 1: driver: *** Blocklist::_loadBlocklistFromFile: blocklist is disabled
2021-03-20 07:19:55,330 - MainProcess[log-interceptor-1] - selenium_firefox     - DEBUG   : BROWSER 1: driver: 1616249995200	DeferredSave.extensions.json	DEBUG	Save changes
2021-03-20 07:19:55,330 - MainProcess[log-interceptor-1] - selenium_firefox     - DEBUG   : BROWSER 1: driver: 1616249995202	addons.xpi-utils	DEBUG	New add-on webcompat@mozilla.org installed in app-system-defaults
2021-03-20 07:19:55,330 - MainProcess[log-interceptor-1] - selenium_firefox     - DEBUG   : BROWSER 1: driver: 1616249995204	DeferredSave.extensions.json	DEBUG	Starting timer
2021-03-20 07:19:55,330 - MainProcess[log-interceptor-1] - selenium_firefox     - DEBUG   : BROWSER 1: driver: 1616249995206	DeferredSave.extensions.json	DEBUG	Save changes
2021-03-20 07:19:55,330 - MainProcess[log-interceptor-1] - selenium_firefox     - DEBUG   : BROWSER 1: driver: 1616249995206	addons.xpi-utils	DEBUG	New add-on firefox@getpocket.com installed in app-system-defaults
2021-03-20 07:19:55,330 - MainProcess[log-interceptor-1] - selenium_firefox     - DEBUG   : BROWSER 1: driver: 1616249995216	DeferredSave.extensions.json	DEBUG	Save changes
2021-03-20 07:19:55,330 - MainProcess[log-interceptor-1] - selenium_firefox     - DEBUG   : BROWSER 1: driver: 1616249995216	addons.xpi-utils	DEBUG	New add-on aushelper@mozilla.org installed in app-system-defaults
2021-03-20 07:19:55,330 - MainProcess[log-interceptor-1] - selenium_firefox     - DEBUG   : BROWSER 1: driver: 1616249995222	DeferredSave.extensions.json	DEBUG	Save changes
2021-03-20 07:19:55,330 - MainProcess[log-interceptor-1] - selenium_firefox     - DEBUG   : BROWSER 1: driver: 1616249995222	addons.xpi-utils	DEBUG	New add-on e10srollout@mozilla.org installed in app-system-defaults
2021-03-20 07:19:55,330 - MainProcess[log-interceptor-1] - selenium_firefox     - DEBUG   : BROWSER 1: driver: 1616249995226	DeferredSave.extensions.json	DEBUG	Save changes
2021-03-20 07:19:55,331 - MainProcess[log-interceptor-1] - selenium_firefox     - DEBUG   : BROWSER 1: driver: 1616249995228	addons.xpi-utils	DEBUG	New add-on {972ce4c6-7e08-4474-a285-3208198ce6fd} installed in app-global
2021-03-20 07:19:55,331 - MainProcess[log-interceptor-1] - selenium_firefox     - DEBUG   : BROWSER 1: driver: 1616249995230	DeferredSave.extensions.json	DEBUG	Starting write
2021-03-20 07:19:55,331 - MainProcess[log-interceptor-1] - selenium_firefox     - DEBUG   : BROWSER 1: driver: 1616249995234	DeferredSave.extensions.json	DEBUG	Save changes
2021-03-20 07:19:55,331 - MainProcess[log-interceptor-1] - selenium_firefox     - DEBUG   : BROWSER 1: driver: 1616249995234	DeferredSave.extensions.json	DEBUG	Data changed while write in progress
2021-03-20 07:19:55,331 - MainProcess[log-interceptor-1] - selenium_firefox     - DEBUG   : BROWSER 1: driver: 1616249995234	addons.manager	DEBUG	Registering startup change 'installed' for @openwpm
2021-03-20 07:19:55,331 - MainProcess[log-interceptor-1] - selenium_firefox     - DEBUG   : BROWSER 1: driver: 1616249995234	addons.manager	DEBUG	Registering startup change 'installed' for @openwpm
2021-03-20 07:19:55,331 - MainProcess[log-interceptor-1] - selenium_firefox     - DEBUG   : BROWSER 1: driver: 1616249995246	addons.xpi	DEBUG	Loading bootstrap scope from /var/folders/dk/3yxy72jj5j7flsn_p3dwxyz80000gn/T/rust_mozprofile.yXyVkGipzBrw/extensions/@openwpm
2021-03-20 07:19:55,331 - MainProcess[log-interceptor-1] - selenium_firefox     - DEBUG   : BROWSER 1: driver: 1616249995304	addons.xpi	DEBUG	Calling bootstrap method install on @openwpm version 0.0.1
2021-03-20 07:19:55,332 - MainProcess[log-interceptor-1] - selenium_firefox     - DEBUG   : BROWSER 1: driver: 1616249995306	addons.xpi-utils	DEBUG	Make addon app-profile:@openwpm visible
2021-03-20 07:19:55,332 - MainProcess[log-interceptor-1] - selenium_firefox     - DEBUG   : BROWSER 1: driver: 1616249995312	addons.xpi	DEBUG	Add-on @openwpm blocks e10s rollout.
2021-03-20 07:19:55,332 - MainProcess[log-interceptor-1] - selenium_firefox     - DEBUG   : BROWSER 1: driver: 1616249995312	DeferredSave.extensions.json	DEBUG	Save changes
2021-03-20 07:19:55,332 - MainProcess[log-interceptor-1] - selenium_firefox     - DEBUG   : BROWSER 1: driver: 1616249995312	addons.manager	DEBUG	Registering startup change 'installed' for webcompat@mozilla.org
2021-03-20 07:19:55,332 - MainProcess[log-interceptor-1] - selenium_firefox     - DEBUG   : BROWSER 1: driver: 1616249995312	addons.xpi	DEBUG	Loading bootstrap scope from /Users/rayngan/Desktop/FPResearch/OpenWPM/Firefox.app/Contents/Resources/browser/features/webcompat@mozilla.org.xpi
2021-03-20 07:19:55,332 - MainProcess[log-interceptor-1] - selenium_firefox     - DEBUG   : BROWSER 1: driver: 1616249995314	addons.xpi	DEBUG	Calling bootstrap method install on webcompat@mozilla.org version 1.0
2021-03-20 07:19:55,332 - MainProcess[log-interceptor-1] - selenium_firefox     - DEBUG   : BROWSER 1: driver: 1616249995314	addons.xpi-utils	DEBUG	Make addon app-system-defaults:webcompat@mozilla.org visible
2021-03-20 07:19:55,332 - MainProcess[log-interceptor-1] - selenium_firefox     - DEBUG   : BROWSER 1: driver: 1616249995316	addons.xpi	DEBUG	Add-on @openwpm blocks e10s rollout.
2021-03-20 07:19:55,332 - MainProcess[log-interceptor-1] - selenium_firefox     - DEBUG   : BROWSER 1: driver: 1616249995316	DeferredSave.extensions.json	DEBUG	Save changes
2021-03-20 07:19:55,333 - MainProcess[log-interceptor-1] - selenium_firefox     - DEBUG   : BROWSER 1: driver: 1616249995316	addons.manager	DEBUG	Registering startup change 'installed' for firefox@getpocket.com
2021-03-20 07:19:55,333 - MainProcess[log-interceptor-1] - selenium_firefox     - DEBUG   : BROWSER 1: driver: 1616249995316	addons.xpi	DEBUG	Loading bootstrap scope from /Users/rayngan/Desktop/FPResearch/OpenWPM/Firefox.app/Contents/Resources/browser/features/firefox@getpocket.com.xpi
2021-03-20 07:19:55,333 - MainProcess[log-interceptor-1] - selenium_firefox     - DEBUG   : BROWSER 1: driver: 1616249995320	addons.xpi	DEBUG	Calling bootstrap method install on firefox@getpocket.com version 1.0.5
2021-03-20 07:19:55,333 - MainProcess[log-interceptor-1] - selenium_firefox     - DEBUG   : BROWSER 1: driver: 1616249995320	addons.xpi-utils	DEBUG	Make addon app-system-defaults:firefox@getpocket.com visible
2021-03-20 07:19:55,333 - MainProcess[log-interceptor-1] - selenium_firefox     - DEBUG   : BROWSER 1: driver: 1616249995320	addons.xpi	DEBUG	Add-on @openwpm blocks e10s rollout.
2021-03-20 07:19:55,333 - MainProcess[log-interceptor-1] - selenium_firefox     - DEBUG   : BROWSER 1: driver: 1616249995320	DeferredSave.extensions.json	DEBUG	Save changes
2021-03-20 07:19:55,333 - MainProcess[log-interceptor-1] - selenium_firefox     - DEBUG   : BROWSER 1: driver: 1616249995320	addons.manager	DEBUG	Registering startup change 'installed' for aushelper@mozilla.org
2021-03-20 07:19:55,333 - MainProcess[log-interceptor-1] - selenium_firefox     - DEBUG   : BROWSER 1: driver: 1616249995322	addons.xpi	DEBUG	Loading bootstrap scope from /Users/rayngan/Desktop/FPResearch/OpenWPM/Firefox.app/Contents/Resources/browser/features/aushelper@mozilla.org.xpi
2021-03-20 07:19:55,348 - MainProcess[log-interceptor-1] - selenium_firefox     - DEBUG   : BROWSER 1: driver: 1616249995324	addons.xpi	DEBUG	Calling bootstrap method install on aushelper@mozilla.org version 2.0
2021-03-20 07:19:55,348 - MainProcess[log-interceptor-1] - selenium_firefox     - DEBUG   : BROWSER 1: driver: 1616249995324	addons.xpi-utils	DEBUG	Make addon app-system-defaults:aushelper@mozilla.org visible
2021-03-20 07:19:55,348 - MainProcess[log-interceptor-1] - selenium_firefox     - DEBUG   : BROWSER 1: driver: 1616249995324	addons.xpi	DEBUG	Add-on @openwpm blocks e10s rollout.
2021-03-20 07:19:55,348 - MainProcess[log-interceptor-1] - selenium_firefox     - DEBUG   : BROWSER 1: driver: 1616249995324	DeferredSave.extensions.json	DEBUG	Save changes
2021-03-20 07:19:55,348 - MainProcess[log-interceptor-1] - selenium_firefox     - DEBUG   : BROWSER 1: driver: 1616249995326	addons.manager	DEBUG	Registering startup change 'installed' for e10srollout@mozilla.org
2021-03-20 07:19:55,348 - MainProcess[log-interceptor-1] - selenium_firefox     - DEBUG   : BROWSER 1: driver: 1616249995326	addons.xpi	DEBUG	Loading bootstrap scope from /Users/rayngan/Desktop/FPResearch/OpenWPM/Firefox.app/Contents/Resources/browser/features/e10srollout@mozilla.org.xpi
2021-03-20 07:19:55,348 - MainProcess[log-interceptor-1] - selenium_firefox     - DEBUG   : BROWSER 1: driver: 1616249995328	addons.xpi	DEBUG	Calling bootstrap method install on e10srollout@mozilla.org version 1.10
2021-03-20 07:19:55,349 - MainProcess[log-interceptor-1] - selenium_firefox     - DEBUG   : BROWSER 1: driver: 1616249995328	addons.xpi	DEBUG	Add-on @openwpm blocks e10s rollout.
2021-03-20 07:19:55,349 - MainProcess[log-interceptor-1] - selenium_firefox     - DEBUG   : BROWSER 1: driver: 1616249995328	addons.xpi	DEBUG	Add-on @openwpm blocks e10s rollout.
2021-03-20 07:19:55,349 - MainProcess[log-interceptor-1] - selenium_firefox     - DEBUG   : BROWSER 1: driver: 1616249995328	addons.xpi-utils	DEBUG	Make addon app-system-defaults:e10srollout@mozilla.org visible
2021-03-20 07:19:55,349 - MainProcess[log-interceptor-1] - selenium_firefox     - DEBUG   : BROWSER 1: driver: 1616249995330	addons.xpi	DEBUG	Add-on @openwpm blocks e10s rollout.
2021-03-20 07:19:55,349 - MainProcess[log-interceptor-1] - selenium_firefox     - DEBUG   : BROWSER 1: driver: 1616249995330	DeferredSave.extensions.json	DEBUG	Save changes
2021-03-20 07:19:55,349 - MainProcess[log-interceptor-1] - selenium_firefox     - DEBUG   : BROWSER 1: driver: 1616249995330	addons.xpi-utils	DEBUG	Make addon app-global:{972ce4c6-7e08-4474-a285-3208198ce6fd} visible
2021-03-20 07:19:55,349 - MainProcess[log-interceptor-1] - selenium_firefox     - DEBUG   : BROWSER 1: driver: 1616249995330	addons.xpi	DEBUG	Add-on @openwpm blocks e10s rollout.
2021-03-20 07:19:55,349 - MainProcess[log-interceptor-1] - selenium_firefox     - DEBUG   : BROWSER 1: driver: 1616249995330	DeferredSave.extensions.json	DEBUG	Save changes
2021-03-20 07:19:55,349 - MainProcess[log-interceptor-1] - selenium_firefox     - DEBUG   : BROWSER 1: driver: 1616249995332	addons.xpi	DEBUG	Updating XPIState for {"id":"@openwpm","syncGUID":"{23eaba81-16e4-c144-9531-5f6cc48543c3}","location":"app-profile","version":"0.0.1","type":"extension","internalName":null,"updateURL":null,"updateKey":null,"optionsURL":null,"optionsType":null,"aboutURL":null,"icons":{},"iconURL":null,"icon64URL":null,"defaultLocale":{"name":"openwpm","description":"Extension with socket interface into OpenWPM","creator":"Steven Englehardt","homepageURL":null},"visible":true,"active":true,"userDisabled":false,"appDisabled":false,"descriptor":"/var/folders/dk/3yxy72jj5j7flsn_p3dwxyz80000gn/T/rust_mozprofile.yXyVkGipzBrw/extensions/@openwpm","installDate":1616249994544,"updateDate":1616249994544,"applyBackgroundUpdates":1,"bootstrap":true,"skinnable":false,"size":102064,"sourceURI":null,"releaseNotesURI":null,"softDisabled":false,"foreignInstall":true,"hasBinaryComponents":false,"strictCompatibility":false,"locales":[],"targetApplications":[{"id":"{ec8030f7-c20a-464f-9b0e-13a3a9e97384}","minVersion":"38.0a1","maxVersion":"*"}],"targetPlatforms":[],"multiprocessCompatible":false,"signedState":0,"seen":true,"dependencies":[],"hasEmbeddedWebExtension":false,"mpcOptedOut":false}
2021-03-20 07:19:55,349 - MainProcess[log-interceptor-1] - selenium_firefox     - DEBUG   : BROWSER 1: driver: 1616249995332	addons.xpi	DEBUG	getModTime: Recursive scan of @openwpm
2021-03-20 07:19:55,349 - MainProcess[log-interceptor-1] - selenium_firefox     - DEBUG   : BROWSER 1: driver: 1616249995334	addons.xpi	DEBUG	Updating XPIState for {"id":"webcompat@mozilla.org","syncGUID":"{d1494ce9-2208-0b45-96f8-69fd373c28df}","location":"app-system-defaults","version":"1.0","type":"extension","internalName":null,"updateURL":null,"updateKey":null,"optionsURL":null,"optionsType":null,"aboutURL":null,"icons":{},"iconURL":null,"icon64URL":null,"defaultLocale":{"name":"Web Compat","description":"Urgent post-release fixes for web compatibility.","creator":null,"homepageURL":null},"visible":true,"active":true,"userDisabled":false,"appDisabled":false,"descriptor":"/Users/rayngan/Desktop/FPResearch/OpenWPM/Firefox.app/Contents/Resources/browser/features/webcompat@mozilla.org.xpi","installDate":1615228600950,"updateDate":1615228600950,"applyBackgroundUpdates":1,"bootstrap":true,"skinnable":false,"size":1456,"sourceURI":null,"releaseNotesURI":null,"softDisabled":false,"foreignInstall":false,"hasBinaryComponents":false,"strictCompatibility":false,"locales":[],"targetApplications":[{"id":"{ec8030f7-c20a-464f-9b0e-13a3a9e97384}","minVersion":"52.9.0","maxVersion":"52.*"}],"targetPlatforms":[],"multiprocessCompatible":true,"seen":true,"dependencies":[],"hasEmbeddedWebExtension":false,"mpcOptedOut":false}
2021-03-20 07:19:55,349 - MainProcess[log-interceptor-1] - selenium_firefox     - DEBUG   : BROWSER 1: driver: 1616249995334	addons.xpi	DEBUG	getModTime: Recursive scan of webcompat@mozilla.org
2021-03-20 07:19:55,349 - MainProcess[log-interceptor-1] - selenium_firefox     - DEBUG   : BROWSER 1: driver: 1616249995334	addons.xpi	DEBUG	Updating XPIState for {"id":"firefox@getpocket.com","syncGUID":"{2f8ff040-e4be-634f-a83f-b06e54758da7}","location":"app-system-defaults","version":"1.0.5","type":"extension","internalName":null,"updateURL":null,"updateKey":null,"optionsURL":null,"optionsType":null,"aboutURL":null,"icons":{},"iconURL":null,"icon64URL":null,"defaultLocale":{"name":"Pocket","description":"When you find something you want to view later, put it in Pocket.","creator":null,"homepageURL":null},"visible":true,"active":true,"userDisabled":false,"appDisabled":false,"descriptor":"/Users/rayngan/Desktop/FPResearch/OpenWPM/Firefox.app/Contents/Resources/browser/features/firefox@getpocket.com.xpi","installDate":1615228600950,"updateDate":1615228600950,"applyBackgroundUpdates":1,"bootstrap":true,"skinnable":false,"size":920281,"sourceURI":null,"releaseNotesURI":null,"softDisabled":false,"foreignInstall":false,"hasBinaryComponents":false,"strictCompatibility":false,"locales":[],"targetApplications":[{"id":"{ec8030f7-c20a-464f-9b0e-13a3a9e97384}","minVersion":"52.9.0","maxVersion":"52.*"}],"targetPlatforms":[],"multiprocessCompatible":true,"seen":true,"dependencies":[],"hasEmbeddedWebExtension":false,"mpcOptedOut":false}
2021-03-20 07:19:55,349 - MainProcess[log-interceptor-1] - selenium_firefox     - DEBUG   : BROWSER 1: driver: 1616249995334	addons.xpi	DEBUG	getModTime: Recursive scan of firefox@getpocket.com
2021-03-20 07:19:55,350 - MainProcess[log-interceptor-1] - selenium_firefox     - DEBUG   : BROWSER 1: driver: 1616249995334	addons.xpi	DEBUG	Updating XPIState for {"id":"aushelper@mozilla.org","syncGUID":"{9d30f6eb-ee7c-754d-b792-47e9c3c1609b}","location":"app-system-defaults","version":"2.0","type":"extension","internalName":null,"updateURL":null,"updateKey":null,"optionsURL":null,"optionsType":null,"aboutURL":null,"icons":{},"iconURL":null,"icon64URL":null,"defaultLocale":{"name":"Application Update Service Helper","description":"Sets value(s) in the update url based on custom checks.","creator":null,"homepageURL":null},"visible":true,"active":true,"userDisabled":false,"appDisabled":false,"descriptor":"/Users/rayngan/Desktop/FPResearch/OpenWPM/Firefox.app/Contents/Resources/browser/features/aushelper@mozilla.org.xpi","installDate":1615228600925,"updateDate":1615228600925,"applyBackgroundUpdates":1,"bootstrap":true,"skinnable":false,"size":8488,"sourceURI":null,"releaseNotesURI":null,"softDisabled":false,"foreignInstall":false,"hasBinaryComponents":false,"strictCompatibility":false,"locales":[],"targetApplications":[{"id":"{ec8030f7-c20a-464f-9b0e-13a3a9e97384}","minVersion":"52.9.0","maxVersion":"52.*"}],"targetPlatforms":[],"multiprocessCompatible":true,"seen":true,"dependencies":[],"hasEmbeddedWebExtension":false,"mpcOptedOut":false}
2021-03-20 07:19:55,350 - MainProcess[log-interceptor-1] - selenium_firefox     - DEBUG   : BROWSER 1: driver: 1616249995334	addons.xpi	DEBUG	getModTime: Recursive scan of aushelper@mozilla.org
2021-03-20 07:19:55,350 - MainProcess[log-interceptor-1] - selenium_firefox     - DEBUG   : BROWSER 1: driver: 1616249995334	addons.xpi	DEBUG	Updating XPIState for {"id":"e10srollout@mozilla.org","syncGUID":"{28b5431b-cc17-6c47-9849-65181a92a1f4}","location":"app-system-defaults","version":"1.10","type":"extension","internalName":null,"updateURL":null,"updateKey":null,"optionsURL":null,"optionsType":null,"aboutURL":null,"icons":{},"iconURL":null,"icon64URL":null,"defaultLocale":{"name":"Multi-process staged rollout","description":"Staged rollout of Firefox multi-process feature.","creator":null,"homepageURL":null},"visible":true,"active":true,"userDisabled":false,"appDisabled":false,"descriptor":"/Users/rayngan/Desktop/FPResearch/OpenWPM/Firefox.app/Contents/Resources/browser/features/e10srollout@mozilla.org.xpi","installDate":1615228600925,"updateDate":1615228600925,"applyBackgroundUpdates":1,"bootstrap":true,"skinnable":false,"size":8145,"sourceURI":null,"releaseNotesURI":null,"softDisabled":false,"foreignInstall":false,"hasBinaryComponents":false,"strictCompatibility":false,"locales":[],"targetApplications":[{"id":"{ec8030f7-c20a-464f-9b0e-13a3a9e97384}","minVersion":"52.9.0","maxVersion":"52.*"}],"targetPlatforms":[],"multiprocessCompatible":true,"seen":true,"dependencies":[],"hasEmbeddedWebExtension":false,"mpcOptedOut":false}
2021-03-20 07:19:55,350 - MainProcess[log-interceptor-1] - selenium_firefox     - DEBUG   : BROWSER 1: driver: 1616249995334	addons.xpi	DEBUG	getModTime: Recursive scan of e10srollout@mozilla.org
2021-03-20 07:19:55,350 - MainProcess[log-interceptor-1] - selenium_firefox     - DEBUG   : BROWSER 1: driver: 1616249995336	addons.xpi	DEBUG	Updating XPIState for {"id":"{972ce4c6-7e08-4474-a285-3208198ce6fd}","syncGUID":"{f70b8056-cf63-4743-b12e-666d206a7c40}","location":"app-global","version":"52.9.0","type":"theme","internalName":"classic/1.0","updateURL":null,"updateKey":null,"optionsURL":null,"optionsType":null,"aboutURL":null,"icons":{"32":"icon.png","48":"icon.png"},"iconURL":null,"icon64URL":null,"defaultLocale":{"name":"Default","description":"The default theme.","creator":"Mozilla","homepageURL":null,"contributors":["Mozilla Contributors"]},"visible":true,"active":true,"userDisabled":false,"appDisabled":false,"descriptor":"/Users/rayngan/Desktop/FPResearch/OpenWPM/Firefox.app/Contents/Resources/browser/extensions/{972ce4c6-7e08-4474-a285-3208198ce6fd}.xpi","installDate":1615228600924,"updateDate":1615228600924,"applyBackgroundUpdates":1,"skinnable":true,"size":6352,"sourceURI":null,"releaseNotesURI":null,"softDisabled":false,"foreignInstall":false,"hasBinaryComponents":false,"strictCompatibility":true,"locales":[],"targetApplications":[{"id":"{ec8030f7-c20a-464f-9b0e-13a3a9e97384}","minVersion":"52.9.0","maxVersion":"52.9.0"}],"targetPlatforms":[],"seen":true,"dependencies":[],"hasEmbeddedWebExtension":false}
2021-03-20 07:19:55,350 - MainProcess[log-interceptor-1] - selenium_firefox     - DEBUG   : BROWSER 1: driver: 1616249995336	addons.xpi	DEBUG	getModTime: Recursive scan of {972ce4c6-7e08-4474-a285-3208198ce6fd}
2021-03-20 07:19:55,350 - MainProcess[log-interceptor-1] - selenium_firefox     - DEBUG   : BROWSER 1: driver: 1616249995336	addons.xpi	DEBUG	Add-on @openwpm blocks e10s rollout.
2021-03-20 07:19:55,350 - MainProcess[log-interceptor-1] - selenium_firefox     - DEBUG   : BROWSER 1: driver: 1616249995336	DeferredSave.extensions.json	DEBUG	Save changes
2021-03-20 07:19:55,350 - MainProcess[log-interceptor-1] - selenium_firefox     - DEBUG   : BROWSER 1: driver: 1616249995336	addons.xpi	DEBUG	Updating database with changes to installed add-ons
2021-03-20 07:19:55,350 - MainProcess[log-interceptor-1] - selenium_firefox     - DEBUG   : BROWSER 1: driver: 1616249995336	addons.xpi-utils	DEBUG	Updating add-on states
2021-03-20 07:19:55,350 - MainProcess[log-interceptor-1] - selenium_firefox     - DEBUG   : BROWSER 1: driver: 1616249995338	addons.xpi-utils	DEBUG	Writing add-ons list
2021-03-20 07:19:55,351 - MainProcess[log-interceptor-1] - selenium_firefox     - DEBUG   : BROWSER 1: driver: 1616249995340	addons.xpi	DEBUG	Registering manifest for /var/folders/dk/3yxy72jj5j7flsn_p3dwxyz80000gn/T/rust_mozprofile.yXyVkGipzBrw/extensions/@openwpm
2021-03-20 07:19:55,351 - MainProcess[log-interceptor-1] - selenium_firefox     - DEBUG   : BROWSER 1: driver: 1616249995340	addons.xpi	DEBUG	Calling bootstrap method startup on @openwpm version 0.0.1
2021-03-20 07:19:55,351 - MainProcess[log-interceptor-1] - selenium_firefox     - DEBUG   : BROWSER 1: driver: 1616249995346	addons.xpi	DEBUG	Registering manifest for /Users/rayngan/Desktop/FPResearch/OpenWPM/Firefox.app/Contents/Resources/browser/features/aushelper@mozilla.org.xpi
2021-03-20 07:19:55,351 - MainProcess[log-interceptor-1] - selenium_firefox     - DEBUG   : BROWSER 1: driver: 1616249995346	addons.xpi	DEBUG	Calling bootstrap method startup on aushelper@mozilla.org version 2.0
2021-03-20 07:19:55,351 - MainProcess[log-interceptor-1] - selenium_firefox     - DEBUG   : BROWSER 1: driver: 1616249995346	addons.xpi	DEBUG	Registering manifest for /Users/rayngan/Desktop/FPResearch/OpenWPM/Firefox.app/Contents/Resources/browser/features/e10srollout@mozilla.org.xpi
2021-03-20 07:19:57,234 - MainProcess[MainThread] - BaseAggregator       - DEBUG   : Status update; current record queue size: 0
2021-03-20 07:19:58,222 - MainProcess[MainThread] - FirefoxExtension     - DEBUG   : Cookie instrumentation enabled
2021-03-20 07:19:58,222 - MainProcess[MainThread] - FirefoxExtension     - DEBUG   : Javascript instrumentation enabled
2021-03-20 07:19:58,223 - MainProcess[MainThread] - FirefoxExtension     - DEBUG   : HTTP Instrumentation enabled
2021-03-20 07:19:58,345 - MainProcess[MainThread] - BrowserManager       - DEBUG   : BROWSER 1: Looking for extension port information in /var/folders/dk/3yxy72jj5j7flsn_p3dwxyz80000gn/T/rust_mozprofile.yXyVkGipzBrw/
2021-03-20 07:19:58,346 - MainProcess[MainThread] - BrowserManager       - DEBUG   : BROWSER 1: Connecting to extension on port 58900
2021-03-20 07:19:58,346 - MainProcess[MainThread] - BrowserManager       - DEBUG   : BROWSER 1: BrowserManager ready.
2021-03-20 07:19:58,347 - MainProcess[MainThread] - BrowserManager       - DEBUG   : BROWSER 1: Browser spawn sucessful!
2021-03-20 07:19:58,633 - MainProcess[MainThread] - TaskManager          - INFO    : 

OpenWPM Version: v0.8.0-289-g9e6234e
Firefox Version: 52.9.0

========== Manager Configuration ==========
{
  "aggregator_address": [
    "127.0.0.1",
    58169
  ],
  "data_directory": "/Users/rayngan/openWPM_data/obfus_io/default/sqlite",
  "database_name": "/Users/rayngan/openWPM_data/obfus_io/default/sqlite/crawl-data.sqlite",
  "failure_limit": null,
  "log_directory": "/Users/rayngan/openWPM_data/obfus_io/default/log",
  "log_file": "/Users/rayngan/openWPM_data/obfus_io/default/log/openwpm.log",
  "logger_address": [
    "127.0.0.1",
    58137
  ],
  "num_browsers": 1,
  "output_format": "local",
  "screenshot_path": "/Users/rayngan/openWPM_data/obfus_io/default/sqlite/screenshots",
  "source_dump_path": "/Users/rayngan/openWPM_data/obfus_io/default/sqlite/sources",
  "testing": false
}

========== Browser Configuration ==========
Keys:
{
  "crawl_id": 0,
  "adblock-plus": 1,
  "bot_mitigation": 2,
  "browser": 3,
  "caching_disabled": 4,
  "cookie_instrument": 5,
  "disable_flash": 6,
  "disconnect": 7,
  "donottrack": 8,
  "extension_enabled": 9,
  "ghostery": 10,
  "headless": 11,
  "http_instrument": 12,
  "https-everywhere": 13,
  "js_instrument": 14,
  "prefs": 15,
  "random_attributes": 16,
  "save_all_content": 17,
  "save_documents": 18,
  "save_javascript": 19,
  "tp_cookies": 20,
  "tracking-protection": 21,
  "ublock-origin": 22
}

  0  1      2      3        4     5     6      7      8      9     10     11     12    13     14    15    16     17     18    19    20      21     22
---  -----  -----  -------  ----  ----  -----  -----  -----  ----  -----  -----  ----  -----  ----  ----  -----  -----  ----  ----  ------  -----  -----
  1  False  False  firefox  True  True  False  False  False  True  False  False  True  False  True  {}    False  False  True  True  always  False  False

========== Input profile tar files ==========
  No profile tar files specified

========== Output (archive) profile dirs ==========
  No profile archive directories specified


2021-03-20 07:19:58,634 - MainProcess[MainThread] - TaskManager          - DEBUG   : Checking command failure status indicator...
2021-03-20 07:19:58,636 - MainProcess[MainThread] - BrowserManager       - DEBUG   : BROWSER 1: Joining command thread
2021-03-20 07:19:58,636 - MainProcess[MainThread] - BrowserManager       - INFO    : BROWSER 1: EXECUTING COMMAND: ('GET', 'https://hh.ru/', 5, 1)
2021-03-20 07:19:58,733 - MainProcess[MainThread] - FirefoxExtension     - DEBUG   : Visit Id: 1
2021-03-20 07:20:01,282 - MainProcess[MainThread] - FirefoxExtension     - ERROR   : Error while retrieving additional channel information for URL: 
https://i.hh.ru/favicons/hh.ico?v=2015_03_17
 Error text:{}
2021-03-20 07:20:02,299 - MainProcess[MainThread] - BaseAggregator       - DEBUG   : Status update; current record queue size: 38
2021-03-20 07:20:06,009 - MainProcess[MainThread] - FirefoxExtension     - DEBUG   : POST request parser: unknown stream type
2021-03-20 07:20:07,419 - MainProcess[MainThread] - BaseAggregator       - DEBUG   : Status update; current record queue size: 0
2021-03-20 07:20:11,905 - MainProcess[MainThread] - FirefoxExtension     - DEBUG   : POST request parser: unknown stream type
2021-03-20 07:20:11,981 - MainProcess[MainThread] - FirefoxExtension     - DEBUG   : POST request parser: unknown stream type
2021-03-20 07:20:12,429 - MainProcess[MainThread] - BaseAggregator       - DEBUG   : Status update; current record queue size: 740
2021-03-20 07:20:13,046 - MainProcess[MainThread] - FirefoxExtension     - DEBUG   : POST request parser: unknown stream type
2021-03-20 07:20:14,226 - MainProcess[MainThread] - FirefoxExtension     - DEBUG   : POST request parser: unknown stream type
2021-03-20 07:20:15,058 - MainProcess[MainThread] - FirefoxExtension     - DEBUG   : POST request parser: unknown stream type
