2021-03-20 07:19:47,184 - MainProcess[MainThread] - BrowserManager       - DEBUG   : BROWSER 1: Spawn attempt 0 
2021-03-20 07:19:47,250 - MainProcess[MainThread] - deploy_firefox       - DEBUG   : BROWSER 1: OpenWPM Firefox extension loaded
2021-03-20 07:19:49,887 - MainProcess[log-interceptor-1] - selenium_firefox     - DEBUG   : BROWSER 1: driver: 1616249987281	geckodriver	INFO	Listening on 127.0.0.1:58187
2021-03-20 07:19:49,888 - MainProcess[log-interceptor-1] - selenium_firefox     - DEBUG   : BROWSER 1: driver: 1616249988531	mozprofile::profile	INFO	Using profile path /var/folders/dk/3yxy72jj5j7flsn_p3dwxyz80000gn/T/rust_mozprofile.W7Mw47Svrc5h
2021-03-20 07:19:49,888 - MainProcess[log-interceptor-1] - selenium_firefox     - DEBUG   : BROWSER 1: driver: 1616249988556	geckodriver::marionette	INFO	Starting browser /Users/rayngan/Desktop/FPResearch/OpenWPM/Firefox.app/Contents/MacOS/firefox-bin with args []
2021-03-20 07:19:49,888 - MainProcess[log-interceptor-1] - selenium_firefox     - DEBUG   : BROWSER 1: driver: 1616249988569	geckodriver::marionette	INFO	Connecting to Marionette on localhost:58293
2021-03-20 07:19:49,888 - MainProcess[log-interceptor-1] - selenium_firefox     - DEBUG   : BROWSER 1: driver: 1616249989490	addons.manager	DEBUG	Application has been upgraded
2021-03-20 07:19:49,888 - MainProcess[log-interceptor-1] - selenium_firefox     - DEBUG   : BROWSER 1: driver: 1616249989590	addons.manager	DEBUG	Loaded provider scope for resource://gre/modules/addons/XPIProvider.jsm: ["XPIProvider"]
2021-03-20 07:19:49,888 - MainProcess[log-interceptor-1] - selenium_firefox     - DEBUG   : BROWSER 1: driver: 1616249989594	addons.manager	DEBUG	Loaded provider scope for resource://gre/modules/LightweightThemeManager.jsm: ["LightweightThemeManager"]
2021-03-20 07:19:49,888 - MainProcess[log-interceptor-1] - selenium_firefox     - DEBUG   : BROWSER 1: driver: 1616249989602	addons.manager	DEBUG	Loaded provider scope for resource://gre/modules/addons/GMPProvider.jsm
2021-03-20 07:19:49,889 - MainProcess[log-interceptor-1] - selenium_firefox     - DEBUG   : BROWSER 1: driver: 1616249989604	addons.manager	DEBUG	Loaded provider scope for resource://gre/modules/addons/PluginProvider.jsm
2021-03-20 07:19:49,889 - MainProcess[log-interceptor-1] - selenium_firefox     - DEBUG   : BROWSER 1: driver: 1616249989606	addons.manager	DEBUG	Starting provider: XPIProvider
2021-03-20 07:19:49,889 - MainProcess[log-interceptor-1] - selenium_firefox     - DEBUG   : BROWSER 1: driver: 1616249989606	addons.xpi	DEBUG	startup
2021-03-20 07:19:49,889 - MainProcess[log-interceptor-1] - selenium_firefox     - DEBUG   : BROWSER 1: driver: 1616249989606	addons.xpi	INFO	Mapping @openwpm to /var/folders/dk/3yxy72jj5j7flsn_p3dwxyz80000gn/T/rust_mozprofile.W7Mw47Svrc5h/extensions/@openwpm
2021-03-20 07:19:49,889 - MainProcess[log-interceptor-1] - selenium_firefox     - DEBUG   : BROWSER 1: driver: 1616249989608	addons.xpi	INFO	SystemAddonInstallLocation directory is missing
2021-03-20 07:19:49,889 - MainProcess[log-interceptor-1] - selenium_firefox     - DEBUG   : BROWSER 1: driver: 1616249989608	addons.xpi	INFO	Mapping webcompat@mozilla.org to /Users/rayngan/Desktop/FPResearch/OpenWPM/Firefox.app/Contents/Resources/browser/features/webcompat@mozilla.org.xpi
2021-03-20 07:19:49,889 - MainProcess[log-interceptor-1] - selenium_firefox     - DEBUG   : BROWSER 1: driver: 1616249989608	addons.xpi	INFO	Mapping firefox@getpocket.com to /Users/rayngan/Desktop/FPResearch/OpenWPM/Firefox.app/Contents/Resources/browser/features/firefox@getpocket.com.xpi
2021-03-20 07:19:49,889 - MainProcess[log-interceptor-1] - selenium_firefox     - DEBUG   : BROWSER 1: driver: 1616249989608	addons.xpi	INFO	Mapping aushelper@mozilla.org to /Users/rayngan/Desktop/FPResearch/OpenWPM/Firefox.app/Contents/Resources/browser/features/aushelper@mozilla.org.xpi
2021-03-20 07:19:49,890 - MainProcess[log-interceptor-1] - selenium_firefox     - DEBUG   : BROWSER 1: driver: 1616249989610	addons.xpi	INFO	Mapping e10srollout@mozilla.org to /Users/rayngan/Desktop/FPResearch/OpenWPM/Firefox.app/Contents/Resources/browser/features/e10srollout@mozilla.org.xpi
2021-03-20 07:19:49,890 - MainProcess[log-interceptor-1] - selenium_firefox     - DEBUG   : BROWSER 1: driver: 1616249989610	addons.xpi	INFO	Mapping {972ce4c6-7e08-4474-a285-3208198ce6fd} to /Users/rayngan/Desktop/FPResearch/OpenWPM/Firefox.app/Contents/Resources/browser/extensions/{972ce4c6-7e08-4474-a285-3208198ce6fd}.xpi
2021-03-20 07:19:49,890 - MainProcess[log-interceptor-1] - selenium_firefox     - DEBUG   : BROWSER 1: driver: 1616249989610	addons.xpi	DEBUG	checkForChanges
2021-03-20 07:19:49,890 - MainProcess[log-interceptor-1] - selenium_firefox     - DEBUG   : BROWSER 1: driver: 1616249989610	addons.xpi	INFO	SystemAddonInstallLocation directory is missing
2021-03-20 07:19:49,890 - MainProcess[log-interceptor-1] - selenium_firefox     - DEBUG   : BROWSER 1: driver: 1616249989612	addons.xpi	DEBUG	Loaded add-on state from prefs: {}
2021-03-20 07:19:49,890 - MainProcess[log-interceptor-1] - selenium_firefox     - DEBUG   : BROWSER 1: driver: 1616249989612	addons.xpi	DEBUG	New add-on @openwpm in app-profile
2021-03-20 07:19:49,890 - MainProcess[log-interceptor-1] - selenium_firefox     - DEBUG   : BROWSER 1: driver: 1616249989612	addons.xpi	DEBUG	getModTime: Recursive scan of @openwpm
2021-03-20 07:19:49,890 - MainProcess[log-interceptor-1] - selenium_firefox     - DEBUG   : BROWSER 1: driver: 1616249989616	addons.xpi	DEBUG	New add-on webcompat@mozilla.org in app-system-defaults
2021-03-20 07:19:49,890 - MainProcess[log-interceptor-1] - selenium_firefox     - DEBUG   : BROWSER 1: driver: 1616249989616	addons.xpi	DEBUG	getModTime: Recursive scan of webcompat@mozilla.org
2021-03-20 07:19:49,891 - MainProcess[log-interceptor-1] - selenium_firefox     - DEBUG   : BROWSER 1: driver: 1616249989616	addons.xpi	DEBUG	New add-on firefox@getpocket.com in app-system-defaults
2021-03-20 07:19:49,891 - MainProcess[log-interceptor-1] - selenium_firefox     - DEBUG   : BROWSER 1: driver: 1616249989618	addons.xpi	DEBUG	getModTime: Recursive scan of firefox@getpocket.com
2021-03-20 07:19:49,891 - MainProcess[log-interceptor-1] - selenium_firefox     - DEBUG   : BROWSER 1: driver: 1616249989618	addons.xpi	DEBUG	New add-on aushelper@mozilla.org in app-system-defaults
2021-03-20 07:19:49,891 - MainProcess[log-interceptor-1] - selenium_firefox     - DEBUG   : BROWSER 1: driver: 1616249989618	addons.xpi	DEBUG	getModTime: Recursive scan of aushelper@mozilla.org
2021-03-20 07:19:49,891 - MainProcess[log-interceptor-1] - selenium_firefox     - DEBUG   : BROWSER 1: driver: 1616249989618	addons.xpi	DEBUG	New add-on e10srollout@mozilla.org in app-system-defaults
2021-03-20 07:19:49,891 - MainProcess[log-interceptor-1] - selenium_firefox     - DEBUG   : BROWSER 1: driver: 1616249989620	addons.xpi	DEBUG	getModTime: Recursive scan of e10srollout@mozilla.org
2021-03-20 07:19:49,891 - MainProcess[log-interceptor-1] - selenium_firefox     - DEBUG   : BROWSER 1: driver: 1616249989620	addons.xpi	DEBUG	New add-on {972ce4c6-7e08-4474-a285-3208198ce6fd} in app-global
2021-03-20 07:19:49,891 - MainProcess[log-interceptor-1] - selenium_firefox     - DEBUG   : BROWSER 1: driver: 1616249989620	addons.xpi	DEBUG	getModTime: Recursive scan of {972ce4c6-7e08-4474-a285-3208198ce6fd}
2021-03-20 07:19:49,891 - MainProcess[log-interceptor-1] - selenium_firefox     - DEBUG   : BROWSER 1: driver: 1616249989620	addons.xpi	DEBUG	getInstallState changed: true, state: {"app-profile":{"@openwpm":{"d":"/var/folders/dk/3yxy72jj5j7flsn_p3dwxyz80000gn/T/rust_mozprofile.W7Mw47Svrc5h/extensions/@openwpm","st":1616249988538,"mt":1616249988534}},"app-system-defaults":{"webcompat@mozilla.org":{"d":"/Users/rayngan/Desktop/FPResearch/OpenWPM/Firefox.app/Contents/Resources/browser/features/webcompat@mozilla.org.xpi","st":1615228600950},"firefox@getpocket.com":{"d":"/Users/rayngan/Desktop/FPResearch/OpenWPM/Firefox.app/Contents/Resources/browser/features/firefox@getpocket.com.xpi","st":1615228600950},"aushelper@mozilla.org":{"d":"/Users/rayngan/Desktop/FPResearch/OpenWPM/Firefox.app/Contents/Resources/browser/features/aushelper@mozilla.org.xpi","st":1615228600925},"e10srollout@mozilla.org":{"d":"/Users/rayngan/Desktop/FPResearch/OpenWPM/Firefox.app/Contents/Resources/browser/features/e10srollout@mozilla.org.xpi","st":1615228600925}},"app-global":{"{972ce4c6-7e08-4474-a285-3208198ce6fd}":{"d":"/Users/rayngan/Desktop/FPResearch/OpenWPM/Firefox.app/Contents/Resources/browser/extensions/{972ce4c6-7e08-4474-a285-3208198ce6fd}.xpi","st":1615228600924}}}
2021-03-20 07:19:49,891 - MainProcess[log-interceptor-1] - selenium_firefox     - DEBUG   : BROWSER 1: driver: 1616249989632	addons.xpi-utils	DEBUG	Opening XPI database /var/folders/dk/3yxy72jj5j7flsn_p3dwxyz80000gn/T/rust_mozprofile.W7Mw47Svrc5h/extensions.json
2021-03-20 07:19:49,892 - MainProcess[log-interceptor-1] - selenium_firefox     - DEBUG   : BROWSER 1: driver: 1616249989634	addons.xpi-utils	DEBUG	New add-on @openwpm installed in app-profile
2021-03-20 07:19:49,892 - MainProcess[log-interceptor-1] - selenium_firefox     - DEBUG   : BROWSER 1: driver: *** Blocklist::_loadBlocklistFromFile: blocklist is disabled
2021-03-20 07:19:49,892 - MainProcess[log-interceptor-1] - selenium_firefox     - DEBUG   : BROWSER 1: driver: 1616249989658	DeferredSave.extensions.json	DEBUG	Save changes
2021-03-20 07:19:49,892 - MainProcess[log-interceptor-1] - selenium_firefox     - DEBUG   : BROWSER 1: driver: 1616249989658	addons.xpi-utils	DEBUG	New add-on webcompat@mozilla.org installed in app-system-defaults
2021-03-20 07:19:49,892 - MainProcess[log-interceptor-1] - selenium_firefox     - DEBUG   : BROWSER 1: driver: 1616249989662	DeferredSave.extensions.json	DEBUG	Starting timer
2021-03-20 07:19:49,892 - MainProcess[log-interceptor-1] - selenium_firefox     - DEBUG   : BROWSER 1: driver: 1616249989668	DeferredSave.extensions.json	DEBUG	Save changes
2021-03-20 07:19:49,892 - MainProcess[log-interceptor-1] - selenium_firefox     - DEBUG   : BROWSER 1: driver: 1616249989668	addons.xpi-utils	DEBUG	New add-on firefox@getpocket.com installed in app-system-defaults
2021-03-20 07:19:49,892 - MainProcess[log-interceptor-1] - selenium_firefox     - DEBUG   : BROWSER 1: driver: 1616249989682	DeferredSave.extensions.json	DEBUG	Save changes
2021-03-20 07:19:49,892 - MainProcess[log-interceptor-1] - selenium_firefox     - DEBUG   : BROWSER 1: driver: 1616249989684	addons.xpi-utils	DEBUG	New add-on aushelper@mozilla.org installed in app-system-defaults
2021-03-20 07:19:49,892 - MainProcess[log-interceptor-1] - selenium_firefox     - DEBUG   : BROWSER 1: driver: 1616249989688	DeferredSave.extensions.json	DEBUG	Save changes
2021-03-20 07:19:49,893 - MainProcess[log-interceptor-1] - selenium_firefox     - DEBUG   : BROWSER 1: driver: 1616249989688	addons.xpi-utils	DEBUG	New add-on e10srollout@mozilla.org installed in app-system-defaults
2021-03-20 07:19:49,893 - MainProcess[log-interceptor-1] - selenium_firefox     - DEBUG   : BROWSER 1: driver: 1616249989700	DeferredSave.extensions.json	DEBUG	Starting write
2021-03-20 07:19:49,893 - MainProcess[log-interceptor-1] - selenium_firefox     - DEBUG   : BROWSER 1: driver: 1616249989708	DeferredSave.extensions.json	DEBUG	Save changes
2021-03-20 07:19:49,893 - MainProcess[log-interceptor-1] - selenium_firefox     - DEBUG   : BROWSER 1: driver: 1616249989708	DeferredSave.extensions.json	DEBUG	Data changed while write in progress
2021-03-20 07:19:49,893 - MainProcess[log-interceptor-1] - selenium_firefox     - DEBUG   : BROWSER 1: driver: 1616249989708	addons.xpi-utils	DEBUG	New add-on {972ce4c6-7e08-4474-a285-3208198ce6fd} installed in app-global
2021-03-20 07:19:49,893 - MainProcess[log-interceptor-1] - selenium_firefox     - DEBUG   : BROWSER 1: driver: 1616249989720	DeferredSave.extensions.json	DEBUG	Save changes
2021-03-20 07:19:49,893 - MainProcess[log-interceptor-1] - selenium_firefox     - DEBUG   : BROWSER 1: driver: 1616249989720	addons.manager	DEBUG	Registering startup change 'installed' for @openwpm
2021-03-20 07:19:49,893 - MainProcess[log-interceptor-1] - selenium_firefox     - DEBUG   : BROWSER 1: driver: 1616249989720	addons.manager	DEBUG	Registering startup change 'installed' for @openwpm
2021-03-20 07:19:49,893 - MainProcess[log-interceptor-1] - selenium_firefox     - DEBUG   : BROWSER 1: driver: 1616249989740	addons.xpi	DEBUG	Loading bootstrap scope from /var/folders/dk/3yxy72jj5j7flsn_p3dwxyz80000gn/T/rust_mozprofile.W7Mw47Svrc5h/extensions/@openwpm
2021-03-20 07:19:49,893 - MainProcess[log-interceptor-1] - selenium_firefox     - DEBUG   : BROWSER 1: driver: 1616249989856	addons.xpi	DEBUG	Calling bootstrap method install on @openwpm version 0.0.1
2021-03-20 07:19:49,894 - MainProcess[log-interceptor-1] - selenium_firefox     - DEBUG   : BROWSER 1: driver: 1616249989856	addons.xpi-utils	DEBUG	Make addon app-profile:@openwpm visible
2021-03-20 07:19:49,894 - MainProcess[log-interceptor-1] - selenium_firefox     - DEBUG   : BROWSER 1: driver: 1616249989864	addons.xpi	DEBUG	Add-on @openwpm blocks e10s rollout.
2021-03-20 07:19:49,894 - MainProcess[log-interceptor-1] - selenium_firefox     - DEBUG   : BROWSER 1: driver: 1616249989864	DeferredSave.extensions.json	DEBUG	Save changes
2021-03-20 07:19:49,894 - MainProcess[log-interceptor-1] - selenium_firefox     - DEBUG   : BROWSER 1: driver: 1616249989864	addons.manager	DEBUG	Registering startup change 'installed' for webcompat@mozilla.org
2021-03-20 07:19:49,894 - MainProcess[log-interceptor-1] - selenium_firefox     - DEBUG   : BROWSER 1: driver: 1616249989864	addons.xpi	DEBUG	Loading bootstrap scope from /Users/rayngan/Desktop/FPResearch/OpenWPM/Firefox.app/Contents/Resources/browser/features/webcompat@mozilla.org.xpi
2021-03-20 07:19:49,894 - MainProcess[log-interceptor-1] - selenium_firefox     - DEBUG   : BROWSER 1: driver: 1616249989870	addons.xpi	DEBUG	Calling bootstrap method install on webcompat@mozilla.org version 1.0
2021-03-20 07:19:49,894 - MainProcess[log-interceptor-1] - selenium_firefox     - DEBUG   : BROWSER 1: driver: 1616249989874	addons.xpi-utils	DEBUG	Make addon app-system-defaults:webcompat@mozilla.org visible
2021-03-20 07:19:49,894 - MainProcess[log-interceptor-1] - selenium_firefox     - DEBUG   : BROWSER 1: driver: 1616249989874	addons.xpi	DEBUG	Add-on @openwpm blocks e10s rollout.
2021-03-20 07:19:49,894 - MainProcess[log-interceptor-1] - selenium_firefox     - DEBUG   : BROWSER 1: driver: 1616249989874	DeferredSave.extensions.json	DEBUG	Save changes
2021-03-20 07:19:49,894 - MainProcess[log-interceptor-1] - selenium_firefox     - DEBUG   : BROWSER 1: driver: 1616249989874	addons.manager	DEBUG	Registering startup change 'installed' for firefox@getpocket.com
2021-03-20 07:19:49,894 - MainProcess[log-interceptor-1] - selenium_firefox     - DEBUG   : BROWSER 1: driver: 1616249989876	addons.xpi	DEBUG	Loading bootstrap scope from /Users/rayngan/Desktop/FPResearch/OpenWPM/Firefox.app/Contents/Resources/browser/features/firefox@getpocket.com.xpi
2021-03-20 07:19:49,895 - MainProcess[log-interceptor-1] - selenium_firefox     - DEBUG   : BROWSER 1: driver: 1616249989882	addons.xpi	DEBUG	Calling bootstrap method install on firefox@getpocket.com version 1.0.5
2021-03-20 07:19:49,895 - MainProcess[log-interceptor-1] - selenium_firefox     - DEBUG   : BROWSER 1: driver: 1616249989882	addons.xpi-utils	DEBUG	Make addon app-system-defaults:firefox@getpocket.com visible
2021-03-20 07:19:49,895 - MainProcess[log-interceptor-1] - selenium_firefox     - DEBUG   : BROWSER 1: driver: 1616249989882	addons.xpi	DEBUG	Add-on @openwpm blocks e10s rollout.
2021-03-20 07:19:49,895 - MainProcess[log-interceptor-1] - selenium_firefox     - DEBUG   : BROWSER 1: driver: 1616249989882	DeferredSave.extensions.json	DEBUG	Save changes
2021-03-20 07:19:49,895 - MainProcess[log-interceptor-1] - selenium_firefox     - DEBUG   : BROWSER 1: driver: 1616249989884	addons.manager	DEBUG	Registering startup change 'installed' for aushelper@mozilla.org
2021-03-20 07:19:49,895 - MainProcess[log-interceptor-1] - selenium_firefox     - DEBUG   : BROWSER 1: driver: 1616249989884	addons.xpi	DEBUG	Loading bootstrap scope from /Users/rayngan/Desktop/FPResearch/OpenWPM/Firefox.app/Contents/Resources/browser/features/aushelper@mozilla.org.xpi
2021-03-20 07:19:49,933 - MainProcess[log-interceptor-1] - selenium_firefox     - DEBUG   : BROWSER 1: driver: 1616249989886	addons.xpi	DEBUG	Calling bootstrap method install on aushelper@mozilla.org version 2.0
2021-03-20 07:19:49,933 - MainProcess[log-interceptor-1] - selenium_firefox     - DEBUG   : BROWSER 1: driver: 1616249989886	addons.xpi-utils	DEBUG	Make addon app-system-defaults:aushelper@mozilla.org visible
2021-03-20 07:19:49,933 - MainProcess[log-interceptor-1] - selenium_firefox     - DEBUG   : BROWSER 1: driver: 1616249989892	addons.xpi	DEBUG	Add-on @openwpm blocks e10s rollout.
2021-03-20 07:19:49,933 - MainProcess[log-interceptor-1] - selenium_firefox     - DEBUG   : BROWSER 1: driver: 1616249989892	DeferredSave.extensions.json	DEBUG	Save changes
2021-03-20 07:19:49,933 - MainProcess[log-interceptor-1] - selenium_firefox     - DEBUG   : BROWSER 1: driver: 1616249989892	addons.manager	DEBUG	Registering startup change 'installed' for e10srollout@mozilla.org
2021-03-20 07:19:49,933 - MainProcess[log-interceptor-1] - selenium_firefox     - DEBUG   : BROWSER 1: driver: 1616249989892	addons.xpi	DEBUG	Loading bootstrap scope from /Users/rayngan/Desktop/FPResearch/OpenWPM/Firefox.app/Contents/Resources/browser/features/e10srollout@mozilla.org.xpi
2021-03-20 07:19:49,934 - MainProcess[log-interceptor-1] - selenium_firefox     - DEBUG   : BROWSER 1: driver: 1616249989898	addons.xpi	DEBUG	Calling bootstrap method install on e10srollout@mozilla.org version 1.10
2021-03-20 07:19:49,934 - MainProcess[log-interceptor-1] - selenium_firefox     - DEBUG   : BROWSER 1: driver: 1616249989900	addons.xpi	DEBUG	Add-on @openwpm blocks e10s rollout.
2021-03-20 07:19:49,934 - MainProcess[log-interceptor-1] - selenium_firefox     - DEBUG   : BROWSER 1: driver: 1616249989900	addons.xpi	DEBUG	Add-on @openwpm blocks e10s rollout.
2021-03-20 07:19:49,934 - MainProcess[log-interceptor-1] - selenium_firefox     - DEBUG   : BROWSER 1: driver: 1616249989900	addons.xpi-utils	DEBUG	Make addon app-system-defaults:e10srollout@mozilla.org visible
2021-03-20 07:19:49,934 - MainProcess[log-interceptor-1] - selenium_firefox     - DEBUG   : BROWSER 1: driver: 1616249989902	addons.xpi	DEBUG	Add-on @openwpm blocks e10s rollout.
2021-03-20 07:19:49,934 - MainProcess[log-interceptor-1] - selenium_firefox     - DEBUG   : BROWSER 1: driver: 1616249989902	DeferredSave.extensions.json	DEBUG	Save changes
2021-03-20 07:19:49,934 - MainProcess[log-interceptor-1] - selenium_firefox     - DEBUG   : BROWSER 1: driver: 1616249989902	addons.xpi-utils	DEBUG	Make addon app-global:{972ce4c6-7e08-4474-a285-3208198ce6fd} visible
2021-03-20 07:19:49,934 - MainProcess[log-interceptor-1] - selenium_firefox     - DEBUG   : BROWSER 1: driver: 1616249989902	addons.xpi	DEBUG	Add-on @openwpm blocks e10s rollout.
2021-03-20 07:19:49,935 - MainProcess[log-interceptor-1] - selenium_firefox     - DEBUG   : BROWSER 1: driver: 1616249989902	DeferredSave.extensions.json	DEBUG	Save changes
2021-03-20 07:19:49,935 - MainProcess[log-interceptor-1] - selenium_firefox     - DEBUG   : BROWSER 1: driver: 1616249989904	addons.xpi	DEBUG	Updating XPIState for {"id":"@openwpm","syncGUID":"{338770c4-478c-5845-a9c8-ffd6b59f5807}","location":"app-profile","version":"0.0.1","type":"extension","internalName":null,"updateURL":null,"updateKey":null,"optionsURL":null,"optionsType":null,"aboutURL":null,"icons":{},"iconURL":null,"icon64URL":null,"defaultLocale":{"name":"openwpm","description":"Extension with socket interface into OpenWPM","creator":"Steven Englehardt","homepageURL":null},"visible":true,"active":true,"userDisabled":false,"appDisabled":false,"descriptor":"/var/folders/dk/3yxy72jj5j7flsn_p3dwxyz80000gn/T/rust_mozprofile.W7Mw47Svrc5h/extensions/@openwpm","installDate":1616249988538,"updateDate":1616249988538,"applyBackgroundUpdates":1,"bootstrap":true,"skinnable":false,"size":102064,"sourceURI":null,"releaseNotesURI":null,"softDisabled":false,"foreignInstall":true,"hasBinaryComponents":false,"strictCompatibility":false,"locales":[],"targetApplications":[{"id":"{ec8030f7-c20a-464f-9b0e-13a3a9e97384}","minVersion":"38.0a1","maxVersion":"*"}],"targetPlatforms":[],"multiprocessCompatible":false,"signedState":0,"seen":true,"dependencies":[],"hasEmbeddedWebExtension":false,"mpcOptedOut":false}
2021-03-20 07:19:49,935 - MainProcess[log-interceptor-1] - selenium_firefox     - DEBUG   : BROWSER 1: driver: 1616249989904	addons.xpi	DEBUG	getModTime: Recursive scan of @openwpm
2021-03-20 07:19:49,935 - MainProcess[log-interceptor-1] - selenium_firefox     - DEBUG   : BROWSER 1: driver: 1616249989908	addons.xpi	DEBUG	Updating XPIState for {"id":"webcompat@mozilla.org","syncGUID":"{56266403-166f-fe49-83ce-98e1757326d0}","location":"app-system-defaults","version":"1.0","type":"extension","internalName":null,"updateURL":null,"updateKey":null,"optionsURL":null,"optionsType":null,"aboutURL":null,"icons":{},"iconURL":null,"icon64URL":null,"defaultLocale":{"name":"Web Compat","description":"Urgent post-release fixes for web compatibility.","creator":null,"homepageURL":null},"visible":true,"active":true,"userDisabled":false,"appDisabled":false,"descriptor":"/Users/rayngan/Desktop/FPResearch/OpenWPM/Firefox.app/Contents/Resources/browser/features/webcompat@mozilla.org.xpi","installDate":1615228600950,"updateDate":1615228600950,"applyBackgroundUpdates":1,"bootstrap":true,"skinnable":false,"size":1456,"sourceURI":null,"releaseNotesURI":null,"softDisabled":false,"foreignInstall":false,"hasBinaryComponents":false,"strictCompatibility":false,"locales":[],"targetApplications":[{"id":"{ec8030f7-c20a-464f-9b0e-13a3a9e97384}","minVersion":"52.9.0","maxVersion":"52.*"}],"targetPlatforms":[],"multiprocessCompatible":true,"seen":true,"dependencies":[],"hasEmbeddedWebExtension":false,"mpcOptedOut":false}
2021-03-20 07:19:49,935 - MainProcess[log-interceptor-1] - selenium_firefox     - DEBUG   : BROWSER 1: driver: 1616249989908	addons.xpi	DEBUG	getModTime: Recursive scan of webcompat@mozilla.org
2021-03-20 07:19:49,935 - MainProcess[log-interceptor-1] - selenium_firefox     - DEBUG   : BROWSER 1: driver: 1616249989908	addons.xpi	DEBUG	Updating XPIState for {"id":"firefox@getpocket.com","syncGUID":"{cf391b16-59d4-2a44-a046-c9a9c4dca68c}","location":"app-system-defaults","version":"1.0.5","type":"extension","internalName":null,"updateURL":null,"updateKey":null,"optionsURL":null,"optionsType":null,"aboutURL":null,"icons":{},"iconURL":null,"icon64URL":null,"defaultLocale":{"name":"Pocket","description":"When you find something you want to view later, put it in Pocket.","creator":null,"homepageURL":null},"visible":true,"active":true,"userDisabled":false,"appDisabled":false,"descriptor":"/Users/rayngan/Desktop/FPResearch/OpenWPM/Firefox.app/Contents/Resources/browser/features/firefox@getpocket.com.xpi","installDate":1615228600950,"updateDate":1615228600950,"applyBackgroundUpdates":1,"bootstrap":true,"skinnable":false,"size":920281,"sourceURI":null,"releaseNotesURI":null,"softDisabled":false,"foreignInstall":false,"hasBinaryComponents":false,"strictCompatibility":false,"locales":[],"targetApplications":[{"id":"{ec8030f7-c20a-464f-9b0e-13a3a9e97384}","minVersion":"52.9.0","maxVersion":"52.*"}],"targetPlatforms":[],"multiprocessCompatible":true,"seen":true,"dependencies":[],"hasEmbeddedWebExtension":false,"mpcOptedOut":false}
2021-03-20 07:19:49,935 - MainProcess[log-interceptor-1] - selenium_firefox     - DEBUG   : BROWSER 1: driver: 1616249989908	addons.xpi	DEBUG	getModTime: Recursive scan of firefox@getpocket.com
2021-03-20 07:19:49,935 - MainProcess[log-interceptor-1] - selenium_firefox     - DEBUG   : BROWSER 1: driver: 1616249989910	addons.xpi	DEBUG	Updating XPIState for {"id":"aushelper@mozilla.org","syncGUID":"{31f87493-d71c-bb45-8eed-de8d7a9c44fc}","location":"app-system-defaults","version":"2.0","type":"extension","internalName":null,"updateURL":null,"updateKey":null,"optionsURL":null,"optionsType":null,"aboutURL":null,"icons":{},"iconURL":null,"icon64URL":null,"defaultLocale":{"name":"Application Update Service Helper","description":"Sets value(s) in the update url based on custom checks.","creator":null,"homepageURL":null},"visible":true,"active":true,"userDisabled":false,"appDisabled":false,"descriptor":"/Users/rayngan/Desktop/FPResearch/OpenWPM/Firefox.app/Contents/Resources/browser/features/aushelper@mozilla.org.xpi","installDate":1615228600925,"updateDate":1615228600925,"applyBackgroundUpdates":1,"bootstrap":true,"skinnable":false,"size":8488,"sourceURI":null,"releaseNotesURI":null,"softDisabled":false,"foreignInstall":false,"hasBinaryComponents":false,"strictCompatibility":false,"locales":[],"targetApplications":[{"id":"{ec8030f7-c20a-464f-9b0e-13a3a9e97384}","minVersion":"52.9.0","maxVersion":"52.*"}],"targetPlatforms":[],"multiprocessCompatible":true,"seen":true,"dependencies":[],"hasEmbeddedWebExtension":false,"mpcOptedOut":false}
2021-03-20 07:19:49,935 - MainProcess[log-interceptor-1] - selenium_firefox     - DEBUG   : BROWSER 1: driver: 1616249989910	addons.xpi	DEBUG	getModTime: Recursive scan of aushelper@mozilla.org
2021-03-20 07:19:49,936 - MainProcess[log-interceptor-1] - selenium_firefox     - DEBUG   : BROWSER 1: driver: 1616249989910	addons.xpi	DEBUG	Updating XPIState for {"id":"e10srollout@mozilla.org","syncGUID":"{bf1efada-115c-f242-bf0d-b8f712b732fe}","location":"app-system-defaults","version":"1.10","type":"extension","internalName":null,"updateURL":null,"updateKey":null,"optionsURL":null,"optionsType":null,"aboutURL":null,"icons":{},"iconURL":null,"icon64URL":null,"defaultLocale":{"name":"Multi-process staged rollout","description":"Staged rollout of Firefox multi-process feature.","creator":null,"homepageURL":null},"visible":true,"active":true,"userDisabled":false,"appDisabled":false,"descriptor":"/Users/rayngan/Desktop/FPResearch/OpenWPM/Firefox.app/Contents/Resources/browser/features/e10srollout@mozilla.org.xpi","installDate":1615228600925,"updateDate":1615228600925,"applyBackgroundUpdates":1,"bootstrap":true,"skinnable":false,"size":8145,"sourceURI":null,"releaseNotesURI":null,"softDisabled":false,"foreignInstall":false,"hasBinaryComponents":false,"strictCompatibility":false,"locales":[],"targetApplications":[{"id":"{ec8030f7-c20a-464f-9b0e-13a3a9e97384}","minVersion":"52.9.0","maxVersion":"52.*"}],"targetPlatforms":[],"multiprocessCompatible":true,"seen":true,"dependencies":[],"hasEmbeddedWebExtension":false,"mpcOptedOut":false}
2021-03-20 07:19:49,936 - MainProcess[log-interceptor-1] - selenium_firefox     - DEBUG   : BROWSER 1: driver: 1616249989910	addons.xpi	DEBUG	getModTime: Recursive scan of e10srollout@mozilla.org
2021-03-20 07:19:49,936 - MainProcess[log-interceptor-1] - selenium_firefox     - DEBUG   : BROWSER 1: driver: 1616249989910	addons.xpi	DEBUG	Updating XPIState for {"id":"{972ce4c6-7e08-4474-a285-3208198ce6fd}","syncGUID":"{d30997ba-97a9-b749-9038-0209373cc07c}","location":"app-global","version":"52.9.0","type":"theme","internalName":"classic/1.0","updateURL":null,"updateKey":null,"optionsURL":null,"optionsType":null,"aboutURL":null,"icons":{"32":"icon.png","48":"icon.png"},"iconURL":null,"icon64URL":null,"defaultLocale":{"name":"Default","description":"The default theme.","creator":"Mozilla","homepageURL":null,"contributors":["Mozilla Contributors"]},"visible":true,"active":true,"userDisabled":false,"appDisabled":false,"descriptor":"/Users/rayngan/Desktop/FPResearch/OpenWPM/Firefox.app/Contents/Resources/browser/extensions/{972ce4c6-7e08-4474-a285-3208198ce6fd}.xpi","installDate":1615228600924,"updateDate":1615228600924,"applyBackgroundUpdates":1,"skinnable":true,"size":6352,"sourceURI":null,"releaseNotesURI":null,"softDisabled":false,"foreignInstall":false,"hasBinaryComponents":false,"strictCompatibility":true,"locales":[],"targetApplications":[{"id":"{ec8030f7-c20a-464f-9b0e-13a3a9e97384}","minVersion":"52.9.0","maxVersion":"52.9.0"}],"targetPlatforms":[],"seen":true,"dependencies":[],"hasEmbeddedWebExtension":false}
2021-03-20 07:19:49,936 - MainProcess[log-interceptor-1] - selenium_firefox     - DEBUG   : BROWSER 1: driver: 1616249989912	addons.xpi	DEBUG	getModTime: Recursive scan of {972ce4c6-7e08-4474-a285-3208198ce6fd}
2021-03-20 07:19:49,936 - MainProcess[log-interceptor-1] - selenium_firefox     - DEBUG   : BROWSER 1: driver: 1616249989912	addons.xpi	DEBUG	Add-on @openwpm blocks e10s rollout.
2021-03-20 07:19:49,936 - MainProcess[log-interceptor-1] - selenium_firefox     - DEBUG   : BROWSER 1: driver: 1616249989912	DeferredSave.extensions.json	DEBUG	Save changes
2021-03-20 07:19:49,936 - MainProcess[log-interceptor-1] - selenium_firefox     - DEBUG   : BROWSER 1: driver: 1616249989912	addons.xpi	DEBUG	Updating database with changes to installed add-ons
2021-03-20 07:19:49,936 - MainProcess[log-interceptor-1] - selenium_firefox     - DEBUG   : BROWSER 1: driver: 1616249989914	addons.xpi-utils	DEBUG	Updating add-on states
2021-03-20 07:19:49,936 - MainProcess[log-interceptor-1] - selenium_firefox     - DEBUG   : BROWSER 1: driver: 1616249989914	addons.xpi-utils	DEBUG	Writing add-ons list
2021-03-20 07:19:49,936 - MainProcess[log-interceptor-1] - selenium_firefox     - DEBUG   : BROWSER 1: driver: 1616249989920	addons.xpi	DEBUG	Registering manifest for /var/folders/dk/3yxy72jj5j7flsn_p3dwxyz80000gn/T/rust_mozprofile.W7Mw47Svrc5h/extensions/@openwpm
2021-03-20 07:19:49,937 - MainProcess[log-interceptor-1] - selenium_firefox     - DEBUG   : BROWSER 1: driver: 1616249989920	addons.xpi	DEBUG	Calling bootstrap method startup on @openwpm version 0.0.1
2021-03-20 07:19:49,937 - MainProcess[log-interceptor-1] - selenium_firefox     - DEBUG   : BROWSER 1: driver: 1616249989930	addons.xpi	DEBUG	Registering manifest for /Users/rayngan/Desktop/FPResearch/OpenWPM/Firefox.app/Contents/Resources/browser/features/aushelper@mozilla.org.xpi
2021-03-20 07:19:49,937 - MainProcess[log-interceptor-1] - selenium_firefox     - DEBUG   : BROWSER 1: driver: 1616249989930	addons.xpi	DEBUG	Calling bootstrap method startup on aushelper@mozilla.org version 2.0
2021-03-20 07:19:49,937 - MainProcess[log-interceptor-1] - selenium_firefox     - DEBUG   : BROWSER 1: driver: 1616249989932	addons.xpi	DEBUG	Registering manifest for /Users/rayngan/Desktop/FPResearch/OpenWPM/Firefox.app/Contents/Resources/browser/features/e10srollout@mozilla.org.xpi
2021-03-20 07:19:52,185 - MainProcess[MainThread] - BaseAggregator       - DEBUG   : Status update; current record queue size: 0
2021-03-20 07:19:53,857 - MainProcess[MainThread] - BrowserManager       - DEBUG   : BROWSER 1: Looking for extension port information in /var/folders/dk/3yxy72jj5j7flsn_p3dwxyz80000gn/T/rust_mozprofile.W7Mw47Svrc5h/
2021-03-20 07:19:53,858 - MainProcess[MainThread] - BrowserManager       - INFO    : BROWSER 1: Crash in driver, restarting browser manager 
 Traceback (most recent call last):
  File "/Users/rayngan/Desktop/FPResearch/OpenWPM/automation/BrowserManager.py", line 363, in BrowserManager
    with open(ep_filename, 'rt') as f:
IOError: [Errno 2] No such file or directory: '/var/folders/dk/3yxy72jj5j7flsn_p3dwxyz80000gn/T/rust_mozprofile.W7Mw47Svrc5h/extension_port.txt'

2021-03-20 07:19:53,862 - MainProcess[MainThread] - BrowserManager       - ERROR   : BROWSER 1: Spawn unsuccessful  | Proxy Ready: False  | Profile Created: True  | Profile Tar: True  | Display: True  | Launch Attempted: True  | Browser Launched: True  | Browser Ready: False 
2021-03-20 07:19:53,863 - MainProcess[MainThread] - BrowserManager       - DEBUG   : BROWSER 1: Attempting to kill BrowserManager with pid 26684. Display PID: None | Display Port: None | Browser PID: 26709
2021-03-20 07:19:53,923 - MainProcess[MainThread] - BrowserManager       - DEBUG   : BROWSER 1: Geckodriver process already killed.
2021-03-20 07:19:53,934 - MainProcess[MainThread] - BrowserManager       - DEBUG   : BROWSER 1: Spawn attempt 1 
2021-03-20 07:19:54,022 - MainProcess[MainThread] - deploy_firefox       - DEBUG   : BROWSER 1: OpenWPM Firefox extension loaded
2021-03-20 07:19:57,194 - MainProcess[MainThread] - BaseAggregator       - DEBUG   : Status update; current record queue size: 0
2021-03-20 07:20:01,779 - MainProcess[log-interceptor-1] - selenium_firefox     - DEBUG   : BROWSER 1: driver: 1616249994066	geckodriver	INFO	Listening on 127.0.0.1:58647
2021-03-20 07:20:01,780 - MainProcess[log-interceptor-1] - selenium_firefox     - DEBUG   : BROWSER 1: driver: 1616250000498	mozprofile::profile	INFO	Using profile path /var/folders/dk/3yxy72jj5j7flsn_p3dwxyz80000gn/T/rust_mozprofile.yhfhaSmaF6bf
2021-03-20 07:20:01,780 - MainProcess[log-interceptor-1] - selenium_firefox     - DEBUG   : BROWSER 1: driver: 1616250000538	geckodriver::marionette	INFO	Starting browser /Users/rayngan/Desktop/FPResearch/OpenWPM/Firefox.app/Contents/MacOS/firefox-bin with args []
2021-03-20 07:20:01,780 - MainProcess[log-interceptor-1] - selenium_firefox     - DEBUG   : BROWSER 1: driver: 1616250000560	geckodriver::marionette	INFO	Connecting to Marionette on localhost:59005
2021-03-20 07:20:01,780 - MainProcess[log-interceptor-1] - selenium_firefox     - DEBUG   : BROWSER 1: driver: 1616250001234	addons.manager	DEBUG	Application has been upgraded
2021-03-20 07:20:01,780 - MainProcess[log-interceptor-1] - selenium_firefox     - DEBUG   : BROWSER 1: driver: 1616250001418	addons.manager	DEBUG	Loaded provider scope for resource://gre/modules/addons/XPIProvider.jsm: ["XPIProvider"]
2021-03-20 07:20:01,780 - MainProcess[log-interceptor-1] - selenium_firefox     - DEBUG   : BROWSER 1: driver: 1616250001428	addons.manager	DEBUG	Loaded provider scope for resource://gre/modules/LightweightThemeManager.jsm: ["LightweightThemeManager"]
2021-03-20 07:20:01,780 - MainProcess[log-interceptor-1] - selenium_firefox     - DEBUG   : BROWSER 1: driver: 1616250001436	addons.manager	DEBUG	Loaded provider scope for resource://gre/modules/addons/GMPProvider.jsm
2021-03-20 07:20:01,780 - MainProcess[log-interceptor-1] - selenium_firefox     - DEBUG   : BROWSER 1: driver: 1616250001442	addons.manager	DEBUG	Loaded provider scope for resource://gre/modules/addons/PluginProvider.jsm
2021-03-20 07:20:01,781 - MainProcess[log-interceptor-1] - selenium_firefox     - DEBUG   : BROWSER 1: driver: 1616250001444	addons.manager	DEBUG	Starting provider: XPIProvider
2021-03-20 07:20:01,781 - MainProcess[log-interceptor-1] - selenium_firefox     - DEBUG   : BROWSER 1: driver: 1616250001444	addons.xpi	DEBUG	startup
2021-03-20 07:20:01,781 - MainProcess[log-interceptor-1] - selenium_firefox     - DEBUG   : BROWSER 1: driver: 1616250001444	addons.xpi	INFO	Mapping @openwpm to /var/folders/dk/3yxy72jj5j7flsn_p3dwxyz80000gn/T/rust_mozprofile.yhfhaSmaF6bf/extensions/@openwpm
2021-03-20 07:20:01,781 - MainProcess[log-interceptor-1] - selenium_firefox     - DEBUG   : BROWSER 1: driver: 1616250001446	addons.xpi	INFO	SystemAddonInstallLocation directory is missing
2021-03-20 07:20:01,781 - MainProcess[log-interceptor-1] - selenium_firefox     - DEBUG   : BROWSER 1: driver: 1616250001446	addons.xpi	INFO	Mapping webcompat@mozilla.org to /Users/rayngan/Desktop/FPResearch/OpenWPM/Firefox.app/Contents/Resources/browser/features/webcompat@mozilla.org.xpi
2021-03-20 07:20:01,781 - MainProcess[log-interceptor-1] - selenium_firefox     - DEBUG   : BROWSER 1: driver: 1616250001446	addons.xpi	INFO	Mapping firefox@getpocket.com to /Users/rayngan/Desktop/FPResearch/OpenWPM/Firefox.app/Contents/Resources/browser/features/firefox@getpocket.com.xpi
2021-03-20 07:20:01,781 - MainProcess[log-interceptor-1] - selenium_firefox     - DEBUG   : BROWSER 1: driver: 1616250001448	addons.xpi	INFO	Mapping aushelper@mozilla.org to /Users/rayngan/Desktop/FPResearch/OpenWPM/Firefox.app/Contents/Resources/browser/features/aushelper@mozilla.org.xpi
2021-03-20 07:20:01,782 - MainProcess[log-interceptor-1] - selenium_firefox     - DEBUG   : BROWSER 1: driver: 1616250001448	addons.xpi	INFO	Mapping e10srollout@mozilla.org to /Users/rayngan/Desktop/FPResearch/OpenWPM/Firefox.app/Contents/Resources/browser/features/e10srollout@mozilla.org.xpi
2021-03-20 07:20:01,782 - MainProcess[log-interceptor-1] - selenium_firefox     - DEBUG   : BROWSER 1: driver: 1616250001450	addons.xpi	INFO	Mapping {972ce4c6-7e08-4474-a285-3208198ce6fd} to /Users/rayngan/Desktop/FPResearch/OpenWPM/Firefox.app/Contents/Resources/browser/extensions/{972ce4c6-7e08-4474-a285-3208198ce6fd}.xpi
2021-03-20 07:20:01,782 - MainProcess[log-interceptor-1] - selenium_firefox     - DEBUG   : BROWSER 1: driver: 1616250001450	addons.xpi	DEBUG	checkForChanges
2021-03-20 07:20:01,782 - MainProcess[log-interceptor-1] - selenium_firefox     - DEBUG   : BROWSER 1: driver: 1616250001450	addons.xpi	INFO	SystemAddonInstallLocation directory is missing
2021-03-20 07:20:01,782 - MainProcess[log-interceptor-1] - selenium_firefox     - DEBUG   : BROWSER 1: driver: 1616250001450	addons.xpi	DEBUG	Loaded add-on state from prefs: {}
2021-03-20 07:20:01,782 - MainProcess[log-interceptor-1] - selenium_firefox     - DEBUG   : BROWSER 1: driver: 1616250001452	addons.xpi	DEBUG	New add-on @openwpm in app-profile
2021-03-20 07:20:01,782 - MainProcess[log-interceptor-1] - selenium_firefox     - DEBUG   : BROWSER 1: driver: 1616250001452	addons.xpi	DEBUG	getModTime: Recursive scan of @openwpm
2021-03-20 07:20:01,782 - MainProcess[log-interceptor-1] - selenium_firefox     - DEBUG   : BROWSER 1: driver: 1616250001456	addons.xpi	DEBUG	New add-on webcompat@mozilla.org in app-system-defaults
2021-03-20 07:20:01,782 - MainProcess[log-interceptor-1] - selenium_firefox     - DEBUG   : BROWSER 1: driver: 1616250001458	addons.xpi	DEBUG	getModTime: Recursive scan of webcompat@mozilla.org
2021-03-20 07:20:01,783 - MainProcess[log-interceptor-1] - selenium_firefox     - DEBUG   : BROWSER 1: driver: 1616250001458	addons.xpi	DEBUG	New add-on firefox@getpocket.com in app-system-defaults
2021-03-20 07:20:01,783 - MainProcess[log-interceptor-1] - selenium_firefox     - DEBUG   : BROWSER 1: driver: 1616250001458	addons.xpi	DEBUG	getModTime: Recursive scan of firefox@getpocket.com
2021-03-20 07:20:01,783 - MainProcess[log-interceptor-1] - selenium_firefox     - DEBUG   : BROWSER 1: driver: 1616250001460	addons.xpi	DEBUG	New add-on aushelper@mozilla.org in app-system-defaults
2021-03-20 07:20:01,783 - MainProcess[log-interceptor-1] - selenium_firefox     - DEBUG   : BROWSER 1: driver: 1616250001460	addons.xpi	DEBUG	getModTime: Recursive scan of aushelper@mozilla.org
2021-03-20 07:20:01,783 - MainProcess[log-interceptor-1] - selenium_firefox     - DEBUG   : BROWSER 1: driver: 1616250001460	addons.xpi	DEBUG	New add-on e10srollout@mozilla.org in app-system-defaults
2021-03-20 07:20:01,783 - MainProcess[log-interceptor-1] - selenium_firefox     - DEBUG   : BROWSER 1: driver: 1616250001460	addons.xpi	DEBUG	getModTime: Recursive scan of e10srollout@mozilla.org
2021-03-20 07:20:01,783 - MainProcess[log-interceptor-1] - selenium_firefox     - DEBUG   : BROWSER 1: driver: 1616250001460	addons.xpi	DEBUG	New add-on {972ce4c6-7e08-4474-a285-3208198ce6fd} in app-global
2021-03-20 07:20:01,783 - MainProcess[log-interceptor-1] - selenium_firefox     - DEBUG   : BROWSER 1: driver: 1616250001462	addons.xpi	DEBUG	getModTime: Recursive scan of {972ce4c6-7e08-4474-a285-3208198ce6fd}
2021-03-20 07:20:01,784 - MainProcess[log-interceptor-1] - selenium_firefox     - DEBUG   : BROWSER 1: driver: 1616250001462	addons.xpi	DEBUG	getInstallState changed: true, state: {"app-profile":{"@openwpm":{"d":"/var/folders/dk/3yxy72jj5j7flsn_p3dwxyz80000gn/T/rust_mozprofile.yhfhaSmaF6bf/extensions/@openwpm","st":1616250000510,"mt":1616250000501}},"app-system-defaults":{"webcompat@mozilla.org":{"d":"/Users/rayngan/Desktop/FPResearch/OpenWPM/Firefox.app/Contents/Resources/browser/features/webcompat@mozilla.org.xpi","st":1615228600950},"firefox@getpocket.com":{"d":"/Users/rayngan/Desktop/FPResearch/OpenWPM/Firefox.app/Contents/Resources/browser/features/firefox@getpocket.com.xpi","st":1615228600950},"aushelper@mozilla.org":{"d":"/Users/rayngan/Desktop/FPResearch/OpenWPM/Firefox.app/Contents/Resources/browser/features/aushelper@mozilla.org.xpi","st":1615228600925},"e10srollout@mozilla.org":{"d":"/Users/rayngan/Desktop/FPResearch/OpenWPM/Firefox.app/Contents/Resources/browser/features/e10srollout@mozilla.org.xpi","st":1615228600925}},"app-global":{"{972ce4c6-7e08-4474-a285-3208198ce6fd}":{"d":"/Users/rayngan/Desktop/FPResearch/OpenWPM/Firefox.app/Contents/Resources/browser/extensions/{972ce4c6-7e08-4474-a285-3208198ce6fd}.xpi","st":1615228600924}}}
2021-03-20 07:20:01,784 - MainProcess[log-interceptor-1] - selenium_firefox     - DEBUG   : BROWSER 1: driver: 1616250001472	addons.xpi-utils	DEBUG	Opening XPI database /var/folders/dk/3yxy72jj5j7flsn_p3dwxyz80000gn/T/rust_mozprofile.yhfhaSmaF6bf/extensions.json
2021-03-20 07:20:01,784 - MainProcess[log-interceptor-1] - selenium_firefox     - DEBUG   : BROWSER 1: driver: 1616250001474	addons.xpi-utils	DEBUG	New add-on @openwpm installed in app-profile
2021-03-20 07:20:01,784 - MainProcess[log-interceptor-1] - selenium_firefox     - DEBUG   : BROWSER 1: driver: *** Blocklist::_loadBlocklistFromFile: blocklist is disabled
2021-03-20 07:20:01,784 - MainProcess[log-interceptor-1] - selenium_firefox     - DEBUG   : BROWSER 1: driver: 1616250001510	DeferredSave.extensions.json	DEBUG	Save changes
2021-03-20 07:20:01,784 - MainProcess[log-interceptor-1] - selenium_firefox     - DEBUG   : BROWSER 1: driver: 1616250001510	addons.xpi-utils	DEBUG	New add-on webcompat@mozilla.org installed in app-system-defaults
2021-03-20 07:20:01,784 - MainProcess[log-interceptor-1] - selenium_firefox     - DEBUG   : BROWSER 1: driver: 1616250001514	DeferredSave.extensions.json	DEBUG	Starting timer
2021-03-20 07:20:01,784 - MainProcess[log-interceptor-1] - selenium_firefox     - DEBUG   : BROWSER 1: driver: 1616250001524	DeferredSave.extensions.json	DEBUG	Save changes
2021-03-20 07:20:01,784 - MainProcess[log-interceptor-1] - selenium_firefox     - DEBUG   : BROWSER 1: driver: 1616250001524	addons.xpi-utils	DEBUG	New add-on firefox@getpocket.com installed in app-system-defaults
2021-03-20 07:20:01,785 - MainProcess[log-interceptor-1] - selenium_firefox     - DEBUG   : BROWSER 1: driver: 1616250001542	DeferredSave.extensions.json	DEBUG	Save changes
2021-03-20 07:20:01,785 - MainProcess[log-interceptor-1] - selenium_firefox     - DEBUG   : BROWSER 1: driver: 1616250001544	addons.xpi-utils	DEBUG	New add-on aushelper@mozilla.org installed in app-system-defaults
2021-03-20 07:20:01,785 - MainProcess[log-interceptor-1] - selenium_firefox     - DEBUG   : BROWSER 1: driver: 1616250001550	DeferredSave.extensions.json	DEBUG	Save changes
2021-03-20 07:20:01,785 - MainProcess[log-interceptor-1] - selenium_firefox     - DEBUG   : BROWSER 1: driver: 1616250001552	addons.xpi-utils	DEBUG	New add-on e10srollout@mozilla.org installed in app-system-defaults
2021-03-20 07:20:01,785 - MainProcess[log-interceptor-1] - selenium_firefox     - DEBUG   : BROWSER 1: driver: 1616250001574	DeferredSave.extensions.json	DEBUG	Starting write
2021-03-20 07:20:01,785 - MainProcess[log-interceptor-1] - selenium_firefox     - DEBUG   : BROWSER 1: driver: 1616250001580	DeferredSave.extensions.json	DEBUG	Save changes
2021-03-20 07:20:01,785 - MainProcess[log-interceptor-1] - selenium_firefox     - DEBUG   : BROWSER 1: driver: 1616250001580	DeferredSave.extensions.json	DEBUG	Data changed while write in progress
2021-03-20 07:20:01,785 - MainProcess[log-interceptor-1] - selenium_firefox     - DEBUG   : BROWSER 1: driver: 1616250001580	addons.xpi-utils	DEBUG	New add-on {972ce4c6-7e08-4474-a285-3208198ce6fd} installed in app-global
2021-03-20 07:20:01,785 - MainProcess[log-interceptor-1] - selenium_firefox     - DEBUG   : BROWSER 1: driver: 1616250001586	DeferredSave.extensions.json	DEBUG	Save changes
2021-03-20 07:20:01,785 - MainProcess[log-interceptor-1] - selenium_firefox     - DEBUG   : BROWSER 1: driver: 1616250001586	addons.manager	DEBUG	Registering startup change 'installed' for @openwpm
2021-03-20 07:20:01,786 - MainProcess[log-interceptor-1] - selenium_firefox     - DEBUG   : BROWSER 1: driver: 1616250001586	addons.manager	DEBUG	Registering startup change 'installed' for @openwpm
2021-03-20 07:20:01,786 - MainProcess[log-interceptor-1] - selenium_firefox     - DEBUG   : BROWSER 1: driver: 1616250001608	addons.xpi	DEBUG	Loading bootstrap scope from /var/folders/dk/3yxy72jj5j7flsn_p3dwxyz80000gn/T/rust_mozprofile.yhfhaSmaF6bf/extensions/@openwpm
2021-03-20 07:20:01,786 - MainProcess[log-interceptor-1] - selenium_firefox     - DEBUG   : BROWSER 1: driver: 1616250001738	addons.xpi	DEBUG	Calling bootstrap method install on @openwpm version 0.0.1
2021-03-20 07:20:01,786 - MainProcess[log-interceptor-1] - selenium_firefox     - DEBUG   : BROWSER 1: driver: 1616250001742	addons.xpi-utils	DEBUG	Make addon app-profile:@openwpm visible
2021-03-20 07:20:01,786 - MainProcess[log-interceptor-1] - selenium_firefox     - DEBUG   : BROWSER 1: driver: 1616250001756	addons.xpi	DEBUG	Add-on @openwpm blocks e10s rollout.
2021-03-20 07:20:01,786 - MainProcess[log-interceptor-1] - selenium_firefox     - DEBUG   : BROWSER 1: driver: 1616250001758	DeferredSave.extensions.json	DEBUG	Save changes
2021-03-20 07:20:01,786 - MainProcess[log-interceptor-1] - selenium_firefox     - DEBUG   : BROWSER 1: driver: 1616250001758	addons.manager	DEBUG	Registering startup change 'installed' for webcompat@mozilla.org
2021-03-20 07:20:01,786 - MainProcess[log-interceptor-1] - selenium_firefox     - DEBUG   : BROWSER 1: driver: 1616250001758	addons.xpi	DEBUG	Loading bootstrap scope from /Users/rayngan/Desktop/FPResearch/OpenWPM/Firefox.app/Contents/Resources/browser/features/webcompat@mozilla.org.xpi
2021-03-20 07:20:01,786 - MainProcess[log-interceptor-1] - selenium_firefox     - DEBUG   : BROWSER 1: driver: 1616250001760	addons.xpi	DEBUG	Calling bootstrap method install on webcompat@mozilla.org version 1.0
2021-03-20 07:20:01,787 - MainProcess[log-interceptor-1] - selenium_firefox     - DEBUG   : BROWSER 1: driver: 1616250001760	addons.xpi-utils	DEBUG	Make addon app-system-defaults:webcompat@mozilla.org visible
2021-03-20 07:20:01,787 - MainProcess[log-interceptor-1] - selenium_firefox     - DEBUG   : BROWSER 1: driver: 1616250001760	addons.xpi	DEBUG	Add-on @openwpm blocks e10s rollout.
2021-03-20 07:20:01,787 - MainProcess[log-interceptor-1] - selenium_firefox     - DEBUG   : BROWSER 1: driver: 1616250001760	DeferredSave.extensions.json	DEBUG	Save changes
2021-03-20 07:20:01,787 - MainProcess[log-interceptor-1] - selenium_firefox     - DEBUG   : BROWSER 1: driver: 1616250001760	addons.manager	DEBUG	Registering startup change 'installed' for firefox@getpocket.com
2021-03-20 07:20:01,787 - MainProcess[log-interceptor-1] - selenium_firefox     - DEBUG   : BROWSER 1: driver: 1616250001762	addons.xpi	DEBUG	Loading bootstrap scope from /Users/rayngan/Desktop/FPResearch/OpenWPM/Firefox.app/Contents/Resources/browser/features/firefox@getpocket.com.xpi
2021-03-20 07:20:01,787 - MainProcess[log-interceptor-1] - selenium_firefox     - DEBUG   : BROWSER 1: driver: 1616250001770	addons.xpi	DEBUG	Calling bootstrap method install on firefox@getpocket.com version 1.0.5
2021-03-20 07:20:01,787 - MainProcess[log-interceptor-1] - selenium_firefox     - DEBUG   : BROWSER 1: driver: 1616250001770	addons.xpi-utils	DEBUG	Make addon app-system-defaults:firefox@getpocket.com visible
2021-03-20 07:20:01,787 - MainProcess[log-interceptor-1] - selenium_firefox     - DEBUG   : BROWSER 1: driver: 1616250001770	addons.xpi	DEBUG	Add-on @openwpm blocks e10s rollout.
2021-03-20 07:20:01,788 - MainProcess[log-interceptor-1] - selenium_firefox     - DEBUG   : BROWSER 1: driver: 1616250001770	DeferredSave.extensions.json	DEBUG	Save changes
2021-03-20 07:20:01,788 - MainProcess[log-interceptor-1] - selenium_firefox     - DEBUG   : BROWSER 1: driver: 1616250001770	addons.manager	DEBUG	Registering startup change 'installed' for aushelper@mozilla.org
2021-03-20 07:20:01,788 - MainProcess[log-interceptor-1] - selenium_firefox     - DEBUG   : BROWSER 1: driver: 1616250001772	addons.xpi	DEBUG	Loading bootstrap scope from /Users/rayngan/Desktop/FPResearch/OpenWPM/Firefox.app/Contents/Resources/browser/features/aushelper@mozilla.org.xpi
2021-03-20 07:20:01,826 - MainProcess[log-interceptor-1] - selenium_firefox     - DEBUG   : BROWSER 1: driver: 1616250001778	addons.xpi	DEBUG	Calling bootstrap method install on aushelper@mozilla.org version 2.0
2021-03-20 07:20:01,826 - MainProcess[log-interceptor-1] - selenium_firefox     - DEBUG   : BROWSER 1: driver: 1616250001778	addons.xpi-utils	DEBUG	Make addon app-system-defaults:aushelper@mozilla.org visible
2021-03-20 07:20:01,826 - MainProcess[log-interceptor-1] - selenium_firefox     - DEBUG   : BROWSER 1: driver: 1616250001778	addons.xpi	DEBUG	Add-on @openwpm blocks e10s rollout.
2021-03-20 07:20:01,826 - MainProcess[log-interceptor-1] - selenium_firefox     - DEBUG   : BROWSER 1: driver: 1616250001778	DeferredSave.extensions.json	DEBUG	Save changes
2021-03-20 07:20:01,826 - MainProcess[log-interceptor-1] - selenium_firefox     - DEBUG   : BROWSER 1: driver: 1616250001778	addons.manager	DEBUG	Registering startup change 'installed' for e10srollout@mozilla.org
2021-03-20 07:20:01,826 - MainProcess[log-interceptor-1] - selenium_firefox     - DEBUG   : BROWSER 1: driver: 1616250001780	addons.xpi	DEBUG	Loading bootstrap scope from /Users/rayngan/Desktop/FPResearch/OpenWPM/Firefox.app/Contents/Resources/browser/features/e10srollout@mozilla.org.xpi
2021-03-20 07:20:01,827 - MainProcess[log-interceptor-1] - selenium_firefox     - DEBUG   : BROWSER 1: driver: 1616250001786	addons.xpi	DEBUG	Calling bootstrap method install on e10srollout@mozilla.org version 1.10
2021-03-20 07:20:01,827 - MainProcess[log-interceptor-1] - selenium_firefox     - DEBUG   : BROWSER 1: driver: 1616250001788	addons.xpi	DEBUG	Add-on @openwpm blocks e10s rollout.
2021-03-20 07:20:01,827 - MainProcess[log-interceptor-1] - selenium_firefox     - DEBUG   : BROWSER 1: driver: 1616250001788	addons.xpi	DEBUG	Add-on @openwpm blocks e10s rollout.
2021-03-20 07:20:01,827 - MainProcess[log-interceptor-1] - selenium_firefox     - DEBUG   : BROWSER 1: driver: 1616250001790	addons.xpi-utils	DEBUG	Make addon app-system-defaults:e10srollout@mozilla.org visible
2021-03-20 07:20:01,827 - MainProcess[log-interceptor-1] - selenium_firefox     - DEBUG   : BROWSER 1: driver: 1616250001790	addons.xpi	DEBUG	Add-on @openwpm blocks e10s rollout.
2021-03-20 07:20:01,827 - MainProcess[log-interceptor-1] - selenium_firefox     - DEBUG   : BROWSER 1: driver: 1616250001792	DeferredSave.extensions.json	DEBUG	Save changes
2021-03-20 07:20:01,827 - MainProcess[log-interceptor-1] - selenium_firefox     - DEBUG   : BROWSER 1: driver: 1616250001792	addons.xpi-utils	DEBUG	Make addon app-global:{972ce4c6-7e08-4474-a285-3208198ce6fd} visible
2021-03-20 07:20:01,827 - MainProcess[log-interceptor-1] - selenium_firefox     - DEBUG   : BROWSER 1: driver: 1616250001792	addons.xpi	DEBUG	Add-on @openwpm blocks e10s rollout.
2021-03-20 07:20:01,827 - MainProcess[log-interceptor-1] - selenium_firefox     - DEBUG   : BROWSER 1: driver: 1616250001792	DeferredSave.extensions.json	DEBUG	Save changes
2021-03-20 07:20:01,828 - MainProcess[log-interceptor-1] - selenium_firefox     - DEBUG   : BROWSER 1: driver: 1616250001792	addons.xpi	DEBUG	Updating XPIState for {"id":"@openwpm","syncGUID":"{62725bf5-3c42-f248-bcbc-7504606518f8}","location":"app-profile","version":"0.0.1","type":"extension","internalName":null,"updateURL":null,"updateKey":null,"optionsURL":null,"optionsType":null,"aboutURL":null,"icons":{},"iconURL":null,"icon64URL":null,"defaultLocale":{"name":"openwpm","description":"Extension with socket interface into OpenWPM","creator":"Steven Englehardt","homepageURL":null},"visible":true,"active":true,"userDisabled":false,"appDisabled":false,"descriptor":"/var/folders/dk/3yxy72jj5j7flsn_p3dwxyz80000gn/T/rust_mozprofile.yhfhaSmaF6bf/extensions/@openwpm","installDate":1616250000510,"updateDate":1616250000510,"applyBackgroundUpdates":1,"bootstrap":true,"skinnable":false,"size":102064,"sourceURI":null,"releaseNotesURI":null,"softDisabled":false,"foreignInstall":true,"hasBinaryComponents":false,"strictCompatibility":false,"locales":[],"targetApplications":[{"id":"{ec8030f7-c20a-464f-9b0e-13a3a9e97384}","minVersion":"38.0a1","maxVersion":"*"}],"targetPlatforms":[],"multiprocessCompatible":false,"signedState":0,"seen":true,"dependencies":[],"hasEmbeddedWebExtension":false,"mpcOptedOut":false}
2021-03-20 07:20:01,828 - MainProcess[log-interceptor-1] - selenium_firefox     - DEBUG   : BROWSER 1: driver: 1616250001792	addons.xpi	DEBUG	getModTime: Recursive scan of @openwpm
2021-03-20 07:20:01,828 - MainProcess[log-interceptor-1] - selenium_firefox     - DEBUG   : BROWSER 1: driver: 1616250001798	addons.xpi	DEBUG	Updating XPIState for {"id":"webcompat@mozilla.org","syncGUID":"{34b51b1b-f96f-8245-abc1-b6688825d09b}","location":"app-system-defaults","version":"1.0","type":"extension","internalName":null,"updateURL":null,"updateKey":null,"optionsURL":null,"optionsType":null,"aboutURL":null,"icons":{},"iconURL":null,"icon64URL":null,"defaultLocale":{"name":"Web Compat","description":"Urgent post-release fixes for web compatibility.","creator":null,"homepageURL":null},"visible":true,"active":true,"userDisabled":false,"appDisabled":false,"descriptor":"/Users/rayngan/Desktop/FPResearch/OpenWPM/Firefox.app/Contents/Resources/browser/features/webcompat@mozilla.org.xpi","installDate":1615228600950,"updateDate":1615228600950,"applyBackgroundUpdates":1,"bootstrap":true,"skinnable":false,"size":1456,"sourceURI":null,"releaseNotesURI":null,"softDisabled":false,"foreignInstall":false,"hasBinaryComponents":false,"strictCompatibility":false,"locales":[],"targetApplications":[{"id":"{ec8030f7-c20a-464f-9b0e-13a3a9e97384}","minVersion":"52.9.0","maxVersion":"52.*"}],"targetPlatforms":[],"multiprocessCompatible":true,"seen":true,"dependencies":[],"hasEmbeddedWebExtension":false,"mpcOptedOut":false}
2021-03-20 07:20:01,828 - MainProcess[log-interceptor-1] - selenium_firefox     - DEBUG   : BROWSER 1: driver: 1616250001798	addons.xpi	DEBUG	getModTime: Recursive scan of webcompat@mozilla.org
2021-03-20 07:20:01,828 - MainProcess[log-interceptor-1] - selenium_firefox     - DEBUG   : BROWSER 1: driver: 1616250001800	addons.xpi	DEBUG	Updating XPIState for {"id":"firefox@getpocket.com","syncGUID":"{750f173d-f0da-2b4e-a235-4c74b96c66a6}","location":"app-system-defaults","version":"1.0.5","type":"extension","internalName":null,"updateURL":null,"updateKey":null,"optionsURL":null,"optionsType":null,"aboutURL":null,"icons":{},"iconURL":null,"icon64URL":null,"defaultLocale":{"name":"Pocket","description":"When you find something you want to view later, put it in Pocket.","creator":null,"homepageURL":null},"visible":true,"active":true,"userDisabled":false,"appDisabled":false,"descriptor":"/Users/rayngan/Desktop/FPResearch/OpenWPM/Firefox.app/Contents/Resources/browser/features/firefox@getpocket.com.xpi","installDate":1615228600950,"updateDate":1615228600950,"applyBackgroundUpdates":1,"bootstrap":true,"skinnable":false,"size":920281,"sourceURI":null,"releaseNotesURI":null,"softDisabled":false,"foreignInstall":false,"hasBinaryComponents":false,"strictCompatibility":false,"locales":[],"targetApplications":[{"id":"{ec8030f7-c20a-464f-9b0e-13a3a9e97384}","minVersion":"52.9.0","maxVersion":"52.*"}],"targetPlatforms":[],"multiprocessCompatible":true,"seen":true,"dependencies":[],"hasEmbeddedWebExtension":false,"mpcOptedOut":false}
2021-03-20 07:20:01,828 - MainProcess[log-interceptor-1] - selenium_firefox     - DEBUG   : BROWSER 1: driver: 1616250001800	addons.xpi	DEBUG	getModTime: Recursive scan of firefox@getpocket.com
2021-03-20 07:20:01,828 - MainProcess[log-interceptor-1] - selenium_firefox     - DEBUG   : BROWSER 1: driver: 1616250001800	addons.xpi	DEBUG	Updating XPIState for {"id":"aushelper@mozilla.org","syncGUID":"{b6ddd3c1-35c1-6844-9f39-d6caac45ffca}","location":"app-system-defaults","version":"2.0","type":"extension","internalName":null,"updateURL":null,"updateKey":null,"optionsURL":null,"optionsType":null,"aboutURL":null,"icons":{},"iconURL":null,"icon64URL":null,"defaultLocale":{"name":"Application Update Service Helper","description":"Sets value(s) in the update url based on custom checks.","creator":null,"homepageURL":null},"visible":true,"active":true,"userDisabled":false,"appDisabled":false,"descriptor":"/Users/rayngan/Desktop/FPResearch/OpenWPM/Firefox.app/Contents/Resources/browser/features/aushelper@mozilla.org.xpi","installDate":1615228600925,"updateDate":1615228600925,"applyBackgroundUpdates":1,"bootstrap":true,"skinnable":false,"size":8488,"sourceURI":null,"releaseNotesURI":null,"softDisabled":false,"foreignInstall":false,"hasBinaryComponents":false,"strictCompatibility":false,"locales":[],"targetApplications":[{"id":"{ec8030f7-c20a-464f-9b0e-13a3a9e97384}","minVersion":"52.9.0","maxVersion":"52.*"}],"targetPlatforms":[],"multiprocessCompatible":true,"seen":true,"dependencies":[],"hasEmbeddedWebExtension":false,"mpcOptedOut":false}
2021-03-20 07:20:01,829 - MainProcess[log-interceptor-1] - selenium_firefox     - DEBUG   : BROWSER 1: driver: 1616250001800	addons.xpi	DEBUG	getModTime: Recursive scan of aushelper@mozilla.org
2021-03-20 07:20:01,829 - MainProcess[log-interceptor-1] - selenium_firefox     - DEBUG   : BROWSER 1: driver: 1616250001800	addons.xpi	DEBUG	Updating XPIState for {"id":"e10srollout@mozilla.org","syncGUID":"{92c08119-5ea5-0c49-94ca-87550fc19999}","location":"app-system-defaults","version":"1.10","type":"extension","internalName":null,"updateURL":null,"updateKey":null,"optionsURL":null,"optionsType":null,"aboutURL":null,"icons":{},"iconURL":null,"icon64URL":null,"defaultLocale":{"name":"Multi-process staged rollout","description":"Staged rollout of Firefox multi-process feature.","creator":null,"homepageURL":null},"visible":true,"active":true,"userDisabled":false,"appDisabled":false,"descriptor":"/Users/rayngan/Desktop/FPResearch/OpenWPM/Firefox.app/Contents/Resources/browser/features/e10srollout@mozilla.org.xpi","installDate":1615228600925,"updateDate":1615228600925,"applyBackgroundUpdates":1,"bootstrap":true,"skinnable":false,"size":8145,"sourceURI":null,"releaseNotesURI":null,"softDisabled":false,"foreignInstall":false,"hasBinaryComponents":false,"strictCompatibility":false,"locales":[],"targetApplications":[{"id":"{ec8030f7-c20a-464f-9b0e-13a3a9e97384}","minVersion":"52.9.0","maxVersion":"52.*"}],"targetPlatforms":[],"multiprocessCompatible":true,"seen":true,"dependencies":[],"hasEmbeddedWebExtension":false,"mpcOptedOut":false}
2021-03-20 07:20:01,829 - MainProcess[log-interceptor-1] - selenium_firefox     - DEBUG   : BROWSER 1: driver: 1616250001800	addons.xpi	DEBUG	getModTime: Recursive scan of e10srollout@mozilla.org
2021-03-20 07:20:01,829 - MainProcess[log-interceptor-1] - selenium_firefox     - DEBUG   : BROWSER 1: driver: 1616250001802	addons.xpi	DEBUG	Updating XPIState for {"id":"{972ce4c6-7e08-4474-a285-3208198ce6fd}","syncGUID":"{a5beb4ea-99a7-314d-b7c3-301373b776c9}","location":"app-global","version":"52.9.0","type":"theme","internalName":"classic/1.0","updateURL":null,"updateKey":null,"optionsURL":null,"optionsType":null,"aboutURL":null,"icons":{"32":"icon.png","48":"icon.png"},"iconURL":null,"icon64URL":null,"defaultLocale":{"name":"Default","description":"The default theme.","creator":"Mozilla","homepageURL":null,"contributors":["Mozilla Contributors"]},"visible":true,"active":true,"userDisabled":false,"appDisabled":false,"descriptor":"/Users/rayngan/Desktop/FPResearch/OpenWPM/Firefox.app/Contents/Resources/browser/extensions/{972ce4c6-7e08-4474-a285-3208198ce6fd}.xpi","installDate":1615228600924,"updateDate":1615228600924,"applyBackgroundUpdates":1,"skinnable":true,"size":6352,"sourceURI":null,"releaseNotesURI":null,"softDisabled":false,"foreignInstall":false,"hasBinaryComponents":false,"strictCompatibility":true,"locales":[],"targetApplications":[{"id":"{ec8030f7-c20a-464f-9b0e-13a3a9e97384}","minVersion":"52.9.0","maxVersion":"52.9.0"}],"targetPlatforms":[],"seen":true,"dependencies":[],"hasEmbeddedWebExtension":false}
2021-03-20 07:20:01,829 - MainProcess[log-interceptor-1] - selenium_firefox     - DEBUG   : BROWSER 1: driver: 1616250001802	addons.xpi	DEBUG	getModTime: Recursive scan of {972ce4c6-7e08-4474-a285-3208198ce6fd}
2021-03-20 07:20:01,829 - MainProcess[log-interceptor-1] - selenium_firefox     - DEBUG   : BROWSER 1: driver: 1616250001802	addons.xpi	DEBUG	Add-on @openwpm blocks e10s rollout.
2021-03-20 07:20:01,829 - MainProcess[log-interceptor-1] - selenium_firefox     - DEBUG   : BROWSER 1: driver: 1616250001802	DeferredSave.extensions.json	DEBUG	Save changes
2021-03-20 07:20:01,830 - MainProcess[log-interceptor-1] - selenium_firefox     - DEBUG   : BROWSER 1: driver: 1616250001802	addons.xpi	DEBUG	Updating database with changes to installed add-ons
2021-03-20 07:20:01,830 - MainProcess[log-interceptor-1] - selenium_firefox     - DEBUG   : BROWSER 1: driver: 1616250001802	addons.xpi-utils	DEBUG	Updating add-on states
2021-03-20 07:20:01,830 - MainProcess[log-interceptor-1] - selenium_firefox     - DEBUG   : BROWSER 1: driver: 1616250001804	addons.xpi-utils	DEBUG	Writing add-ons list
2021-03-20 07:20:01,830 - MainProcess[log-interceptor-1] - selenium_firefox     - DEBUG   : BROWSER 1: driver: 1616250001812	addons.xpi	DEBUG	Registering manifest for /var/folders/dk/3yxy72jj5j7flsn_p3dwxyz80000gn/T/rust_mozprofile.yhfhaSmaF6bf/extensions/@openwpm
2021-03-20 07:20:01,830 - MainProcess[log-interceptor-1] - selenium_firefox     - DEBUG   : BROWSER 1: driver: 1616250001814	addons.xpi	DEBUG	Calling bootstrap method startup on @openwpm version 0.0.1
2021-03-20 07:20:01,830 - MainProcess[log-interceptor-1] - selenium_firefox     - DEBUG   : BROWSER 1: driver: 1616250001822	addons.xpi	DEBUG	Registering manifest for /Users/rayngan/Desktop/FPResearch/OpenWPM/Firefox.app/Contents/Resources/browser/features/aushelper@mozilla.org.xpi
2021-03-20 07:20:01,830 - MainProcess[log-interceptor-1] - selenium_firefox     - DEBUG   : BROWSER 1: driver: 1616250001824	addons.xpi	DEBUG	Calling bootstrap method startup on aushelper@mozilla.org version 2.0
2021-03-20 07:20:01,830 - MainProcess[log-interceptor-1] - selenium_firefox     - DEBUG   : BROWSER 1: driver: 1616250001824	addons.xpi	DEBUG	Registering manifest for /Users/rayngan/Desktop/FPResearch/OpenWPM/Firefox.app/Contents/Resources/browser/features/e10srollout@mozilla.org.xpi
2021-03-20 07:20:02,204 - MainProcess[MainThread] - BaseAggregator       - DEBUG   : Status update; current record queue size: 0
2021-03-20 07:20:06,943 - MainProcess[MainThread] - FirefoxExtension     - DEBUG   : Cookie instrumentation enabled
2021-03-20 07:20:06,946 - MainProcess[MainThread] - FirefoxExtension     - DEBUG   : Javascript instrumentation enabled
2021-03-20 07:20:06,955 - MainProcess[MainThread] - FirefoxExtension     - DEBUG   : HTTP Instrumentation enabled
2021-03-20 07:20:07,198 - MainProcess[MainThread] - BrowserManager       - DEBUG   : BROWSER 1: Looking for extension port information in /var/folders/dk/3yxy72jj5j7flsn_p3dwxyz80000gn/T/rust_mozprofile.yhfhaSmaF6bf/
2021-03-20 07:20:07,199 - MainProcess[MainThread] - BrowserManager       - DEBUG   : BROWSER 1: Connecting to extension on port 59320
2021-03-20 07:20:07,206 - MainProcess[MainThread] - BrowserManager       - DEBUG   : BROWSER 1: BrowserManager ready.
2021-03-20 07:20:07,208 - MainProcess[MainThread] - BrowserManager       - DEBUG   : BROWSER 1: Browser spawn sucessful!
2021-03-20 07:20:07,212 - MainProcess[MainThread] - BaseAggregator       - DEBUG   : Status update; current record queue size: 0
2021-03-20 07:20:07,476 - MainProcess[MainThread] - TaskManager          - INFO    : 

OpenWPM Version: v0.8.0-289-g9e6234e
Firefox Version: 52.9.0

========== Manager Configuration ==========
{
  "aggregator_address": [
    "127.0.0.1",
    58154
  ],
  "data_directory": "/Users/rayngan/openWPM_data/draftlogic/sqlite",
  "database_name": "/Users/rayngan/openWPM_data/draftlogic/sqlite/crawl-data.sqlite",
  "failure_limit": null,
  "log_directory": "/Users/rayngan/openWPM_data/draftlogic/log",
  "log_file": "/Users/rayngan/openWPM_data/draftlogic/log/openwpm.log",
  "logger_address": [
    "127.0.0.1",
    58141
  ],
  "num_browsers": 1,
  "output_format": "local",
  "screenshot_path": "/Users/rayngan/openWPM_data/draftlogic/sqlite/screenshots",
  "source_dump_path": "/Users/rayngan/openWPM_data/draftlogic/sqlite/sources",
  "testing": false
}

========== Browser Configuration ==========
Keys:
{
  "crawl_id": 0,
  "adblock-plus": 1,
  "bot_mitigation": 2,
  "browser": 3,
  "caching_disabled": 4,
  "cookie_instrument": 5,
  "disable_flash": 6,
  "disconnect": 7,
  "donottrack": 8,
  "extension_enabled": 9,
  "ghostery": 10,
  "headless": 11,
  "http_instrument": 12,
  "https-everywhere": 13,
  "js_instrument": 14,
  "prefs": 15,
  "random_attributes": 16,
  "save_all_content": 17,
  "save_documents": 18,
  "save_javascript": 19,
  "tp_cookies": 20,
  "tracking-protection": 21,
  "ublock-origin": 22
}

  0  1      2      3        4     5     6      7      8      9     10     11     12    13     14    15    16     17     18    19    20      21     22
---  -----  -----  -------  ----  ----  -----  -----  -----  ----  -----  -----  ----  -----  ----  ----  -----  -----  ----  ----  ------  -----  -----
  1  False  False  firefox  True  True  False  False  False  True  False  False  True  False  True  {}    False  False  True  True  always  False  False

========== Input profile tar files ==========
  No profile tar files specified

========== Output (archive) profile dirs ==========
  No profile archive directories specified


2021-03-20 07:20:07,484 - MainProcess[MainThread] - TaskManager          - DEBUG   : Checking command failure status indicator...
2021-03-20 07:20:07,486 - MainProcess[MainThread] - BrowserManager       - DEBUG   : BROWSER 1: Joining command thread
2021-03-20 07:20:07,488 - MainProcess[MainThread] - BrowserManager       - INFO    : BROWSER 1: EXECUTING COMMAND: ('GET', 'https://hh.ru/', 5, 1)
2021-03-20 07:20:07,578 - MainProcess[MainThread] - FirefoxExtension     - DEBUG   : Visit Id: 1
2021-03-20 07:20:13,095 - MainProcess[MainThread] - BaseAggregator       - DEBUG   : Status update; current record queue size: 2
2021-03-20 07:20:15,221 - MainProcess[MainThread] - BrowserManager       - INFO    : BROWSER 1: EXECUTING COMMAND: ('SCROLL_PAGE', '')
