2021-03-20 07:19:47,183 - MainProcess[MainThread] - BrowserManager       - DEBUG   : BROWSER 1: Spawn attempt 0 
2021-03-20 07:19:47,253 - MainProcess[MainThread] - deploy_firefox       - DEBUG   : BROWSER 1: OpenWPM Firefox extension loaded
2021-03-20 07:19:49,916 - MainProcess[log-interceptor-1] - selenium_firefox     - DEBUG   : BROWSER 1: driver: 1616249987283	geckodriver	INFO	Listening on 127.0.0.1:58189
2021-03-20 07:19:49,917 - MainProcess[log-interceptor-1] - selenium_firefox     - DEBUG   : BROWSER 1: driver: 1616249988572	mozprofile::profile	INFO	Using profile path /var/folders/dk/3yxy72jj5j7flsn_p3dwxyz80000gn/T/rust_mozprofile.czJlVtQcHL4b
2021-03-20 07:19:49,917 - MainProcess[log-interceptor-1] - selenium_firefox     - DEBUG   : BROWSER 1: driver: 1616249988606	geckodriver::marionette	INFO	Starting browser /Users/rayngan/Desktop/FPResearch/OpenWPM/Firefox.app/Contents/MacOS/firefox-bin with args []
2021-03-20 07:19:49,917 - MainProcess[log-interceptor-1] - selenium_firefox     - DEBUG   : BROWSER 1: driver: 1616249988636	geckodriver::marionette	INFO	Connecting to Marionette on localhost:58300
2021-03-20 07:19:49,917 - MainProcess[log-interceptor-1] - selenium_firefox     - DEBUG   : BROWSER 1: driver: 1616249989524	addons.manager	DEBUG	Application has been upgraded
2021-03-20 07:19:49,917 - MainProcess[log-interceptor-1] - selenium_firefox     - DEBUG   : BROWSER 1: driver: 1616249989602	addons.manager	DEBUG	Loaded provider scope for resource://gre/modules/addons/XPIProvider.jsm: ["XPIProvider"]
2021-03-20 07:19:49,917 - MainProcess[log-interceptor-1] - selenium_firefox     - DEBUG   : BROWSER 1: driver: 1616249989606	addons.manager	DEBUG	Loaded provider scope for resource://gre/modules/LightweightThemeManager.jsm: ["LightweightThemeManager"]
2021-03-20 07:19:49,917 - MainProcess[log-interceptor-1] - selenium_firefox     - DEBUG   : BROWSER 1: driver: 1616249989610	addons.manager	DEBUG	Loaded provider scope for resource://gre/modules/addons/GMPProvider.jsm
2021-03-20 07:19:49,917 - MainProcess[log-interceptor-1] - selenium_firefox     - DEBUG   : BROWSER 1: driver: 1616249989614	addons.manager	DEBUG	Loaded provider scope for resource://gre/modules/addons/PluginProvider.jsm
2021-03-20 07:19:49,918 - MainProcess[log-interceptor-1] - selenium_firefox     - DEBUG   : BROWSER 1: driver: 1616249989616	addons.manager	DEBUG	Starting provider: XPIProvider
2021-03-20 07:19:49,918 - MainProcess[log-interceptor-1] - selenium_firefox     - DEBUG   : BROWSER 1: driver: 1616249989616	addons.xpi	DEBUG	startup
2021-03-20 07:19:49,918 - MainProcess[log-interceptor-1] - selenium_firefox     - DEBUG   : BROWSER 1: driver: 1616249989616	addons.xpi	INFO	Mapping @openwpm to /var/folders/dk/3yxy72jj5j7flsn_p3dwxyz80000gn/T/rust_mozprofile.czJlVtQcHL4b/extensions/@openwpm
2021-03-20 07:19:49,918 - MainProcess[log-interceptor-1] - selenium_firefox     - DEBUG   : BROWSER 1: driver: 1616249989616	addons.xpi	INFO	SystemAddonInstallLocation directory is missing
2021-03-20 07:19:49,918 - MainProcess[log-interceptor-1] - selenium_firefox     - DEBUG   : BROWSER 1: driver: 1616249989618	addons.xpi	INFO	Mapping webcompat@mozilla.org to /Users/rayngan/Desktop/FPResearch/OpenWPM/Firefox.app/Contents/Resources/browser/features/webcompat@mozilla.org.xpi
2021-03-20 07:19:49,918 - MainProcess[log-interceptor-1] - selenium_firefox     - DEBUG   : BROWSER 1: driver: 1616249989618	addons.xpi	INFO	Mapping firefox@getpocket.com to /Users/rayngan/Desktop/FPResearch/OpenWPM/Firefox.app/Contents/Resources/browser/features/firefox@getpocket.com.xpi
2021-03-20 07:19:49,918 - MainProcess[log-interceptor-1] - selenium_firefox     - DEBUG   : BROWSER 1: driver: 1616249989618	addons.xpi	INFO	Mapping aushelper@mozilla.org to /Users/rayngan/Desktop/FPResearch/OpenWPM/Firefox.app/Contents/Resources/browser/features/aushelper@mozilla.org.xpi
2021-03-20 07:19:49,918 - MainProcess[log-interceptor-1] - selenium_firefox     - DEBUG   : BROWSER 1: driver: 1616249989618	addons.xpi	INFO	Mapping e10srollout@mozilla.org to /Users/rayngan/Desktop/FPResearch/OpenWPM/Firefox.app/Contents/Resources/browser/features/e10srollout@mozilla.org.xpi
2021-03-20 07:19:49,918 - MainProcess[log-interceptor-1] - selenium_firefox     - DEBUG   : BROWSER 1: driver: 1616249989620	addons.xpi	INFO	Mapping {972ce4c6-7e08-4474-a285-3208198ce6fd} to /Users/rayngan/Desktop/FPResearch/OpenWPM/Firefox.app/Contents/Resources/browser/extensions/{972ce4c6-7e08-4474-a285-3208198ce6fd}.xpi
2021-03-20 07:19:49,919 - MainProcess[log-interceptor-1] - selenium_firefox     - DEBUG   : BROWSER 1: driver: 1616249989620	addons.xpi	DEBUG	checkForChanges
2021-03-20 07:19:49,919 - MainProcess[log-interceptor-1] - selenium_firefox     - DEBUG   : BROWSER 1: driver: 1616249989620	addons.xpi	INFO	SystemAddonInstallLocation directory is missing
2021-03-20 07:19:49,919 - MainProcess[log-interceptor-1] - selenium_firefox     - DEBUG   : BROWSER 1: driver: 1616249989622	addons.xpi	DEBUG	Loaded add-on state from prefs: {}
2021-03-20 07:19:49,919 - MainProcess[log-interceptor-1] - selenium_firefox     - DEBUG   : BROWSER 1: driver: 1616249989622	addons.xpi	DEBUG	New add-on @openwpm in app-profile
2021-03-20 07:19:49,919 - MainProcess[log-interceptor-1] - selenium_firefox     - DEBUG   : BROWSER 1: driver: 1616249989622	addons.xpi	DEBUG	getModTime: Recursive scan of @openwpm
2021-03-20 07:19:49,919 - MainProcess[log-interceptor-1] - selenium_firefox     - DEBUG   : BROWSER 1: driver: 1616249989628	addons.xpi	DEBUG	New add-on webcompat@mozilla.org in app-system-defaults
2021-03-20 07:19:49,919 - MainProcess[log-interceptor-1] - selenium_firefox     - DEBUG   : BROWSER 1: driver: 1616249989628	addons.xpi	DEBUG	getModTime: Recursive scan of webcompat@mozilla.org
2021-03-20 07:19:49,919 - MainProcess[log-interceptor-1] - selenium_firefox     - DEBUG   : BROWSER 1: driver: 1616249989630	addons.xpi	DEBUG	New add-on firefox@getpocket.com in app-system-defaults
2021-03-20 07:19:49,919 - MainProcess[log-interceptor-1] - selenium_firefox     - DEBUG   : BROWSER 1: driver: 1616249989630	addons.xpi	DEBUG	getModTime: Recursive scan of firefox@getpocket.com
2021-03-20 07:19:49,920 - MainProcess[log-interceptor-1] - selenium_firefox     - DEBUG   : BROWSER 1: driver: 1616249989630	addons.xpi	DEBUG	New add-on aushelper@mozilla.org in app-system-defaults
2021-03-20 07:19:49,920 - MainProcess[log-interceptor-1] - selenium_firefox     - DEBUG   : BROWSER 1: driver: 1616249989630	addons.xpi	DEBUG	getModTime: Recursive scan of aushelper@mozilla.org
2021-03-20 07:19:49,920 - MainProcess[log-interceptor-1] - selenium_firefox     - DEBUG   : BROWSER 1: driver: 1616249989630	addons.xpi	DEBUG	New add-on e10srollout@mozilla.org in app-system-defaults
2021-03-20 07:19:49,920 - MainProcess[log-interceptor-1] - selenium_firefox     - DEBUG   : BROWSER 1: driver: 1616249989632	addons.xpi	DEBUG	getModTime: Recursive scan of e10srollout@mozilla.org
2021-03-20 07:19:49,920 - MainProcess[log-interceptor-1] - selenium_firefox     - DEBUG   : BROWSER 1: driver: 1616249989632	addons.xpi	DEBUG	New add-on {972ce4c6-7e08-4474-a285-3208198ce6fd} in app-global
2021-03-20 07:19:49,920 - MainProcess[log-interceptor-1] - selenium_firefox     - DEBUG   : BROWSER 1: driver: 1616249989632	addons.xpi	DEBUG	getModTime: Recursive scan of {972ce4c6-7e08-4474-a285-3208198ce6fd}
2021-03-20 07:19:49,920 - MainProcess[log-interceptor-1] - selenium_firefox     - DEBUG   : BROWSER 1: driver: 1616249989632	addons.xpi	DEBUG	getInstallState changed: true, state: {"app-profile":{"@openwpm":{"d":"/var/folders/dk/3yxy72jj5j7flsn_p3dwxyz80000gn/T/rust_mozprofile.czJlVtQcHL4b/extensions/@openwpm","st":1616249988581,"mt":1616249988574}},"app-system-defaults":{"webcompat@mozilla.org":{"d":"/Users/rayngan/Desktop/FPResearch/OpenWPM/Firefox.app/Contents/Resources/browser/features/webcompat@mozilla.org.xpi","st":1615228600950},"firefox@getpocket.com":{"d":"/Users/rayngan/Desktop/FPResearch/OpenWPM/Firefox.app/Contents/Resources/browser/features/firefox@getpocket.com.xpi","st":1615228600950},"aushelper@mozilla.org":{"d":"/Users/rayngan/Desktop/FPResearch/OpenWPM/Firefox.app/Contents/Resources/browser/features/aushelper@mozilla.org.xpi","st":1615228600925},"e10srollout@mozilla.org":{"d":"/Users/rayngan/Desktop/FPResearch/OpenWPM/Firefox.app/Contents/Resources/browser/features/e10srollout@mozilla.org.xpi","st":1615228600925}},"app-global":{"{972ce4c6-7e08-4474-a285-3208198ce6fd}":{"d":"/Users/rayngan/Desktop/FPResearch/OpenWPM/Firefox.app/Contents/Resources/browser/extensions/{972ce4c6-7e08-4474-a285-3208198ce6fd}.xpi","st":1615228600924}}}
2021-03-20 07:19:49,920 - MainProcess[log-interceptor-1] - selenium_firefox     - DEBUG   : BROWSER 1: driver: 1616249989642	addons.xpi-utils	DEBUG	Opening XPI database /var/folders/dk/3yxy72jj5j7flsn_p3dwxyz80000gn/T/rust_mozprofile.czJlVtQcHL4b/extensions.json
2021-03-20 07:19:49,921 - MainProcess[log-interceptor-1] - selenium_firefox     - DEBUG   : BROWSER 1: driver: 1616249989642	addons.xpi-utils	DEBUG	New add-on @openwpm installed in app-profile
2021-03-20 07:19:49,921 - MainProcess[log-interceptor-1] - selenium_firefox     - DEBUG   : BROWSER 1: driver: *** Blocklist::_loadBlocklistFromFile: blocklist is disabled
2021-03-20 07:19:49,921 - MainProcess[log-interceptor-1] - selenium_firefox     - DEBUG   : BROWSER 1: driver: 1616249989672	DeferredSave.extensions.json	DEBUG	Save changes
2021-03-20 07:19:49,921 - MainProcess[log-interceptor-1] - selenium_firefox     - DEBUG   : BROWSER 1: driver: 1616249989674	addons.xpi-utils	DEBUG	New add-on webcompat@mozilla.org installed in app-system-defaults
2021-03-20 07:19:49,921 - MainProcess[log-interceptor-1] - selenium_firefox     - DEBUG   : BROWSER 1: driver: 1616249989678	DeferredSave.extensions.json	DEBUG	Starting timer
2021-03-20 07:19:49,921 - MainProcess[log-interceptor-1] - selenium_firefox     - DEBUG   : BROWSER 1: driver: 1616249989682	DeferredSave.extensions.json	DEBUG	Save changes
2021-03-20 07:19:49,921 - MainProcess[log-interceptor-1] - selenium_firefox     - DEBUG   : BROWSER 1: driver: 1616249989682	addons.xpi-utils	DEBUG	New add-on firefox@getpocket.com installed in app-system-defaults
2021-03-20 07:19:49,921 - MainProcess[log-interceptor-1] - selenium_firefox     - DEBUG   : BROWSER 1: driver: 1616249989690	DeferredSave.extensions.json	DEBUG	Save changes
2021-03-20 07:19:49,922 - MainProcess[log-interceptor-1] - selenium_firefox     - DEBUG   : BROWSER 1: driver: 1616249989690	addons.xpi-utils	DEBUG	New add-on aushelper@mozilla.org installed in app-system-defaults
2021-03-20 07:19:49,922 - MainProcess[log-interceptor-1] - selenium_firefox     - DEBUG   : BROWSER 1: driver: 1616249989700	DeferredSave.extensions.json	DEBUG	Save changes
2021-03-20 07:19:49,922 - MainProcess[log-interceptor-1] - selenium_firefox     - DEBUG   : BROWSER 1: driver: 1616249989700	addons.xpi-utils	DEBUG	New add-on e10srollout@mozilla.org installed in app-system-defaults
2021-03-20 07:19:49,922 - MainProcess[log-interceptor-1] - selenium_firefox     - DEBUG   : BROWSER 1: driver: 1616249989720	DeferredSave.extensions.json	DEBUG	Save changes
2021-03-20 07:19:49,922 - MainProcess[log-interceptor-1] - selenium_firefox     - DEBUG   : BROWSER 1: driver: 1616249989720	addons.xpi-utils	DEBUG	New add-on {972ce4c6-7e08-4474-a285-3208198ce6fd} installed in app-global
2021-03-20 07:19:49,922 - MainProcess[log-interceptor-1] - selenium_firefox     - DEBUG   : BROWSER 1: driver: 1616249989732	DeferredSave.extensions.json	DEBUG	Starting write
2021-03-20 07:19:49,922 - MainProcess[log-interceptor-1] - selenium_firefox     - DEBUG   : BROWSER 1: driver: 1616249989738	DeferredSave.extensions.json	DEBUG	Save changes
2021-03-20 07:19:49,922 - MainProcess[log-interceptor-1] - selenium_firefox     - DEBUG   : BROWSER 1: driver: 1616249989738	DeferredSave.extensions.json	DEBUG	Data changed while write in progress
2021-03-20 07:19:49,923 - MainProcess[log-interceptor-1] - selenium_firefox     - DEBUG   : BROWSER 1: driver: 1616249989738	addons.manager	DEBUG	Registering startup change 'installed' for @openwpm
2021-03-20 07:19:49,923 - MainProcess[log-interceptor-1] - selenium_firefox     - DEBUG   : BROWSER 1: driver: 1616249989738	addons.manager	DEBUG	Registering startup change 'installed' for @openwpm
2021-03-20 07:19:49,923 - MainProcess[log-interceptor-1] - selenium_firefox     - DEBUG   : BROWSER 1: driver: 1616249989768	addons.xpi	DEBUG	Loading bootstrap scope from /var/folders/dk/3yxy72jj5j7flsn_p3dwxyz80000gn/T/rust_mozprofile.czJlVtQcHL4b/extensions/@openwpm
2021-03-20 07:19:49,923 - MainProcess[log-interceptor-1] - selenium_firefox     - DEBUG   : BROWSER 1: driver: 1616249989880	addons.xpi	DEBUG	Calling bootstrap method install on @openwpm version 0.0.1
2021-03-20 07:19:49,923 - MainProcess[log-interceptor-1] - selenium_firefox     - DEBUG   : BROWSER 1: driver: 1616249989880	addons.xpi-utils	DEBUG	Make addon app-profile:@openwpm visible
2021-03-20 07:19:49,923 - MainProcess[log-interceptor-1] - selenium_firefox     - DEBUG   : BROWSER 1: driver: 1616249989892	addons.xpi	DEBUG	Add-on @openwpm blocks e10s rollout.
2021-03-20 07:19:49,923 - MainProcess[log-interceptor-1] - selenium_firefox     - DEBUG   : BROWSER 1: driver: 1616249989892	DeferredSave.extensions.json	DEBUG	Save changes
2021-03-20 07:19:49,923 - MainProcess[log-interceptor-1] - selenium_firefox     - DEBUG   : BROWSER 1: driver: 1616249989894	addons.manager	DEBUG	Registering startup change 'installed' for webcompat@mozilla.org
2021-03-20 07:19:49,923 - MainProcess[log-interceptor-1] - selenium_firefox     - DEBUG   : BROWSER 1: driver: 1616249989894	addons.xpi	DEBUG	Loading bootstrap scope from /Users/rayngan/Desktop/FPResearch/OpenWPM/Firefox.app/Contents/Resources/browser/features/webcompat@mozilla.org.xpi
2021-03-20 07:19:49,924 - MainProcess[log-interceptor-1] - selenium_firefox     - DEBUG   : BROWSER 1: driver: 1616249989896	addons.xpi	DEBUG	Calling bootstrap method install on webcompat@mozilla.org version 1.0
2021-03-20 07:19:49,924 - MainProcess[log-interceptor-1] - selenium_firefox     - DEBUG   : BROWSER 1: driver: 1616249989896	addons.xpi-utils	DEBUG	Make addon app-system-defaults:webcompat@mozilla.org visible
2021-03-20 07:19:49,924 - MainProcess[log-interceptor-1] - selenium_firefox     - DEBUG   : BROWSER 1: driver: 1616249989896	addons.xpi	DEBUG	Add-on @openwpm blocks e10s rollout.
2021-03-20 07:19:49,924 - MainProcess[log-interceptor-1] - selenium_firefox     - DEBUG   : BROWSER 1: driver: 1616249989896	DeferredSave.extensions.json	DEBUG	Save changes
2021-03-20 07:19:49,924 - MainProcess[log-interceptor-1] - selenium_firefox     - DEBUG   : BROWSER 1: driver: 1616249989896	addons.manager	DEBUG	Registering startup change 'installed' for firefox@getpocket.com
2021-03-20 07:19:49,924 - MainProcess[log-interceptor-1] - selenium_firefox     - DEBUG   : BROWSER 1: driver: 1616249989898	addons.xpi	DEBUG	Loading bootstrap scope from /Users/rayngan/Desktop/FPResearch/OpenWPM/Firefox.app/Contents/Resources/browser/features/firefox@getpocket.com.xpi
2021-03-20 07:19:49,924 - MainProcess[log-interceptor-1] - selenium_firefox     - DEBUG   : BROWSER 1: driver: 1616249989902	addons.xpi	DEBUG	Calling bootstrap method install on firefox@getpocket.com version 1.0.5
2021-03-20 07:19:49,924 - MainProcess[log-interceptor-1] - selenium_firefox     - DEBUG   : BROWSER 1: driver: 1616249989902	addons.xpi-utils	DEBUG	Make addon app-system-defaults:firefox@getpocket.com visible
2021-03-20 07:19:49,924 - MainProcess[log-interceptor-1] - selenium_firefox     - DEBUG   : BROWSER 1: driver: 1616249989902	addons.xpi	DEBUG	Add-on @openwpm blocks e10s rollout.
2021-03-20 07:19:49,925 - MainProcess[log-interceptor-1] - selenium_firefox     - DEBUG   : BROWSER 1: driver: 1616249989904	DeferredSave.extensions.json	DEBUG	Save changes
2021-03-20 07:19:49,925 - MainProcess[log-interceptor-1] - selenium_firefox     - DEBUG   : BROWSER 1: driver: 1616249989904	addons.manager	DEBUG	Registering startup change 'installed' for aushelper@mozilla.org
2021-03-20 07:19:49,925 - MainProcess[log-interceptor-1] - selenium_firefox     - DEBUG   : BROWSER 1: driver: 1616249989904	addons.xpi	DEBUG	Loading bootstrap scope from /Users/rayngan/Desktop/FPResearch/OpenWPM/Firefox.app/Contents/Resources/browser/features/aushelper@mozilla.org.xpi
2021-03-20 07:19:49,974 - MainProcess[log-interceptor-1] - selenium_firefox     - DEBUG   : BROWSER 1: driver: 1616249989916	addons.xpi	DEBUG	Calling bootstrap method install on aushelper@mozilla.org version 2.0
2021-03-20 07:19:49,974 - MainProcess[log-interceptor-1] - selenium_firefox     - DEBUG   : BROWSER 1: driver: 1616249989916	addons.xpi-utils	DEBUG	Make addon app-system-defaults:aushelper@mozilla.org visible
2021-03-20 07:19:49,974 - MainProcess[log-interceptor-1] - selenium_firefox     - DEBUG   : BROWSER 1: driver: 1616249989916	addons.xpi	DEBUG	Add-on @openwpm blocks e10s rollout.
2021-03-20 07:19:49,974 - MainProcess[log-interceptor-1] - selenium_firefox     - DEBUG   : BROWSER 1: driver: 1616249989916	DeferredSave.extensions.json	DEBUG	Save changes
2021-03-20 07:19:49,974 - MainProcess[log-interceptor-1] - selenium_firefox     - DEBUG   : BROWSER 1: driver: 1616249989916	addons.manager	DEBUG	Registering startup change 'installed' for e10srollout@mozilla.org
2021-03-20 07:19:49,974 - MainProcess[log-interceptor-1] - selenium_firefox     - DEBUG   : BROWSER 1: driver: 1616249989918	addons.xpi	DEBUG	Loading bootstrap scope from /Users/rayngan/Desktop/FPResearch/OpenWPM/Firefox.app/Contents/Resources/browser/features/e10srollout@mozilla.org.xpi
2021-03-20 07:19:49,974 - MainProcess[log-interceptor-1] - selenium_firefox     - DEBUG   : BROWSER 1: driver: 1616249989928	addons.xpi	DEBUG	Calling bootstrap method install on e10srollout@mozilla.org version 1.10
2021-03-20 07:19:49,975 - MainProcess[log-interceptor-1] - selenium_firefox     - DEBUG   : BROWSER 1: driver: 1616249989930	addons.xpi	DEBUG	Add-on @openwpm blocks e10s rollout.
2021-03-20 07:19:49,975 - MainProcess[log-interceptor-1] - selenium_firefox     - DEBUG   : BROWSER 1: driver: 1616249989930	addons.xpi	DEBUG	Add-on @openwpm blocks e10s rollout.
2021-03-20 07:19:49,975 - MainProcess[log-interceptor-1] - selenium_firefox     - DEBUG   : BROWSER 1: driver: 1616249989930	addons.xpi-utils	DEBUG	Make addon app-system-defaults:e10srollout@mozilla.org visible
2021-03-20 07:19:49,975 - MainProcess[log-interceptor-1] - selenium_firefox     - DEBUG   : BROWSER 1: driver: 1616249989930	addons.xpi	DEBUG	Add-on @openwpm blocks e10s rollout.
2021-03-20 07:19:49,975 - MainProcess[log-interceptor-1] - selenium_firefox     - DEBUG   : BROWSER 1: driver: 1616249989930	DeferredSave.extensions.json	DEBUG	Save changes
2021-03-20 07:19:49,975 - MainProcess[log-interceptor-1] - selenium_firefox     - DEBUG   : BROWSER 1: driver: 1616249989932	addons.xpi-utils	DEBUG	Make addon app-global:{972ce4c6-7e08-4474-a285-3208198ce6fd} visible
2021-03-20 07:19:49,975 - MainProcess[log-interceptor-1] - selenium_firefox     - DEBUG   : BROWSER 1: driver: 1616249989932	addons.xpi	DEBUG	Add-on @openwpm blocks e10s rollout.
2021-03-20 07:19:49,975 - MainProcess[log-interceptor-1] - selenium_firefox     - DEBUG   : BROWSER 1: driver: 1616249989932	DeferredSave.extensions.json	DEBUG	Save changes
2021-03-20 07:19:49,975 - MainProcess[log-interceptor-1] - selenium_firefox     - DEBUG   : BROWSER 1: driver: 1616249989932	addons.xpi	DEBUG	Updating XPIState for {"id":"@openwpm","syncGUID":"{45b56be2-0509-944d-b03d-a8881216a8db}","location":"app-profile","version":"0.0.1","type":"extension","internalName":null,"updateURL":null,"updateKey":null,"optionsURL":null,"optionsType":null,"aboutURL":null,"icons":{},"iconURL":null,"icon64URL":null,"defaultLocale":{"name":"openwpm","description":"Extension with socket interface into OpenWPM","creator":"Steven Englehardt","homepageURL":null},"visible":true,"active":true,"userDisabled":false,"appDisabled":false,"descriptor":"/var/folders/dk/3yxy72jj5j7flsn_p3dwxyz80000gn/T/rust_mozprofile.czJlVtQcHL4b/extensions/@openwpm","installDate":1616249988581,"updateDate":1616249988581,"applyBackgroundUpdates":1,"bootstrap":true,"skinnable":false,"size":102064,"sourceURI":null,"releaseNotesURI":null,"softDisabled":false,"foreignInstall":true,"hasBinaryComponents":false,"strictCompatibility":false,"locales":[],"targetApplications":[{"id":"{ec8030f7-c20a-464f-9b0e-13a3a9e97384}","minVersion":"38.0a1","maxVersion":"*"}],"targetPlatforms":[],"multiprocessCompatible":false,"signedState":0,"seen":true,"dependencies":[],"hasEmbeddedWebExtension":false,"mpcOptedOut":false}
2021-03-20 07:19:49,975 - MainProcess[log-interceptor-1] - selenium_firefox     - DEBUG   : BROWSER 1: driver: 1616249989932	addons.xpi	DEBUG	getModTime: Recursive scan of @openwpm
2021-03-20 07:19:49,975 - MainProcess[log-interceptor-1] - selenium_firefox     - DEBUG   : BROWSER 1: driver: 1616249989938	addons.xpi	DEBUG	Updating XPIState for {"id":"webcompat@mozilla.org","syncGUID":"{5b7efb5d-e76b-b74b-8de5-afb98099a139}","location":"app-system-defaults","version":"1.0","type":"extension","internalName":null,"updateURL":null,"updateKey":null,"optionsURL":null,"optionsType":null,"aboutURL":null,"icons":{},"iconURL":null,"icon64URL":null,"defaultLocale":{"name":"Web Compat","description":"Urgent post-release fixes for web compatibility.","creator":null,"homepageURL":null},"visible":true,"active":true,"userDisabled":false,"appDisabled":false,"descriptor":"/Users/rayngan/Desktop/FPResearch/OpenWPM/Firefox.app/Contents/Resources/browser/features/webcompat@mozilla.org.xpi","installDate":1615228600950,"updateDate":1615228600950,"applyBackgroundUpdates":1,"bootstrap":true,"skinnable":false,"size":1456,"sourceURI":null,"releaseNotesURI":null,"softDisabled":false,"foreignInstall":false,"hasBinaryComponents":false,"strictCompatibility":false,"locales":[],"targetApplications":[{"id":"{ec8030f7-c20a-464f-9b0e-13a3a9e97384}","minVersion":"52.9.0","maxVersion":"52.*"}],"targetPlatforms":[],"multiprocessCompatible":true,"seen":true,"dependencies":[],"hasEmbeddedWebExtension":false,"mpcOptedOut":false}
2021-03-20 07:19:49,976 - MainProcess[log-interceptor-1] - selenium_firefox     - DEBUG   : BROWSER 1: driver: 1616249989938	addons.xpi	DEBUG	getModTime: Recursive scan of webcompat@mozilla.org
2021-03-20 07:19:49,976 - MainProcess[log-interceptor-1] - selenium_firefox     - DEBUG   : BROWSER 1: driver: 1616249989938	addons.xpi	DEBUG	Updating XPIState for {"id":"firefox@getpocket.com","syncGUID":"{97f662ba-9a34-3a41-8d82-70a297e44bb0}","location":"app-system-defaults","version":"1.0.5","type":"extension","internalName":null,"updateURL":null,"updateKey":null,"optionsURL":null,"optionsType":null,"aboutURL":null,"icons":{},"iconURL":null,"icon64URL":null,"defaultLocale":{"name":"Pocket","description":"When you find something you want to view later, put it in Pocket.","creator":null,"homepageURL":null},"visible":true,"active":true,"userDisabled":false,"appDisabled":false,"descriptor":"/Users/rayngan/Desktop/FPResearch/OpenWPM/Firefox.app/Contents/Resources/browser/features/firefox@getpocket.com.xpi","installDate":1615228600950,"updateDate":1615228600950,"applyBackgroundUpdates":1,"bootstrap":true,"skinnable":false,"size":920281,"sourceURI":null,"releaseNotesURI":null,"softDisabled":false,"foreignInstall":false,"hasBinaryComponents":false,"strictCompatibility":false,"locales":[],"targetApplications":[{"id":"{ec8030f7-c20a-464f-9b0e-13a3a9e97384}","minVersion":"52.9.0","maxVersion":"52.*"}],"targetPlatforms":[],"multiprocessCompatible":true,"seen":true,"dependencies":[],"hasEmbeddedWebExtension":false,"mpcOptedOut":false}
2021-03-20 07:19:49,976 - MainProcess[log-interceptor-1] - selenium_firefox     - DEBUG   : BROWSER 1: driver: 1616249989938	addons.xpi	DEBUG	getModTime: Recursive scan of firefox@getpocket.com
2021-03-20 07:19:49,976 - MainProcess[log-interceptor-1] - selenium_firefox     - DEBUG   : BROWSER 1: driver: 1616249989940	addons.xpi	DEBUG	Updating XPIState for {"id":"aushelper@mozilla.org","syncGUID":"{5356816c-f86e-8543-9c45-6e5f0219e563}","location":"app-system-defaults","version":"2.0","type":"extension","internalName":null,"updateURL":null,"updateKey":null,"optionsURL":null,"optionsType":null,"aboutURL":null,"icons":{},"iconURL":null,"icon64URL":null,"defaultLocale":{"name":"Application Update Service Helper","description":"Sets value(s) in the update url based on custom checks.","creator":null,"homepageURL":null},"visible":true,"active":true,"userDisabled":false,"appDisabled":false,"descriptor":"/Users/rayngan/Desktop/FPResearch/OpenWPM/Firefox.app/Contents/Resources/browser/features/aushelper@mozilla.org.xpi","installDate":1615228600925,"updateDate":1615228600925,"applyBackgroundUpdates":1,"bootstrap":true,"skinnable":false,"size":8488,"sourceURI":null,"releaseNotesURI":null,"softDisabled":false,"foreignInstall":false,"hasBinaryComponents":false,"strictCompatibility":false,"locales":[],"targetApplications":[{"id":"{ec8030f7-c20a-464f-9b0e-13a3a9e97384}","minVersion":"52.9.0","maxVersion":"52.*"}],"targetPlatforms":[],"multiprocessCompatible":true,"seen":true,"dependencies":[],"hasEmbeddedWebExtension":false,"mpcOptedOut":false}
2021-03-20 07:19:49,976 - MainProcess[log-interceptor-1] - selenium_firefox     - DEBUG   : BROWSER 1: driver: 1616249989940	addons.xpi	DEBUG	getModTime: Recursive scan of aushelper@mozilla.org
2021-03-20 07:19:49,976 - MainProcess[log-interceptor-1] - selenium_firefox     - DEBUG   : BROWSER 1: driver: 1616249989940	addons.xpi	DEBUG	Updating XPIState for {"id":"e10srollout@mozilla.org","syncGUID":"{7a119eed-c372-9f4b-be6d-5b7f0a9b561f}","location":"app-system-defaults","version":"1.10","type":"extension","internalName":null,"updateURL":null,"updateKey":null,"optionsURL":null,"optionsType":null,"aboutURL":null,"icons":{},"iconURL":null,"icon64URL":null,"defaultLocale":{"name":"Multi-process staged rollout","description":"Staged rollout of Firefox multi-process feature.","creator":null,"homepageURL":null},"visible":true,"active":true,"userDisabled":false,"appDisabled":false,"descriptor":"/Users/rayngan/Desktop/FPResearch/OpenWPM/Firefox.app/Contents/Resources/browser/features/e10srollout@mozilla.org.xpi","installDate":1615228600925,"updateDate":1615228600925,"applyBackgroundUpdates":1,"bootstrap":true,"skinnable":false,"size":8145,"sourceURI":null,"releaseNotesURI":null,"softDisabled":false,"foreignInstall":false,"hasBinaryComponents":false,"strictCompatibility":false,"locales":[],"targetApplications":[{"id":"{ec8030f7-c20a-464f-9b0e-13a3a9e97384}","minVersion":"52.9.0","maxVersion":"52.*"}],"targetPlatforms":[],"multiprocessCompatible":true,"seen":true,"dependencies":[],"hasEmbeddedWebExtension":false,"mpcOptedOut":false}
2021-03-20 07:19:49,976 - MainProcess[log-interceptor-1] - selenium_firefox     - DEBUG   : BROWSER 1: driver: 1616249989940	addons.xpi	DEBUG	getModTime: Recursive scan of e10srollout@mozilla.org
2021-03-20 07:19:49,976 - MainProcess[log-interceptor-1] - selenium_firefox     - DEBUG   : BROWSER 1: driver: 1616249989940	addons.xpi	DEBUG	Updating XPIState for {"id":"{972ce4c6-7e08-4474-a285-3208198ce6fd}","syncGUID":"{bfe97a33-ce16-d649-81ee-876ed22cd54b}","location":"app-global","version":"52.9.0","type":"theme","internalName":"classic/1.0","updateURL":null,"updateKey":null,"optionsURL":null,"optionsType":null,"aboutURL":null,"icons":{"32":"icon.png","48":"icon.png"},"iconURL":null,"icon64URL":null,"defaultLocale":{"name":"Default","description":"The default theme.","creator":"Mozilla","homepageURL":null,"contributors":["Mozilla Contributors"]},"visible":true,"active":true,"userDisabled":false,"appDisabled":false,"descriptor":"/Users/rayngan/Desktop/FPResearch/OpenWPM/Firefox.app/Contents/Resources/browser/extensions/{972ce4c6-7e08-4474-a285-3208198ce6fd}.xpi","installDate":1615228600924,"updateDate":1615228600924,"applyBackgroundUpdates":1,"skinnable":true,"size":6352,"sourceURI":null,"releaseNotesURI":null,"softDisabled":false,"foreignInstall":false,"hasBinaryComponents":false,"strictCompatibility":true,"locales":[],"targetApplications":[{"id":"{ec8030f7-c20a-464f-9b0e-13a3a9e97384}","minVersion":"52.9.0","maxVersion":"52.9.0"}],"targetPlatforms":[],"seen":true,"dependencies":[],"hasEmbeddedWebExtension":false}
2021-03-20 07:19:49,976 - MainProcess[log-interceptor-1] - selenium_firefox     - DEBUG   : BROWSER 1: driver: 1616249989940	addons.xpi	DEBUG	getModTime: Recursive scan of {972ce4c6-7e08-4474-a285-3208198ce6fd}
2021-03-20 07:19:49,976 - MainProcess[log-interceptor-1] - selenium_firefox     - DEBUG   : BROWSER 1: driver: 1616249989942	addons.xpi	DEBUG	Add-on @openwpm blocks e10s rollout.
2021-03-20 07:19:49,976 - MainProcess[log-interceptor-1] - selenium_firefox     - DEBUG   : BROWSER 1: driver: 1616249989942	DeferredSave.extensions.json	DEBUG	Save changes
2021-03-20 07:19:49,977 - MainProcess[log-interceptor-1] - selenium_firefox     - DEBUG   : BROWSER 1: driver: 1616249989942	addons.xpi	DEBUG	Updating database with changes to installed add-ons
2021-03-20 07:19:49,977 - MainProcess[log-interceptor-1] - selenium_firefox     - DEBUG   : BROWSER 1: driver: 1616249989942	addons.xpi-utils	DEBUG	Updating add-on states
2021-03-20 07:19:49,977 - MainProcess[log-interceptor-1] - selenium_firefox     - DEBUG   : BROWSER 1: driver: 1616249989944	addons.xpi-utils	DEBUG	Writing add-ons list
2021-03-20 07:19:49,977 - MainProcess[log-interceptor-1] - selenium_firefox     - DEBUG   : BROWSER 1: driver: 1616249989954	addons.xpi	DEBUG	Registering manifest for /var/folders/dk/3yxy72jj5j7flsn_p3dwxyz80000gn/T/rust_mozprofile.czJlVtQcHL4b/extensions/@openwpm
2021-03-20 07:19:49,977 - MainProcess[log-interceptor-1] - selenium_firefox     - DEBUG   : BROWSER 1: driver: 1616249989954	addons.xpi	DEBUG	Calling bootstrap method startup on @openwpm version 0.0.1
2021-03-20 07:19:49,977 - MainProcess[log-interceptor-1] - selenium_firefox     - DEBUG   : BROWSER 1: driver: 1616249989968	addons.xpi	DEBUG	Registering manifest for /Users/rayngan/Desktop/FPResearch/OpenWPM/Firefox.app/Contents/Resources/browser/features/aushelper@mozilla.org.xpi
2021-03-20 07:19:49,977 - MainProcess[log-interceptor-1] - selenium_firefox     - DEBUG   : BROWSER 1: driver: 1616249989972	addons.xpi	DEBUG	Calling bootstrap method startup on aushelper@mozilla.org version 2.0
2021-03-20 07:19:49,977 - MainProcess[log-interceptor-1] - selenium_firefox     - DEBUG   : BROWSER 1: driver: 1616249989972	addons.xpi	DEBUG	Registering manifest for /Users/rayngan/Desktop/FPResearch/OpenWPM/Firefox.app/Contents/Resources/browser/features/e10srollout@mozilla.org.xpi
2021-03-20 07:19:52,184 - MainProcess[MainThread] - BaseAggregator       - DEBUG   : Status update; current record queue size: 0
2021-03-20 07:19:53,868 - MainProcess[MainThread] - BrowserManager       - DEBUG   : BROWSER 1: Looking for extension port information in /var/folders/dk/3yxy72jj5j7flsn_p3dwxyz80000gn/T/rust_mozprofile.czJlVtQcHL4b/
2021-03-20 07:19:53,871 - MainProcess[MainThread] - BrowserManager       - INFO    : BROWSER 1: Crash in driver, restarting browser manager 
 Traceback (most recent call last):
  File "/Users/rayngan/Desktop/FPResearch/OpenWPM/automation/BrowserManager.py", line 363, in BrowserManager
    with open(ep_filename, 'rt') as f:
IOError: [Errno 2] No such file or directory: '/var/folders/dk/3yxy72jj5j7flsn_p3dwxyz80000gn/T/rust_mozprofile.czJlVtQcHL4b/extension_port.txt'

2021-03-20 07:19:53,873 - MainProcess[MainThread] - BrowserManager       - ERROR   : BROWSER 1: Spawn unsuccessful  | Proxy Ready: False  | Profile Created: True  | Profile Tar: True  | Display: True  | Launch Attempted: True  | Browser Launched: True  | Browser Ready: False 
2021-03-20 07:19:53,874 - MainProcess[MainThread] - BrowserManager       - DEBUG   : BROWSER 1: Attempting to kill BrowserManager with pid 26682. Display PID: None | Display Port: None | Browser PID: 26713
2021-03-20 07:19:53,933 - MainProcess[MainThread] - BrowserManager       - DEBUG   : BROWSER 1: Geckodriver process already killed.
2021-03-20 07:19:53,941 - MainProcess[MainThread] - BrowserManager       - DEBUG   : BROWSER 1: Spawn attempt 1 
2021-03-20 07:19:54,034 - MainProcess[MainThread] - deploy_firefox       - DEBUG   : BROWSER 1: OpenWPM Firefox extension loaded
2021-03-20 07:19:57,192 - MainProcess[MainThread] - BaseAggregator       - DEBUG   : Status update; current record queue size: 0
2021-03-20 07:20:00,298 - MainProcess[log-interceptor-1] - selenium_firefox     - DEBUG   : BROWSER 1: driver: 1616249994074	geckodriver	INFO	Listening on 127.0.0.1:58649
2021-03-20 07:20:00,298 - MainProcess[log-interceptor-1] - selenium_firefox     - DEBUG   : BROWSER 1: driver: 1616249999480	mozprofile::profile	INFO	Using profile path /var/folders/dk/3yxy72jj5j7flsn_p3dwxyz80000gn/T/rust_mozprofile.53zBpcbQjns3
2021-03-20 07:20:00,298 - MainProcess[log-interceptor-1] - selenium_firefox     - DEBUG   : BROWSER 1: driver: 1616249999513	geckodriver::marionette	INFO	Starting browser /Users/rayngan/Desktop/FPResearch/OpenWPM/Firefox.app/Contents/MacOS/firefox-bin with args []
2021-03-20 07:20:00,299 - MainProcess[log-interceptor-1] - selenium_firefox     - DEBUG   : BROWSER 1: driver: 1616249999528	geckodriver::marionette	INFO	Connecting to Marionette on localhost:58955
2021-03-20 07:20:00,299 - MainProcess[log-interceptor-1] - selenium_firefox     - DEBUG   : BROWSER 1: driver: 1616249999968	addons.manager	DEBUG	Application has been upgraded
2021-03-20 07:20:00,299 - MainProcess[log-interceptor-1] - selenium_firefox     - DEBUG   : BROWSER 1: driver: 1616250000034	addons.manager	DEBUG	Loaded provider scope for resource://gre/modules/addons/XPIProvider.jsm: ["XPIProvider"]
2021-03-20 07:20:00,299 - MainProcess[log-interceptor-1] - selenium_firefox     - DEBUG   : BROWSER 1: driver: 1616250000040	addons.manager	DEBUG	Loaded provider scope for resource://gre/modules/LightweightThemeManager.jsm: ["LightweightThemeManager"]
2021-03-20 07:20:00,299 - MainProcess[log-interceptor-1] - selenium_firefox     - DEBUG   : BROWSER 1: driver: 1616250000048	addons.manager	DEBUG	Loaded provider scope for resource://gre/modules/addons/GMPProvider.jsm
2021-03-20 07:20:00,299 - MainProcess[log-interceptor-1] - selenium_firefox     - DEBUG   : BROWSER 1: driver: 1616250000052	addons.manager	DEBUG	Loaded provider scope for resource://gre/modules/addons/PluginProvider.jsm
2021-03-20 07:20:00,299 - MainProcess[log-interceptor-1] - selenium_firefox     - DEBUG   : BROWSER 1: driver: 1616250000052	addons.manager	DEBUG	Starting provider: XPIProvider
2021-03-20 07:20:00,300 - MainProcess[log-interceptor-1] - selenium_firefox     - DEBUG   : BROWSER 1: driver: 1616250000054	addons.xpi	DEBUG	startup
2021-03-20 07:20:00,300 - MainProcess[log-interceptor-1] - selenium_firefox     - DEBUG   : BROWSER 1: driver: 1616250000054	addons.xpi	INFO	Mapping @openwpm to /var/folders/dk/3yxy72jj5j7flsn_p3dwxyz80000gn/T/rust_mozprofile.53zBpcbQjns3/extensions/@openwpm
2021-03-20 07:20:00,300 - MainProcess[log-interceptor-1] - selenium_firefox     - DEBUG   : BROWSER 1: driver: 1616250000054	addons.xpi	INFO	SystemAddonInstallLocation directory is missing
2021-03-20 07:20:00,300 - MainProcess[log-interceptor-1] - selenium_firefox     - DEBUG   : BROWSER 1: driver: 1616250000056	addons.xpi	INFO	Mapping webcompat@mozilla.org to /Users/rayngan/Desktop/FPResearch/OpenWPM/Firefox.app/Contents/Resources/browser/features/webcompat@mozilla.org.xpi
2021-03-20 07:20:00,300 - MainProcess[log-interceptor-1] - selenium_firefox     - DEBUG   : BROWSER 1: driver: 1616250000056	addons.xpi	INFO	Mapping firefox@getpocket.com to /Users/rayngan/Desktop/FPResearch/OpenWPM/Firefox.app/Contents/Resources/browser/features/firefox@getpocket.com.xpi
2021-03-20 07:20:00,300 - MainProcess[log-interceptor-1] - selenium_firefox     - DEBUG   : BROWSER 1: driver: 1616250000056	addons.xpi	INFO	Mapping aushelper@mozilla.org to /Users/rayngan/Desktop/FPResearch/OpenWPM/Firefox.app/Contents/Resources/browser/features/aushelper@mozilla.org.xpi
2021-03-20 07:20:00,300 - MainProcess[log-interceptor-1] - selenium_firefox     - DEBUG   : BROWSER 1: driver: 1616250000058	addons.xpi	INFO	Mapping e10srollout@mozilla.org to /Users/rayngan/Desktop/FPResearch/OpenWPM/Firefox.app/Contents/Resources/browser/features/e10srollout@mozilla.org.xpi
2021-03-20 07:20:00,300 - MainProcess[log-interceptor-1] - selenium_firefox     - DEBUG   : BROWSER 1: driver: 1616250000058	addons.xpi	INFO	Mapping {972ce4c6-7e08-4474-a285-3208198ce6fd} to /Users/rayngan/Desktop/FPResearch/OpenWPM/Firefox.app/Contents/Resources/browser/extensions/{972ce4c6-7e08-4474-a285-3208198ce6fd}.xpi
2021-03-20 07:20:00,300 - MainProcess[log-interceptor-1] - selenium_firefox     - DEBUG   : BROWSER 1: driver: 1616250000058	addons.xpi	DEBUG	checkForChanges
2021-03-20 07:20:00,301 - MainProcess[log-interceptor-1] - selenium_firefox     - DEBUG   : BROWSER 1: driver: 1616250000060	addons.xpi	INFO	SystemAddonInstallLocation directory is missing
2021-03-20 07:20:00,301 - MainProcess[log-interceptor-1] - selenium_firefox     - DEBUG   : BROWSER 1: driver: 1616250000060	addons.xpi	DEBUG	Loaded add-on state from prefs: {}
2021-03-20 07:20:00,301 - MainProcess[log-interceptor-1] - selenium_firefox     - DEBUG   : BROWSER 1: driver: 1616250000060	addons.xpi	DEBUG	New add-on @openwpm in app-profile
2021-03-20 07:20:00,301 - MainProcess[log-interceptor-1] - selenium_firefox     - DEBUG   : BROWSER 1: driver: 1616250000062	addons.xpi	DEBUG	getModTime: Recursive scan of @openwpm
2021-03-20 07:20:00,301 - MainProcess[log-interceptor-1] - selenium_firefox     - DEBUG   : BROWSER 1: driver: 1616250000064	addons.xpi	DEBUG	New add-on webcompat@mozilla.org in app-system-defaults
2021-03-20 07:20:00,301 - MainProcess[log-interceptor-1] - selenium_firefox     - DEBUG   : BROWSER 1: driver: 1616250000066	addons.xpi	DEBUG	getModTime: Recursive scan of webcompat@mozilla.org
2021-03-20 07:20:00,301 - MainProcess[log-interceptor-1] - selenium_firefox     - DEBUG   : BROWSER 1: driver: 1616250000066	addons.xpi	DEBUG	New add-on firefox@getpocket.com in app-system-defaults
2021-03-20 07:20:00,301 - MainProcess[log-interceptor-1] - selenium_firefox     - DEBUG   : BROWSER 1: driver: 1616250000066	addons.xpi	DEBUG	getModTime: Recursive scan of firefox@getpocket.com
2021-03-20 07:20:00,301 - MainProcess[log-interceptor-1] - selenium_firefox     - DEBUG   : BROWSER 1: driver: 1616250000066	addons.xpi	DEBUG	New add-on aushelper@mozilla.org in app-system-defaults
2021-03-20 07:20:00,301 - MainProcess[log-interceptor-1] - selenium_firefox     - DEBUG   : BROWSER 1: driver: 1616250000068	addons.xpi	DEBUG	getModTime: Recursive scan of aushelper@mozilla.org
2021-03-20 07:20:00,301 - MainProcess[log-interceptor-1] - selenium_firefox     - DEBUG   : BROWSER 1: driver: 1616250000068	addons.xpi	DEBUG	New add-on e10srollout@mozilla.org in app-system-defaults
2021-03-20 07:20:00,301 - MainProcess[log-interceptor-1] - selenium_firefox     - DEBUG   : BROWSER 1: driver: 1616250000068	addons.xpi	DEBUG	getModTime: Recursive scan of e10srollout@mozilla.org
2021-03-20 07:20:00,302 - MainProcess[log-interceptor-1] - selenium_firefox     - DEBUG   : BROWSER 1: driver: 1616250000068	addons.xpi	DEBUG	New add-on {972ce4c6-7e08-4474-a285-3208198ce6fd} in app-global
2021-03-20 07:20:00,302 - MainProcess[log-interceptor-1] - selenium_firefox     - DEBUG   : BROWSER 1: driver: 1616250000068	addons.xpi	DEBUG	getModTime: Recursive scan of {972ce4c6-7e08-4474-a285-3208198ce6fd}
2021-03-20 07:20:00,302 - MainProcess[log-interceptor-1] - selenium_firefox     - DEBUG   : BROWSER 1: driver: 1616250000070	addons.xpi	DEBUG	getInstallState changed: true, state: {"app-profile":{"@openwpm":{"d":"/var/folders/dk/3yxy72jj5j7flsn_p3dwxyz80000gn/T/rust_mozprofile.53zBpcbQjns3/extensions/@openwpm","st":1616249999488,"mt":1616249999483}},"app-system-defaults":{"webcompat@mozilla.org":{"d":"/Users/rayngan/Desktop/FPResearch/OpenWPM/Firefox.app/Contents/Resources/browser/features/webcompat@mozilla.org.xpi","st":1615228600950},"firefox@getpocket.com":{"d":"/Users/rayngan/Desktop/FPResearch/OpenWPM/Firefox.app/Contents/Resources/browser/features/firefox@getpocket.com.xpi","st":1615228600950},"aushelper@mozilla.org":{"d":"/Users/rayngan/Desktop/FPResearch/OpenWPM/Firefox.app/Contents/Resources/browser/features/aushelper@mozilla.org.xpi","st":1615228600925},"e10srollout@mozilla.org":{"d":"/Users/rayngan/Desktop/FPResearch/OpenWPM/Firefox.app/Contents/Resources/browser/features/e10srollout@mozilla.org.xpi","st":1615228600925}},"app-global":{"{972ce4c6-7e08-4474-a285-3208198ce6fd}":{"d":"/Users/rayngan/Desktop/FPResearch/OpenWPM/Firefox.app/Contents/Resources/browser/extensions/{972ce4c6-7e08-4474-a285-3208198ce6fd}.xpi","st":1615228600924}}}
2021-03-20 07:20:00,302 - MainProcess[log-interceptor-1] - selenium_firefox     - DEBUG   : BROWSER 1: driver: 1616250000080	addons.xpi-utils	DEBUG	Opening XPI database /var/folders/dk/3yxy72jj5j7flsn_p3dwxyz80000gn/T/rust_mozprofile.53zBpcbQjns3/extensions.json
2021-03-20 07:20:00,302 - MainProcess[log-interceptor-1] - selenium_firefox     - DEBUG   : BROWSER 1: driver: 1616250000080	addons.xpi-utils	DEBUG	New add-on @openwpm installed in app-profile
2021-03-20 07:20:00,302 - MainProcess[log-interceptor-1] - selenium_firefox     - DEBUG   : BROWSER 1: driver: *** Blocklist::_loadBlocklistFromFile: blocklist is disabled
2021-03-20 07:20:00,302 - MainProcess[log-interceptor-1] - selenium_firefox     - DEBUG   : BROWSER 1: driver: 1616250000112	DeferredSave.extensions.json	DEBUG	Save changes
2021-03-20 07:20:00,302 - MainProcess[log-interceptor-1] - selenium_firefox     - DEBUG   : BROWSER 1: driver: 1616250000112	addons.xpi-utils	DEBUG	New add-on webcompat@mozilla.org installed in app-system-defaults
2021-03-20 07:20:00,302 - MainProcess[log-interceptor-1] - selenium_firefox     - DEBUG   : BROWSER 1: driver: 1616250000116	DeferredSave.extensions.json	DEBUG	Starting timer
2021-03-20 07:20:00,302 - MainProcess[log-interceptor-1] - selenium_firefox     - DEBUG   : BROWSER 1: driver: 1616250000118	DeferredSave.extensions.json	DEBUG	Save changes
2021-03-20 07:20:00,302 - MainProcess[log-interceptor-1] - selenium_firefox     - DEBUG   : BROWSER 1: driver: 1616250000118	addons.xpi-utils	DEBUG	New add-on firefox@getpocket.com installed in app-system-defaults
2021-03-20 07:20:00,303 - MainProcess[log-interceptor-1] - selenium_firefox     - DEBUG   : BROWSER 1: driver: 1616250000140	DeferredSave.extensions.json	DEBUG	Save changes
2021-03-20 07:20:00,303 - MainProcess[log-interceptor-1] - selenium_firefox     - DEBUG   : BROWSER 1: driver: 1616250000140	addons.xpi-utils	DEBUG	New add-on aushelper@mozilla.org installed in app-system-defaults
2021-03-20 07:20:00,303 - MainProcess[log-interceptor-1] - selenium_firefox     - DEBUG   : BROWSER 1: driver: 1616250000152	DeferredSave.extensions.json	DEBUG	Save changes
2021-03-20 07:20:00,303 - MainProcess[log-interceptor-1] - selenium_firefox     - DEBUG   : BROWSER 1: driver: 1616250000152	addons.xpi-utils	DEBUG	New add-on e10srollout@mozilla.org installed in app-system-defaults
2021-03-20 07:20:00,303 - MainProcess[log-interceptor-1] - selenium_firefox     - DEBUG   : BROWSER 1: driver: 1616250000172	DeferredSave.extensions.json	DEBUG	Starting write
2021-03-20 07:20:00,303 - MainProcess[log-interceptor-1] - selenium_firefox     - DEBUG   : BROWSER 1: driver: 1616250000178	DeferredSave.extensions.json	DEBUG	Save changes
2021-03-20 07:20:00,303 - MainProcess[log-interceptor-1] - selenium_firefox     - DEBUG   : BROWSER 1: driver: 1616250000178	DeferredSave.extensions.json	DEBUG	Data changed while write in progress
2021-03-20 07:20:00,303 - MainProcess[log-interceptor-1] - selenium_firefox     - DEBUG   : BROWSER 1: driver: 1616250000178	addons.xpi-utils	DEBUG	New add-on {972ce4c6-7e08-4474-a285-3208198ce6fd} installed in app-global
2021-03-20 07:20:00,303 - MainProcess[log-interceptor-1] - selenium_firefox     - DEBUG   : BROWSER 1: driver: 1616250000186	DeferredSave.extensions.json	DEBUG	Save changes
2021-03-20 07:20:00,303 - MainProcess[log-interceptor-1] - selenium_firefox     - DEBUG   : BROWSER 1: driver: 1616250000186	addons.manager	DEBUG	Registering startup change 'installed' for @openwpm
2021-03-20 07:20:00,303 - MainProcess[log-interceptor-1] - selenium_firefox     - DEBUG   : BROWSER 1: driver: 1616250000186	addons.manager	DEBUG	Registering startup change 'installed' for @openwpm
2021-03-20 07:20:00,304 - MainProcess[log-interceptor-1] - selenium_firefox     - DEBUG   : BROWSER 1: driver: 1616250000204	addons.xpi	DEBUG	Loading bootstrap scope from /var/folders/dk/3yxy72jj5j7flsn_p3dwxyz80000gn/T/rust_mozprofile.53zBpcbQjns3/extensions/@openwpm
2021-03-20 07:20:00,304 - MainProcess[log-interceptor-1] - selenium_firefox     - DEBUG   : BROWSER 1: driver: 1616250000278	addons.xpi	DEBUG	Calling bootstrap method install on @openwpm version 0.0.1
2021-03-20 07:20:00,304 - MainProcess[log-interceptor-1] - selenium_firefox     - DEBUG   : BROWSER 1: driver: 1616250000278	addons.xpi-utils	DEBUG	Make addon app-profile:@openwpm visible
2021-03-20 07:20:00,304 - MainProcess[log-interceptor-1] - selenium_firefox     - DEBUG   : BROWSER 1: driver: 1616250000286	addons.xpi	DEBUG	Add-on @openwpm blocks e10s rollout.
2021-03-20 07:20:00,304 - MainProcess[log-interceptor-1] - selenium_firefox     - DEBUG   : BROWSER 1: driver: 1616250000286	DeferredSave.extensions.json	DEBUG	Save changes
2021-03-20 07:20:00,304 - MainProcess[log-interceptor-1] - selenium_firefox     - DEBUG   : BROWSER 1: driver: 1616250000286	addons.manager	DEBUG	Registering startup change 'installed' for webcompat@mozilla.org
2021-03-20 07:20:00,304 - MainProcess[log-interceptor-1] - selenium_firefox     - DEBUG   : BROWSER 1: driver: 1616250000286	addons.xpi	DEBUG	Loading bootstrap scope from /Users/rayngan/Desktop/FPResearch/OpenWPM/Firefox.app/Contents/Resources/browser/features/webcompat@mozilla.org.xpi
2021-03-20 07:20:00,304 - MainProcess[log-interceptor-1] - selenium_firefox     - DEBUG   : BROWSER 1: driver: 1616250000288	addons.xpi	DEBUG	Calling bootstrap method install on webcompat@mozilla.org version 1.0
2021-03-20 07:20:00,304 - MainProcess[log-interceptor-1] - selenium_firefox     - DEBUG   : BROWSER 1: driver: 1616250000288	addons.xpi-utils	DEBUG	Make addon app-system-defaults:webcompat@mozilla.org visible
2021-03-20 07:20:00,304 - MainProcess[log-interceptor-1] - selenium_firefox     - DEBUG   : BROWSER 1: driver: 1616250000288	addons.xpi	DEBUG	Add-on @openwpm blocks e10s rollout.
2021-03-20 07:20:00,304 - MainProcess[log-interceptor-1] - selenium_firefox     - DEBUG   : BROWSER 1: driver: 1616250000288	DeferredSave.extensions.json	DEBUG	Save changes
2021-03-20 07:20:00,304 - MainProcess[log-interceptor-1] - selenium_firefox     - DEBUG   : BROWSER 1: driver: 1616250000288	addons.manager	DEBUG	Registering startup change 'installed' for firefox@getpocket.com
2021-03-20 07:20:00,305 - MainProcess[log-interceptor-1] - selenium_firefox     - DEBUG   : BROWSER 1: driver: 1616250000290	addons.xpi	DEBUG	Loading bootstrap scope from /Users/rayngan/Desktop/FPResearch/OpenWPM/Firefox.app/Contents/Resources/browser/features/firefox@getpocket.com.xpi
2021-03-20 07:20:00,305 - MainProcess[log-interceptor-1] - selenium_firefox     - DEBUG   : BROWSER 1: driver: 1616250000294	addons.xpi	DEBUG	Calling bootstrap method install on firefox@getpocket.com version 1.0.5
2021-03-20 07:20:00,305 - MainProcess[log-interceptor-1] - selenium_firefox     - DEBUG   : BROWSER 1: driver: 1616250000294	addons.xpi-utils	DEBUG	Make addon app-system-defaults:firefox@getpocket.com visible
2021-03-20 07:20:00,305 - MainProcess[log-interceptor-1] - selenium_firefox     - DEBUG   : BROWSER 1: driver: 1616250000294	addons.xpi	DEBUG	Add-on @openwpm blocks e10s rollout.
2021-03-20 07:20:00,305 - MainProcess[log-interceptor-1] - selenium_firefox     - DEBUG   : BROWSER 1: driver: 1616250000294	DeferredSave.extensions.json	DEBUG	Save changes
2021-03-20 07:20:00,305 - MainProcess[log-interceptor-1] - selenium_firefox     - DEBUG   : BROWSER 1: driver: 1616250000294	addons.manager	DEBUG	Registering startup change 'installed' for aushelper@mozilla.org
2021-03-20 07:20:00,305 - MainProcess[log-interceptor-1] - selenium_firefox     - DEBUG   : BROWSER 1: driver: 1616250000294	addons.xpi	DEBUG	Loading bootstrap scope from /Users/rayngan/Desktop/FPResearch/OpenWPM/Firefox.app/Contents/Resources/browser/features/aushelper@mozilla.org.xpi
2021-03-20 07:20:00,322 - MainProcess[log-interceptor-1] - selenium_firefox     - DEBUG   : BROWSER 1: driver: 1616250000298	addons.xpi	DEBUG	Calling bootstrap method install on aushelper@mozilla.org version 2.0
2021-03-20 07:20:00,322 - MainProcess[log-interceptor-1] - selenium_firefox     - DEBUG   : BROWSER 1: driver: 1616250000298	addons.xpi-utils	DEBUG	Make addon app-system-defaults:aushelper@mozilla.org visible
2021-03-20 07:20:00,322 - MainProcess[log-interceptor-1] - selenium_firefox     - DEBUG   : BROWSER 1: driver: 1616250000298	addons.xpi	DEBUG	Add-on @openwpm blocks e10s rollout.
2021-03-20 07:20:00,322 - MainProcess[log-interceptor-1] - selenium_firefox     - DEBUG   : BROWSER 1: driver: 1616250000298	DeferredSave.extensions.json	DEBUG	Save changes
2021-03-20 07:20:00,322 - MainProcess[log-interceptor-1] - selenium_firefox     - DEBUG   : BROWSER 1: driver: 1616250000298	addons.manager	DEBUG	Registering startup change 'installed' for e10srollout@mozilla.org
2021-03-20 07:20:00,323 - MainProcess[log-interceptor-1] - selenium_firefox     - DEBUG   : BROWSER 1: driver: 1616250000298	addons.xpi	DEBUG	Loading bootstrap scope from /Users/rayngan/Desktop/FPResearch/OpenWPM/Firefox.app/Contents/Resources/browser/features/e10srollout@mozilla.org.xpi
2021-03-20 07:20:00,323 - MainProcess[log-interceptor-1] - selenium_firefox     - DEBUG   : BROWSER 1: driver: 1616250000300	addons.xpi	DEBUG	Calling bootstrap method install on e10srollout@mozilla.org version 1.10
2021-03-20 07:20:00,323 - MainProcess[log-interceptor-1] - selenium_firefox     - DEBUG   : BROWSER 1: driver: 1616250000300	addons.xpi	DEBUG	Add-on @openwpm blocks e10s rollout.
2021-03-20 07:20:00,323 - MainProcess[log-interceptor-1] - selenium_firefox     - DEBUG   : BROWSER 1: driver: 1616250000302	addons.xpi	DEBUG	Add-on @openwpm blocks e10s rollout.
2021-03-20 07:20:00,323 - MainProcess[log-interceptor-1] - selenium_firefox     - DEBUG   : BROWSER 1: driver: 1616250000302	addons.xpi-utils	DEBUG	Make addon app-system-defaults:e10srollout@mozilla.org visible
2021-03-20 07:20:00,323 - MainProcess[log-interceptor-1] - selenium_firefox     - DEBUG   : BROWSER 1: driver: 1616250000302	addons.xpi	DEBUG	Add-on @openwpm blocks e10s rollout.
2021-03-20 07:20:00,323 - MainProcess[log-interceptor-1] - selenium_firefox     - DEBUG   : BROWSER 1: driver: 1616250000302	DeferredSave.extensions.json	DEBUG	Save changes
2021-03-20 07:20:00,323 - MainProcess[log-interceptor-1] - selenium_firefox     - DEBUG   : BROWSER 1: driver: 1616250000302	addons.xpi-utils	DEBUG	Make addon app-global:{972ce4c6-7e08-4474-a285-3208198ce6fd} visible
2021-03-20 07:20:00,323 - MainProcess[log-interceptor-1] - selenium_firefox     - DEBUG   : BROWSER 1: driver: 1616250000302	addons.xpi	DEBUG	Add-on @openwpm blocks e10s rollout.
2021-03-20 07:20:00,324 - MainProcess[log-interceptor-1] - selenium_firefox     - DEBUG   : BROWSER 1: driver: 1616250000302	DeferredSave.extensions.json	DEBUG	Save changes
2021-03-20 07:20:00,324 - MainProcess[log-interceptor-1] - selenium_firefox     - DEBUG   : BROWSER 1: driver: 1616250000304	addons.xpi	DEBUG	Updating XPIState for {"id":"@openwpm","syncGUID":"{9b5ba126-3a80-a949-b7cc-6e0f55f5a35a}","location":"app-profile","version":"0.0.1","type":"extension","internalName":null,"updateURL":null,"updateKey":null,"optionsURL":null,"optionsType":null,"aboutURL":null,"icons":{},"iconURL":null,"icon64URL":null,"defaultLocale":{"name":"openwpm","description":"Extension with socket interface into OpenWPM","creator":"Steven Englehardt","homepageURL":null},"visible":true,"active":true,"userDisabled":false,"appDisabled":false,"descriptor":"/var/folders/dk/3yxy72jj5j7flsn_p3dwxyz80000gn/T/rust_mozprofile.53zBpcbQjns3/extensions/@openwpm","installDate":1616249999488,"updateDate":1616249999488,"applyBackgroundUpdates":1,"bootstrap":true,"skinnable":false,"size":102064,"sourceURI":null,"releaseNotesURI":null,"softDisabled":false,"foreignInstall":true,"hasBinaryComponents":false,"strictCompatibility":false,"locales":[],"targetApplications":[{"id":"{ec8030f7-c20a-464f-9b0e-13a3a9e97384}","minVersion":"38.0a1","maxVersion":"*"}],"targetPlatforms":[],"multiprocessCompatible":false,"signedState":0,"seen":true,"dependencies":[],"hasEmbeddedWebExtension":false,"mpcOptedOut":false}
2021-03-20 07:20:00,324 - MainProcess[log-interceptor-1] - selenium_firefox     - DEBUG   : BROWSER 1: driver: 1616250000304	addons.xpi	DEBUG	getModTime: Recursive scan of @openwpm
2021-03-20 07:20:00,324 - MainProcess[log-interceptor-1] - selenium_firefox     - DEBUG   : BROWSER 1: driver: 1616250000306	addons.xpi	DEBUG	Updating XPIState for {"id":"webcompat@mozilla.org","syncGUID":"{286d4d52-ab71-334c-bc56-9e163e045514}","location":"app-system-defaults","version":"1.0","type":"extension","internalName":null,"updateURL":null,"updateKey":null,"optionsURL":null,"optionsType":null,"aboutURL":null,"icons":{},"iconURL":null,"icon64URL":null,"defaultLocale":{"name":"Web Compat","description":"Urgent post-release fixes for web compatibility.","creator":null,"homepageURL":null},"visible":true,"active":true,"userDisabled":false,"appDisabled":false,"descriptor":"/Users/rayngan/Desktop/FPResearch/OpenWPM/Firefox.app/Contents/Resources/browser/features/webcompat@mozilla.org.xpi","installDate":1615228600950,"updateDate":1615228600950,"applyBackgroundUpdates":1,"bootstrap":true,"skinnable":false,"size":1456,"sourceURI":null,"releaseNotesURI":null,"softDisabled":false,"foreignInstall":false,"hasBinaryComponents":false,"strictCompatibility":false,"locales":[],"targetApplications":[{"id":"{ec8030f7-c20a-464f-9b0e-13a3a9e97384}","minVersion":"52.9.0","maxVersion":"52.*"}],"targetPlatforms":[],"multiprocessCompatible":true,"seen":true,"dependencies":[],"hasEmbeddedWebExtension":false,"mpcOptedOut":false}
2021-03-20 07:20:00,324 - MainProcess[log-interceptor-1] - selenium_firefox     - DEBUG   : BROWSER 1: driver: 1616250000306	addons.xpi	DEBUG	getModTime: Recursive scan of webcompat@mozilla.org
2021-03-20 07:20:00,324 - MainProcess[log-interceptor-1] - selenium_firefox     - DEBUG   : BROWSER 1: driver: 1616250000306	addons.xpi	DEBUG	Updating XPIState for {"id":"firefox@getpocket.com","syncGUID":"{dc94546f-9b5e-e44d-b5cc-bc23edb62443}","location":"app-system-defaults","version":"1.0.5","type":"extension","internalName":null,"updateURL":null,"updateKey":null,"optionsURL":null,"optionsType":null,"aboutURL":null,"icons":{},"iconURL":null,"icon64URL":null,"defaultLocale":{"name":"Pocket","description":"When you find something you want to view later, put it in Pocket.","creator":null,"homepageURL":null},"visible":true,"active":true,"userDisabled":false,"appDisabled":false,"descriptor":"/Users/rayngan/Desktop/FPResearch/OpenWPM/Firefox.app/Contents/Resources/browser/features/firefox@getpocket.com.xpi","installDate":1615228600950,"updateDate":1615228600950,"applyBackgroundUpdates":1,"bootstrap":true,"skinnable":false,"size":920281,"sourceURI":null,"releaseNotesURI":null,"softDisabled":false,"foreignInstall":false,"hasBinaryComponents":false,"strictCompatibility":false,"locales":[],"targetApplications":[{"id":"{ec8030f7-c20a-464f-9b0e-13a3a9e97384}","minVersion":"52.9.0","maxVersion":"52.*"}],"targetPlatforms":[],"multiprocessCompatible":true,"seen":true,"dependencies":[],"hasEmbeddedWebExtension":false,"mpcOptedOut":false}
2021-03-20 07:20:00,324 - MainProcess[log-interceptor-1] - selenium_firefox     - DEBUG   : BROWSER 1: driver: 1616250000306	addons.xpi	DEBUG	getModTime: Recursive scan of firefox@getpocket.com
2021-03-20 07:20:00,324 - MainProcess[log-interceptor-1] - selenium_firefox     - DEBUG   : BROWSER 1: driver: 1616250000306	addons.xpi	DEBUG	Updating XPIState for {"id":"aushelper@mozilla.org","syncGUID":"{62725397-c568-eb48-abcb-0b1afbf4adcc}","location":"app-system-defaults","version":"2.0","type":"extension","internalName":null,"updateURL":null,"updateKey":null,"optionsURL":null,"optionsType":null,"aboutURL":null,"icons":{},"iconURL":null,"icon64URL":null,"defaultLocale":{"name":"Application Update Service Helper","description":"Sets value(s) in the update url based on custom checks.","creator":null,"homepageURL":null},"visible":true,"active":true,"userDisabled":false,"appDisabled":false,"descriptor":"/Users/rayngan/Desktop/FPResearch/OpenWPM/Firefox.app/Contents/Resources/browser/features/aushelper@mozilla.org.xpi","installDate":1615228600925,"updateDate":1615228600925,"applyBackgroundUpdates":1,"bootstrap":true,"skinnable":false,"size":8488,"sourceURI":null,"releaseNotesURI":null,"softDisabled":false,"foreignInstall":false,"hasBinaryComponents":false,"strictCompatibility":false,"locales":[],"targetApplications":[{"id":"{ec8030f7-c20a-464f-9b0e-13a3a9e97384}","minVersion":"52.9.0","maxVersion":"52.*"}],"targetPlatforms":[],"multiprocessCompatible":true,"seen":true,"dependencies":[],"hasEmbeddedWebExtension":false,"mpcOptedOut":false}
2021-03-20 07:20:00,324 - MainProcess[log-interceptor-1] - selenium_firefox     - DEBUG   : BROWSER 1: driver: 1616250000306	addons.xpi	DEBUG	getModTime: Recursive scan of aushelper@mozilla.org
2021-03-20 07:20:00,325 - MainProcess[log-interceptor-1] - selenium_firefox     - DEBUG   : BROWSER 1: driver: 1616250000306	addons.xpi	DEBUG	Updating XPIState for {"id":"e10srollout@mozilla.org","syncGUID":"{3293e904-03da-e143-831e-565de0105ec2}","location":"app-system-defaults","version":"1.10","type":"extension","internalName":null,"updateURL":null,"updateKey":null,"optionsURL":null,"optionsType":null,"aboutURL":null,"icons":{},"iconURL":null,"icon64URL":null,"defaultLocale":{"name":"Multi-process staged rollout","description":"Staged rollout of Firefox multi-process feature.","creator":null,"homepageURL":null},"visible":true,"active":true,"userDisabled":false,"appDisabled":false,"descriptor":"/Users/rayngan/Desktop/FPResearch/OpenWPM/Firefox.app/Contents/Resources/browser/features/e10srollout@mozilla.org.xpi","installDate":1615228600925,"updateDate":1615228600925,"applyBackgroundUpdates":1,"bootstrap":true,"skinnable":false,"size":8145,"sourceURI":null,"releaseNotesURI":null,"softDisabled":false,"foreignInstall":false,"hasBinaryComponents":false,"strictCompatibility":false,"locales":[],"targetApplications":[{"id":"{ec8030f7-c20a-464f-9b0e-13a3a9e97384}","minVersion":"52.9.0","maxVersion":"52.*"}],"targetPlatforms":[],"multiprocessCompatible":true,"seen":true,"dependencies":[],"hasEmbeddedWebExtension":false,"mpcOptedOut":false}
2021-03-20 07:20:00,325 - MainProcess[log-interceptor-1] - selenium_firefox     - DEBUG   : BROWSER 1: driver: 1616250000306	addons.xpi	DEBUG	getModTime: Recursive scan of e10srollout@mozilla.org
2021-03-20 07:20:00,325 - MainProcess[log-interceptor-1] - selenium_firefox     - DEBUG   : BROWSER 1: driver: 1616250000308	addons.xpi	DEBUG	Updating XPIState for {"id":"{972ce4c6-7e08-4474-a285-3208198ce6fd}","syncGUID":"{e855494d-0c43-384b-8153-8045c07de1b2}","location":"app-global","version":"52.9.0","type":"theme","internalName":"classic/1.0","updateURL":null,"updateKey":null,"optionsURL":null,"optionsType":null,"aboutURL":null,"icons":{"32":"icon.png","48":"icon.png"},"iconURL":null,"icon64URL":null,"defaultLocale":{"name":"Default","description":"The default theme.","creator":"Mozilla","homepageURL":null,"contributors":["Mozilla Contributors"]},"visible":true,"active":true,"userDisabled":false,"appDisabled":false,"descriptor":"/Users/rayngan/Desktop/FPResearch/OpenWPM/Firefox.app/Contents/Resources/browser/extensions/{972ce4c6-7e08-4474-a285-3208198ce6fd}.xpi","installDate":1615228600924,"updateDate":1615228600924,"applyBackgroundUpdates":1,"skinnable":true,"size":6352,"sourceURI":null,"releaseNotesURI":null,"softDisabled":false,"foreignInstall":false,"hasBinaryComponents":false,"strictCompatibility":true,"locales":[],"targetApplications":[{"id":"{ec8030f7-c20a-464f-9b0e-13a3a9e97384}","minVersion":"52.9.0","maxVersion":"52.9.0"}],"targetPlatforms":[],"seen":true,"dependencies":[],"hasEmbeddedWebExtension":false}
2021-03-20 07:20:00,325 - MainProcess[log-interceptor-1] - selenium_firefox     - DEBUG   : BROWSER 1: driver: 1616250000308	addons.xpi	DEBUG	getModTime: Recursive scan of {972ce4c6-7e08-4474-a285-3208198ce6fd}
2021-03-20 07:20:00,325 - MainProcess[log-interceptor-1] - selenium_firefox     - DEBUG   : BROWSER 1: driver: 1616250000308	addons.xpi	DEBUG	Add-on @openwpm blocks e10s rollout.
2021-03-20 07:20:00,325 - MainProcess[log-interceptor-1] - selenium_firefox     - DEBUG   : BROWSER 1: driver: 1616250000308	DeferredSave.extensions.json	DEBUG	Save changes
2021-03-20 07:20:00,325 - MainProcess[log-interceptor-1] - selenium_firefox     - DEBUG   : BROWSER 1: driver: 1616250000308	addons.xpi	DEBUG	Updating database with changes to installed add-ons
2021-03-20 07:20:00,325 - MainProcess[log-interceptor-1] - selenium_firefox     - DEBUG   : BROWSER 1: driver: 1616250000308	addons.xpi-utils	DEBUG	Updating add-on states
2021-03-20 07:20:00,325 - MainProcess[log-interceptor-1] - selenium_firefox     - DEBUG   : BROWSER 1: driver: 1616250000308	addons.xpi-utils	DEBUG	Writing add-ons list
2021-03-20 07:20:00,325 - MainProcess[log-interceptor-1] - selenium_firefox     - DEBUG   : BROWSER 1: driver: 1616250000312	addons.xpi	DEBUG	Registering manifest for /var/folders/dk/3yxy72jj5j7flsn_p3dwxyz80000gn/T/rust_mozprofile.53zBpcbQjns3/extensions/@openwpm
2021-03-20 07:20:00,326 - MainProcess[log-interceptor-1] - selenium_firefox     - DEBUG   : BROWSER 1: driver: 1616250000312	addons.xpi	DEBUG	Calling bootstrap method startup on @openwpm version 0.0.1
2021-03-20 07:20:00,326 - MainProcess[log-interceptor-1] - selenium_firefox     - DEBUG   : BROWSER 1: driver: 1616250000320	addons.xpi	DEBUG	Registering manifest for /Users/rayngan/Desktop/FPResearch/OpenWPM/Firefox.app/Contents/Resources/browser/features/aushelper@mozilla.org.xpi
2021-03-20 07:20:00,326 - MainProcess[log-interceptor-1] - selenium_firefox     - DEBUG   : BROWSER 1: driver: 1616250000320	addons.xpi	DEBUG	Calling bootstrap method startup on aushelper@mozilla.org version 2.0
2021-03-20 07:20:00,326 - MainProcess[log-interceptor-1] - selenium_firefox     - DEBUG   : BROWSER 1: driver: 1616250000320	addons.xpi	DEBUG	Registering manifest for /Users/rayngan/Desktop/FPResearch/OpenWPM/Firefox.app/Contents/Resources/browser/features/e10srollout@mozilla.org.xpi
2021-03-20 07:20:02,203 - MainProcess[MainThread] - BaseAggregator       - DEBUG   : Status update; current record queue size: 0
2021-03-20 07:20:04,907 - MainProcess[MainThread] - FirefoxExtension     - DEBUG   : Cookie instrumentation enabled
2021-03-20 07:20:04,972 - MainProcess[MainThread] - FirefoxExtension     - DEBUG   : Javascript instrumentation enabled
2021-03-20 07:20:04,973 - MainProcess[MainThread] - FirefoxExtension     - DEBUG   : HTTP Instrumentation enabled
2021-03-20 07:20:05,210 - MainProcess[MainThread] - BrowserManager       - DEBUG   : BROWSER 1: Looking for extension port information in /var/folders/dk/3yxy72jj5j7flsn_p3dwxyz80000gn/T/rust_mozprofile.53zBpcbQjns3/
2021-03-20 07:20:05,211 - MainProcess[MainThread] - BrowserManager       - DEBUG   : BROWSER 1: Connecting to extension on port 59265
2021-03-20 07:20:05,212 - MainProcess[MainThread] - BrowserManager       - DEBUG   : BROWSER 1: BrowserManager ready.
2021-03-20 07:20:05,213 - MainProcess[MainThread] - BrowserManager       - DEBUG   : BROWSER 1: Browser spawn sucessful!
2021-03-20 07:20:05,651 - MainProcess[MainThread] - TaskManager          - INFO    : 

OpenWPM Version: v0.8.0-289-g9e6234e
Firefox Version: 52.9.0

========== Manager Configuration ==========
{
  "aggregator_address": [
    "127.0.0.1",
    58155
  ],
  "data_directory": "/Users/rayngan/openWPM_data/clos_comp/simple/sqlite",
  "database_name": "/Users/rayngan/openWPM_data/clos_comp/simple/sqlite/crawl-data.sqlite",
  "failure_limit": null,
  "log_directory": "/Users/rayngan/openWPM_data/clos_comp/simple/log",
  "log_file": "/Users/rayngan/openWPM_data/clos_comp/simple/log/openwpm.log",
  "logger_address": [
    "127.0.0.1",
    58140
  ],
  "num_browsers": 1,
  "output_format": "local",
  "screenshot_path": "/Users/rayngan/openWPM_data/clos_comp/simple/sqlite/screenshots",
  "source_dump_path": "/Users/rayngan/openWPM_data/clos_comp/simple/sqlite/sources",
  "testing": false
}

========== Browser Configuration ==========
Keys:
{
  "crawl_id": 0,
  "adblock-plus": 1,
  "bot_mitigation": 2,
  "browser": 3,
  "caching_disabled": 4,
  "cookie_instrument": 5,
  "disable_flash": 6,
  "disconnect": 7,
  "donottrack": 8,
  "extension_enabled": 9,
  "ghostery": 10,
  "headless": 11,
  "http_instrument": 12,
  "https-everywhere": 13,
  "js_instrument": 14,
  "prefs": 15,
  "random_attributes": 16,
  "save_all_content": 17,
  "save_documents": 18,
  "save_javascript": 19,
  "tp_cookies": 20,
  "tracking-protection": 21,
  "ublock-origin": 22
}

  0  1      2      3        4     5     6      7      8      9     10     11     12    13     14    15    16     17     18    19    20      21     22
---  -----  -----  -------  ----  ----  -----  -----  -----  ----  -----  -----  ----  -----  ----  ----  -----  -----  ----  ----  ------  -----  -----
  1  False  False  firefox  True  True  False  False  False  True  False  False  True  False  True  {}    False  False  True  True  always  False  False

========== Input profile tar files ==========
  No profile tar files specified

========== Output (archive) profile dirs ==========
  No profile archive directories specified


2021-03-20 07:20:05,654 - MainProcess[MainThread] - TaskManager          - DEBUG   : Checking command failure status indicator...
2021-03-20 07:20:05,655 - MainProcess[MainThread] - BrowserManager       - DEBUG   : BROWSER 1: Joining command thread
2021-03-20 07:20:05,657 - MainProcess[MainThread] - BrowserManager       - INFO    : BROWSER 1: EXECUTING COMMAND: ('GET', 'https://hh.ru/', 5, 1)
2021-03-20 07:20:05,735 - MainProcess[MainThread] - FirefoxExtension     - DEBUG   : Visit Id: 1
2021-03-20 07:20:07,219 - MainProcess[MainThread] - BaseAggregator       - DEBUG   : Status update; current record queue size: 0
2021-03-20 07:20:12,054 - MainProcess[MainThread] - FirefoxExtension     - ERROR   : Error while retrieving additional channel information for URL: 
https://i.hh.ru/favicons/hh.ico?v=2015_03_17
 Error text:{}
2021-03-20 07:20:12,411 - MainProcess[MainThread] - BaseAggregator       - DEBUG   : Status update; current record queue size: 111
